C:\USERS\F11301BS\DROPBOX\TONY\FYP\NEWPROJECT\Q_COMBINE - HDONE\COPROCESSOR-QUERYSCHEDULER\COPROCESSOR\DEBUG\BINARYTHREADOP.OBJ
C:\USERS\F11301BS\DROPBOX\TONY\FYP\NEWPROJECT\Q_COMBINE - HDONE\COPROCESSOR-QUERYSCHEDULER\COPROCESSOR\DEBUG\COPROCESSOR.EXE.EMBED.MANIFEST.RES
C:\USERS\F11301BS\DROPBOX\TONY\FYP\NEWPROJECT\Q_COMBINE - HDONE\COPROCESSOR-QUERYSCHEDULER\COPROCESSOR\DEBUG\COPROCESSOR.EXE.INTERMEDIATE.MANIFEST
C:\USERS\F11301BS\DROPBOX\TONY\FYP\NEWPROJECT\Q_COMBINE - HDONE\COPROCESSOR-QUERYSCHEDULER\COPROCESSOR\DEBUG\COPROCESSORAPP.OBJ
C:\USERS\F11301BS\DROPBOX\TONY\FYP\NEWPROJECT\Q_COMBINE - HDONE\COPROCESSOR-QUERYSCHEDULER\COPROCESSOR\DEBUG\COPROCESSORTEST.OBJ
C:\USERS\F11301BS\DROPBOX\TONY\FYP\NEWPROJECT\Q_COMBINE - HDONE\COPROCESSOR-QUERYSCHEDULER\COPROCESSOR\DEBUG\DATABASE.OBJ
C:\USERS\F11301BS\DROPBOX\TONY\FYP\NEWPROJECT\Q_COMBINE - HDONE\COPROCESSOR-QUERYSCHEDULER\COPROCESSOR\DEBUG\DB.OBJ
C:\USERS\F11301BS\DROPBOX\TONY\FYP\NEWPROJECT\Q_COMBINE - HDONE\COPROCESSOR-QUERYSCHEDULER\COPROCESSOR\DEBUG\DYNAMICQUERYPROCESSOR.OBJ
C:\USERS\F11301BS\DROPBOX\TONY\FYP\NEWPROJECT\Q_COMBINE - HDONE\COPROCESSOR-QUERYSCHEDULER\COPROCESSOR\DEBUG\GROUPBYTHREADOP.OBJ
C:\USERS\F11301BS\DROPBOX\TONY\FYP\NEWPROJECT\Q_COMBINE - HDONE\COPROCESSOR-QUERYSCHEDULER\COPROCESSOR\DEBUG\HANDSHAKING.OBJ
C:\USERS\F11301BS\DROPBOX\TONY\FYP\NEWPROJECT\Q_COMBINE - HDONE\COPROCESSOR-QUERYSCHEDULER\COPROCESSOR\DEBUG\HELPER.OBJ
C:\USERS\F11301BS\DROPBOX\TONY\FYP\NEWPROJECT\Q_COMBINE - HDONE\COPROCESSOR-QUERYSCHEDULER\COPROCESSOR\DEBUG\PREDICATETREE.OBJ
C:\USERS\F11301BS\DROPBOX\TONY\FYP\NEWPROJECT\Q_COMBINE - HDONE\COPROCESSOR-QUERYSCHEDULER\COPROCESSOR\DEBUG\QP_UTILITY.OBJ
C:\USERS\F11301BS\DROPBOX\TONY\FYP\NEWPROJECT\Q_COMBINE - HDONE\COPROCESSOR-QUERYSCHEDULER\COPROCESSOR\DEBUG\QUERYPLANNODE.OBJ
C:\USERS\F11301BS\DROPBOX\TONY\FYP\NEWPROJECT\Q_COMBINE - HDONE\COPROCESSOR-QUERYSCHEDULER\COPROCESSOR\DEBUG\QUERYPLANTREE.OBJ
C:\USERS\F11301BS\DROPBOX\TONY\FYP\NEWPROJECT\Q_COMBINE - HDONE\COPROCESSOR-QUERYSCHEDULER\COPROCESSOR\DEBUG\SDKCOMMMON.OBJ
C:\USERS\F11301BS\DROPBOX\TONY\FYP\NEWPROJECT\Q_COMBINE - HDONE\COPROCESSOR-QUERYSCHEDULER\COPROCESSOR\DEBUG\SINGULARTHREADOP.OBJ
C:\USERS\F11301BS\DROPBOX\TONY\FYP\NEWPROJECT\Q_COMBINE - HDONE\COPROCESSOR-QUERYSCHEDULER\COPROCESSOR\DEBUG\SORTTHREADOP.OBJ
C:\USERS\F11301BS\DROPBOX\TONY\FYP\NEWPROJECT\Q_COMBINE - HDONE\COPROCESSOR-QUERYSCHEDULER\COPROCESSOR\DEBUG\THREADOP.OBJ
C:\USERS\F11301BS\DROPBOX\TONY\FYP\NEWPROJECT\Q_COMBINE - HDONE\COPROCESSOR-QUERYSCHEDULER\COPROCESSOR\DEBUG\UINTERFACE.OBJ
C:\USERS\F11301BS\DROPBOX\TONY\FYP\NEWPROJECT\Q_COMBINE - HDONE\COPROCESSOR-QUERYSCHEDULER\COPROCESSOR\DEBUG\VC100.PDB
C:\USERS\F11301BS\DROPBOX\TONY\FYP\NEWPROJECT\Q_COMBINE - HDONE\COPROCESSOR-QUERYSCHEDULER\DEBUG\COPROCESSOR.EXE
C:\USERS\F11301BS\DROPBOX\TONY\FYP\NEWPROJECT\Q_COMBINE - HDONE\COPROCESSOR-QUERYSCHEDULER\DEBUG\COPROCESSOR.ILK
C:\USERS\F11301BS\DROPBOX\TONY\FYP\NEWPROJECT\Q_COMBINE - HDONE\COPROCESSOR-QUERYSCHEDULER\DEBUG\COPROCESSOR.PDB
C:\USERS\F11301BS\DROPBOX\TONY\FYP\VLDBDEMO13-V2\EXPERIMENT\SOURCE\FINALTEST\QUERY\COPROCESSOR-QUERYSCHEDULER\COPROCESSOR\DEBUG\BINARYTHREADOP.OBJ
C:\Users\f11301bs\Dropbox\TONY\FYP\VLDBDemo13-v2\Experiment\Source\FinalTest\Query\CoProcessor-QueryScheduler\CoProcessor\Debug\cl.command.1.tlog
C:\Users\f11301bs\Dropbox\TONY\FYP\VLDBDemo13-v2\Experiment\Source\FinalTest\Query\CoProcessor-QueryScheduler\CoProcessor\Debug\CL.read.1.tlog
C:\Users\f11301bs\Dropbox\TONY\FYP\VLDBDemo13-v2\Experiment\Source\FinalTest\Query\CoProcessor-QueryScheduler\CoProcessor\Debug\CL.write.1.tlog
C:\Users\f11301bs\Dropbox\TONY\FYP\VLDBDemo13-v2\Experiment\Source\FinalTest\Query\CoProcessor-QueryScheduler\CoProcessor\Debug\CoProcessor.exe.embed.manifest
C:\USERS\F11301BS\DROPBOX\TONY\FYP\VLDBDEMO13-V2\EXPERIMENT\SOURCE\FINALTEST\QUERY\COPROCESSOR-QUERYSCHEDULER\COPROCESSOR\DEBUG\COPROCESSOR.EXE.EMBED.MANIFEST.RES
C:\Users\f11301bs\Dropbox\TONY\FYP\VLDBDemo13-v2\Experiment\Source\FinalTest\Query\CoProcessor-QueryScheduler\CoProcessor\Debug\CoProcessor.exe.intermediate.manifest
C:\Users\f11301bs\Dropbox\TONY\FYP\VLDBDemo13-v2\Experiment\Source\FinalTest\Query\CoProcessor-QueryScheduler\CoProcessor\Debug\CoProcessor.write.1.tlog
C:\Users\f11301bs\Dropbox\TONY\FYP\VLDBDemo13-v2\Experiment\Source\FinalTest\Query\CoProcessor-QueryScheduler\CoProcessor\Debug\CoProcessor_manifest.rc
C:\USERS\F11301BS\DROPBOX\TONY\FYP\VLDBDEMO13-V2\EXPERIMENT\SOURCE\FINALTEST\QUERY\COPROCESSOR-QUERYSCHEDULER\COPROCESSOR\DEBUG\COPROCESSORAPP.OBJ
C:\USERS\F11301BS\DROPBOX\TONY\FYP\VLDBDEMO13-V2\EXPERIMENT\SOURCE\FINALTEST\QUERY\COPROCESSOR-QUERYSCHEDULER\COPROCESSOR\DEBUG\COPROCESSORTEST.OBJ
C:\USERS\F11301BS\DROPBOX\TONY\FYP\VLDBDEMO13-V2\EXPERIMENT\SOURCE\FINALTEST\QUERY\COPROCESSOR-QUERYSCHEDULER\COPROCESSOR\DEBUG\DATABASE.OBJ
C:\USERS\F11301BS\DROPBOX\TONY\FYP\VLDBDEMO13-V2\EXPERIMENT\SOURCE\FINALTEST\QUERY\COPROCESSOR-QUERYSCHEDULER\COPROCESSOR\DEBUG\DB.OBJ
C:\USERS\F11301BS\DROPBOX\TONY\FYP\VLDBDEMO13-V2\EXPERIMENT\SOURCE\FINALTEST\QUERY\COPROCESSOR-QUERYSCHEDULER\COPROCESSOR\DEBUG\DYNAMICQUERYPROCESSOR.OBJ
C:\USERS\F11301BS\DROPBOX\TONY\FYP\VLDBDEMO13-V2\EXPERIMENT\SOURCE\FINALTEST\QUERY\COPROCESSOR-QUERYSCHEDULER\COPROCESSOR\DEBUG\GROUPBYTHREADOP.OBJ
C:\USERS\F11301BS\DROPBOX\TONY\FYP\VLDBDEMO13-V2\EXPERIMENT\SOURCE\FINALTEST\QUERY\COPROCESSOR-QUERYSCHEDULER\COPROCESSOR\DEBUG\HANDSHAKING.OBJ
C:\Users\f11301bs\Dropbox\TONY\FYP\VLDBDemo13-v2\Experiment\Source\FinalTest\Query\CoProcessor-QueryScheduler\CoProcessor\Debug\helper.obj
C:\Users\f11301bs\Dropbox\TONY\FYP\VLDBDemo13-v2\Experiment\Source\FinalTest\Query\CoProcessor-QueryScheduler\CoProcessor\Debug\link.10588.read.1.tlog
C:\Users\f11301bs\Dropbox\TONY\FYP\VLDBDemo13-v2\Experiment\Source\FinalTest\Query\CoProcessor-QueryScheduler\CoProcessor\Debug\link.10588.write.1.tlog
C:\Users\f11301bs\Dropbox\TONY\FYP\VLDBDemo13-v2\Experiment\Source\FinalTest\Query\CoProcessor-QueryScheduler\CoProcessor\Debug\link.10588-cvtres.read.1.tlog
C:\Users\f11301bs\Dropbox\TONY\FYP\VLDBDemo13-v2\Experiment\Source\FinalTest\Query\CoProcessor-QueryScheduler\CoProcessor\Debug\link.10588-cvtres.write.1.tlog
C:\Users\f11301bs\Dropbox\TONY\FYP\VLDBDemo13-v2\Experiment\Source\FinalTest\Query\CoProcessor-QueryScheduler\CoProcessor\Debug\link.10880.read.1.tlog
C:\Users\f11301bs\Dropbox\TONY\FYP\VLDBDemo13-v2\Experiment\Source\FinalTest\Query\CoProcessor-QueryScheduler\CoProcessor\Debug\link.10880.write.1.tlog
C:\Users\f11301bs\Dropbox\TONY\FYP\VLDBDemo13-v2\Experiment\Source\FinalTest\Query\CoProcessor-QueryScheduler\CoProcessor\Debug\link.10880-cvtres.read.1.tlog
C:\Users\f11301bs\Dropbox\TONY\FYP\VLDBDemo13-v2\Experiment\Source\FinalTest\Query\CoProcessor-QueryScheduler\CoProcessor\Debug\link.10880-cvtres.write.1.tlog
C:\Users\f11301bs\Dropbox\TONY\FYP\VLDBDemo13-v2\Experiment\Source\FinalTest\Query\CoProcessor-QueryScheduler\CoProcessor\Debug\link.11152.read.1.tlog
C:\Users\f11301bs\Dropbox\TONY\FYP\VLDBDemo13-v2\Experiment\Source\FinalTest\Query\CoProcessor-QueryScheduler\CoProcessor\Debug\link.11152.write.1.tlog
C:\Users\f11301bs\Dropbox\TONY\FYP\VLDBDemo13-v2\Experiment\Source\FinalTest\Query\CoProcessor-QueryScheduler\CoProcessor\Debug\link.11152-cvtres.read.1.tlog
C:\Users\f11301bs\Dropbox\TONY\FYP\VLDBDemo13-v2\Experiment\Source\FinalTest\Query\CoProcessor-QueryScheduler\CoProcessor\Debug\link.11152-cvtres.write.1.tlog
C:\Users\f11301bs\Dropbox\TONY\FYP\VLDBDemo13-v2\Experiment\Source\FinalTest\Query\CoProcessor-QueryScheduler\CoProcessor\Debug\link.11600.read.1.tlog
C:\Users\f11301bs\Dropbox\TONY\FYP\VLDBDemo13-v2\Experiment\Source\FinalTest\Query\CoProcessor-QueryScheduler\CoProcessor\Debug\link.11600.write.1.tlog
C:\Users\f11301bs\Dropbox\TONY\FYP\VLDBDemo13-v2\Experiment\Source\FinalTest\Query\CoProcessor-QueryScheduler\CoProcessor\Debug\link.11600-cvtres.read.1.tlog
C:\Users\f11301bs\Dropbox\TONY\FYP\VLDBDemo13-v2\Experiment\Source\FinalTest\Query\CoProcessor-QueryScheduler\CoProcessor\Debug\link.11600-cvtres.write.1.tlog
C:\Users\f11301bs\Dropbox\TONY\FYP\VLDBDemo13-v2\Experiment\Source\FinalTest\Query\CoProcessor-QueryScheduler\CoProcessor\Debug\link.11660.read.1.tlog
C:\Users\f11301bs\Dropbox\TONY\FYP\VLDBDemo13-v2\Experiment\Source\FinalTest\Query\CoProcessor-QueryScheduler\CoProcessor\Debug\link.11660.write.1.tlog
C:\Users\f11301bs\Dropbox\TONY\FYP\VLDBDemo13-v2\Experiment\Source\FinalTest\Query\CoProcessor-QueryScheduler\CoProcessor\Debug\link.12212.11828.read.1.tlog
C:\Users\f11301bs\Dropbox\TONY\FYP\VLDBDemo13-v2\Experiment\Source\FinalTest\Query\CoProcessor-QueryScheduler\CoProcessor\Debug\link.12212.11828.write.1.tlog
C:\Users\f11301bs\Dropbox\TONY\FYP\VLDBDemo13-v2\Experiment\Source\FinalTest\Query\CoProcessor-QueryScheduler\CoProcessor\Debug\link.12212.read.1.tlog
C:\Users\f11301bs\Dropbox\TONY\FYP\VLDBDemo13-v2\Experiment\Source\FinalTest\Query\CoProcessor-QueryScheduler\CoProcessor\Debug\link.12212.write.1.tlog
C:\Users\f11301bs\Dropbox\TONY\FYP\VLDBDemo13-v2\Experiment\Source\FinalTest\Query\CoProcessor-QueryScheduler\CoProcessor\Debug\link.12328.read.1.tlog
C:\Users\f11301bs\Dropbox\TONY\FYP\VLDBDemo13-v2\Experiment\Source\FinalTest\Query\CoProcessor-QueryScheduler\CoProcessor\Debug\link.12328.write.1.tlog
C:\Users\f11301bs\Dropbox\TONY\FYP\VLDBDemo13-v2\Experiment\Source\FinalTest\Query\CoProcessor-QueryScheduler\CoProcessor\Debug\link.12328-cvtres.read.1.tlog
C:\Users\f11301bs\Dropbox\TONY\FYP\VLDBDemo13-v2\Experiment\Source\FinalTest\Query\CoProcessor-QueryScheduler\CoProcessor\Debug\link.12328-cvtres.write.1.tlog
C:\Users\f11301bs\Dropbox\TONY\FYP\VLDBDemo13-v2\Experiment\Source\FinalTest\Query\CoProcessor-QueryScheduler\CoProcessor\Debug\link.12620.read.1.tlog
C:\Users\f11301bs\Dropbox\TONY\FYP\VLDBDemo13-v2\Experiment\Source\FinalTest\Query\CoProcessor-QueryScheduler\CoProcessor\Debug\link.12620.write.1.tlog
C:\Users\f11301bs\Dropbox\TONY\FYP\VLDBDemo13-v2\Experiment\Source\FinalTest\Query\CoProcessor-QueryScheduler\CoProcessor\Debug\link.12664.read.1.tlog
C:\Users\f11301bs\Dropbox\TONY\FYP\VLDBDemo13-v2\Experiment\Source\FinalTest\Query\CoProcessor-QueryScheduler\CoProcessor\Debug\link.12664.write.1.tlog
C:\Users\f11301bs\Dropbox\TONY\FYP\VLDBDemo13-v2\Experiment\Source\FinalTest\Query\CoProcessor-QueryScheduler\CoProcessor\Debug\link.13392.read.1.tlog
C:\Users\f11301bs\Dropbox\TONY\FYP\VLDBDemo13-v2\Experiment\Source\FinalTest\Query\CoProcessor-QueryScheduler\CoProcessor\Debug\link.13392.write.1.tlog
C:\Users\f11301bs\Dropbox\TONY\FYP\VLDBDemo13-v2\Experiment\Source\FinalTest\Query\CoProcessor-QueryScheduler\CoProcessor\Debug\link.13392-cvtres.read.1.tlog
C:\Users\f11301bs\Dropbox\TONY\FYP\VLDBDemo13-v2\Experiment\Source\FinalTest\Query\CoProcessor-QueryScheduler\CoProcessor\Debug\link.13392-cvtres.write.1.tlog
C:\Users\f11301bs\Dropbox\TONY\FYP\VLDBDemo13-v2\Experiment\Source\FinalTest\Query\CoProcessor-QueryScheduler\CoProcessor\Debug\link.13452.read.1.tlog
C:\Users\f11301bs\Dropbox\TONY\FYP\VLDBDemo13-v2\Experiment\Source\FinalTest\Query\CoProcessor-QueryScheduler\CoProcessor\Debug\link.13452.write.1.tlog
C:\Users\f11301bs\Dropbox\TONY\FYP\VLDBDemo13-v2\Experiment\Source\FinalTest\Query\CoProcessor-QueryScheduler\CoProcessor\Debug\link.13452-cvtres.read.1.tlog
C:\Users\f11301bs\Dropbox\TONY\FYP\VLDBDemo13-v2\Experiment\Source\FinalTest\Query\CoProcessor-QueryScheduler\CoProcessor\Debug\link.13452-cvtres.write.1.tlog
C:\Users\f11301bs\Dropbox\TONY\FYP\VLDBDemo13-v2\Experiment\Source\FinalTest\Query\CoProcessor-QueryScheduler\CoProcessor\Debug\link.13816.read.1.tlog
C:\Users\f11301bs\Dropbox\TONY\FYP\VLDBDemo13-v2\Experiment\Source\FinalTest\Query\CoProcessor-QueryScheduler\CoProcessor\Debug\link.13816.write.1.tlog
C:\Users\f11301bs\Dropbox\TONY\FYP\VLDBDemo13-v2\Experiment\Source\FinalTest\Query\CoProcessor-QueryScheduler\CoProcessor\Debug\link.13816-cvtres.read.1.tlog
C:\Users\f11301bs\Dropbox\TONY\FYP\VLDBDemo13-v2\Experiment\Source\FinalTest\Query\CoProcessor-QueryScheduler\CoProcessor\Debug\link.13816-cvtres.write.1.tlog
C:\Users\f11301bs\Dropbox\TONY\FYP\VLDBDemo13-v2\Experiment\Source\FinalTest\Query\CoProcessor-QueryScheduler\CoProcessor\Debug\link.14040.read.1.tlog
C:\Users\f11301bs\Dropbox\TONY\FYP\VLDBDemo13-v2\Experiment\Source\FinalTest\Query\CoProcessor-QueryScheduler\CoProcessor\Debug\link.14040.write.1.tlog
C:\Users\f11301bs\Dropbox\TONY\FYP\VLDBDemo13-v2\Experiment\Source\FinalTest\Query\CoProcessor-QueryScheduler\CoProcessor\Debug\link.14040-cvtres.read.1.tlog
C:\Users\f11301bs\Dropbox\TONY\FYP\VLDBDemo13-v2\Experiment\Source\FinalTest\Query\CoProcessor-QueryScheduler\CoProcessor\Debug\link.14040-cvtres.write.1.tlog
C:\Users\f11301bs\Dropbox\TONY\FYP\VLDBDemo13-v2\Experiment\Source\FinalTest\Query\CoProcessor-QueryScheduler\CoProcessor\Debug\link.14076.read.1.tlog
C:\Users\f11301bs\Dropbox\TONY\FYP\VLDBDemo13-v2\Experiment\Source\FinalTest\Query\CoProcessor-QueryScheduler\CoProcessor\Debug\link.14076.write.1.tlog
C:\Users\f11301bs\Dropbox\TONY\FYP\VLDBDemo13-v2\Experiment\Source\FinalTest\Query\CoProcessor-QueryScheduler\CoProcessor\Debug\link.14076-cvtres.read.1.tlog
C:\Users\f11301bs\Dropbox\TONY\FYP\VLDBDemo13-v2\Experiment\Source\FinalTest\Query\CoProcessor-QueryScheduler\CoProcessor\Debug\link.14076-cvtres.write.1.tlog
C:\Users\f11301bs\Dropbox\TONY\FYP\VLDBDemo13-v2\Experiment\Source\FinalTest\Query\CoProcessor-QueryScheduler\CoProcessor\Debug\link.27028.read.1.tlog
C:\Users\f11301bs\Dropbox\TONY\FYP\VLDBDemo13-v2\Experiment\Source\FinalTest\Query\CoProcessor-QueryScheduler\CoProcessor\Debug\link.27028.write.1.tlog
C:\Users\f11301bs\Dropbox\TONY\FYP\VLDBDemo13-v2\Experiment\Source\FinalTest\Query\CoProcessor-QueryScheduler\CoProcessor\Debug\link.27028-cvtres.read.1.tlog
C:\Users\f11301bs\Dropbox\TONY\FYP\VLDBDemo13-v2\Experiment\Source\FinalTest\Query\CoProcessor-QueryScheduler\CoProcessor\Debug\link.27028-cvtres.write.1.tlog
C:\Users\f11301bs\Dropbox\TONY\FYP\VLDBDemo13-v2\Experiment\Source\FinalTest\Query\CoProcessor-QueryScheduler\CoProcessor\Debug\link.32284.read.1.tlog
C:\Users\f11301bs\Dropbox\TONY\FYP\VLDBDemo13-v2\Experiment\Source\FinalTest\Query\CoProcessor-QueryScheduler\CoProcessor\Debug\link.32284.write.1.tlog
C:\Users\f11301bs\Dropbox\TONY\FYP\VLDBDemo13-v2\Experiment\Source\FinalTest\Query\CoProcessor-QueryScheduler\CoProcessor\Debug\link.32284-cvtres.read.1.tlog
C:\Users\f11301bs\Dropbox\TONY\FYP\VLDBDemo13-v2\Experiment\Source\FinalTest\Query\CoProcessor-QueryScheduler\CoProcessor\Debug\link.32284-cvtres.write.1.tlog
C:\Users\f11301bs\Dropbox\TONY\FYP\VLDBDemo13-v2\Experiment\Source\FinalTest\Query\CoProcessor-QueryScheduler\CoProcessor\Debug\link.5088.read.1.tlog
C:\Users\f11301bs\Dropbox\TONY\FYP\VLDBDemo13-v2\Experiment\Source\FinalTest\Query\CoProcessor-QueryScheduler\CoProcessor\Debug\link.5088.write.1.tlog
C:\Users\f11301bs\Dropbox\TONY\FYP\VLDBDemo13-v2\Experiment\Source\FinalTest\Query\CoProcessor-QueryScheduler\CoProcessor\Debug\link.5088-cvtres.read.1.tlog
C:\Users\f11301bs\Dropbox\TONY\FYP\VLDBDemo13-v2\Experiment\Source\FinalTest\Query\CoProcessor-QueryScheduler\CoProcessor\Debug\link.5088-cvtres.write.1.tlog
C:\Users\f11301bs\Dropbox\TONY\FYP\VLDBDemo13-v2\Experiment\Source\FinalTest\Query\CoProcessor-QueryScheduler\CoProcessor\Debug\link.6840.read.1.tlog
C:\Users\f11301bs\Dropbox\TONY\FYP\VLDBDemo13-v2\Experiment\Source\FinalTest\Query\CoProcessor-QueryScheduler\CoProcessor\Debug\link.6840.write.1.tlog
C:\Users\f11301bs\Dropbox\TONY\FYP\VLDBDemo13-v2\Experiment\Source\FinalTest\Query\CoProcessor-QueryScheduler\CoProcessor\Debug\link.6840-cvtres.read.1.tlog
C:\Users\f11301bs\Dropbox\TONY\FYP\VLDBDemo13-v2\Experiment\Source\FinalTest\Query\CoProcessor-QueryScheduler\CoProcessor\Debug\link.6840-cvtres.write.1.tlog
C:\Users\f11301bs\Dropbox\TONY\FYP\VLDBDemo13-v2\Experiment\Source\FinalTest\Query\CoProcessor-QueryScheduler\CoProcessor\Debug\link.7012.read.1.tlog
C:\Users\f11301bs\Dropbox\TONY\FYP\VLDBDemo13-v2\Experiment\Source\FinalTest\Query\CoProcessor-QueryScheduler\CoProcessor\Debug\link.7012.write.1.tlog
C:\Users\f11301bs\Dropbox\TONY\FYP\VLDBDemo13-v2\Experiment\Source\FinalTest\Query\CoProcessor-QueryScheduler\CoProcessor\Debug\link.7012-cvtres.read.1.tlog
C:\Users\f11301bs\Dropbox\TONY\FYP\VLDBDemo13-v2\Experiment\Source\FinalTest\Query\CoProcessor-QueryScheduler\CoProcessor\Debug\link.7012-cvtres.write.1.tlog
C:\Users\f11301bs\Dropbox\TONY\FYP\VLDBDemo13-v2\Experiment\Source\FinalTest\Query\CoProcessor-QueryScheduler\CoProcessor\Debug\link.8024.read.1.tlog
C:\Users\f11301bs\Dropbox\TONY\FYP\VLDBDemo13-v2\Experiment\Source\FinalTest\Query\CoProcessor-QueryScheduler\CoProcessor\Debug\link.8024.write.1.tlog
C:\Users\f11301bs\Dropbox\TONY\FYP\VLDBDemo13-v2\Experiment\Source\FinalTest\Query\CoProcessor-QueryScheduler\CoProcessor\Debug\link.8560.read.1.tlog
C:\Users\f11301bs\Dropbox\TONY\FYP\VLDBDemo13-v2\Experiment\Source\FinalTest\Query\CoProcessor-QueryScheduler\CoProcessor\Debug\link.8560.write.1.tlog
C:\Users\f11301bs\Dropbox\TONY\FYP\VLDBDemo13-v2\Experiment\Source\FinalTest\Query\CoProcessor-QueryScheduler\CoProcessor\Debug\link.8560-cvtres.read.1.tlog
C:\Users\f11301bs\Dropbox\TONY\FYP\VLDBDemo13-v2\Experiment\Source\FinalTest\Query\CoProcessor-QueryScheduler\CoProcessor\Debug\link.8560-cvtres.write.1.tlog
C:\Users\f11301bs\Dropbox\TONY\FYP\VLDBDemo13-v2\Experiment\Source\FinalTest\Query\CoProcessor-QueryScheduler\CoProcessor\Debug\link.9312.read.1.tlog
C:\Users\f11301bs\Dropbox\TONY\FYP\VLDBDemo13-v2\Experiment\Source\FinalTest\Query\CoProcessor-QueryScheduler\CoProcessor\Debug\link.9312.write.1.tlog
C:\Users\f11301bs\Dropbox\TONY\FYP\VLDBDemo13-v2\Experiment\Source\FinalTest\Query\CoProcessor-QueryScheduler\CoProcessor\Debug\link.9312-cvtres.read.1.tlog
C:\Users\f11301bs\Dropbox\TONY\FYP\VLDBDemo13-v2\Experiment\Source\FinalTest\Query\CoProcessor-QueryScheduler\CoProcessor\Debug\link.9312-cvtres.write.1.tlog
C:\Users\f11301bs\Dropbox\TONY\FYP\VLDBDemo13-v2\Experiment\Source\FinalTest\Query\CoProcessor-QueryScheduler\CoProcessor\Debug\link.9320.read.1.tlog
C:\Users\f11301bs\Dropbox\TONY\FYP\VLDBDemo13-v2\Experiment\Source\FinalTest\Query\CoProcessor-QueryScheduler\CoProcessor\Debug\link.9320.write.1.tlog
C:\Users\f11301bs\Dropbox\TONY\FYP\VLDBDemo13-v2\Experiment\Source\FinalTest\Query\CoProcessor-QueryScheduler\CoProcessor\Debug\link.9320-cvtres.read.1.tlog
C:\Users\f11301bs\Dropbox\TONY\FYP\VLDBDemo13-v2\Experiment\Source\FinalTest\Query\CoProcessor-QueryScheduler\CoProcessor\Debug\link.9320-cvtres.write.1.tlog
C:\Users\f11301bs\Dropbox\TONY\FYP\VLDBDemo13-v2\Experiment\Source\FinalTest\Query\CoProcessor-QueryScheduler\CoProcessor\Debug\link.command.1.tlog
C:\Users\f11301bs\Dropbox\TONY\FYP\VLDBDemo13-v2\Experiment\Source\FinalTest\Query\CoProcessor-QueryScheduler\CoProcessor\Debug\link.read.1.tlog
C:\Users\f11301bs\Dropbox\TONY\FYP\VLDBDemo13-v2\Experiment\Source\FinalTest\Query\CoProcessor-QueryScheduler\CoProcessor\Debug\link.write.1.tlog
C:\Users\f11301bs\Dropbox\TONY\FYP\VLDBDemo13-v2\Experiment\Source\FinalTest\Query\CoProcessor-QueryScheduler\CoProcessor\Debug\link-cvtres.read.1.tlog
C:\Users\f11301bs\Dropbox\TONY\FYP\VLDBDemo13-v2\Experiment\Source\FinalTest\Query\CoProcessor-QueryScheduler\CoProcessor\Debug\link-cvtres.write.1.tlog
C:\Users\f11301bs\Dropbox\TONY\FYP\VLDBDemo13-v2\Experiment\Source\FinalTest\Query\CoProcessor-QueryScheduler\CoProcessor\Debug\mt.command.1.tlog
C:\Users\f11301bs\Dropbox\TONY\FYP\VLDBDemo13-v2\Experiment\Source\FinalTest\Query\CoProcessor-QueryScheduler\CoProcessor\Debug\mt.read.1.tlog
C:\Users\f11301bs\Dropbox\TONY\FYP\VLDBDemo13-v2\Experiment\Source\FinalTest\Query\CoProcessor-QueryScheduler\CoProcessor\Debug\mt.write.1.tlog
C:\USERS\F11301BS\DROPBOX\TONY\FYP\VLDBDEMO13-V2\EXPERIMENT\SOURCE\FINALTEST\QUERY\COPROCESSOR-QUERYSCHEDULER\COPROCESSOR\DEBUG\PREDICATETREE.OBJ
C:\USERS\F11301BS\DROPBOX\TONY\FYP\VLDBDEMO13-V2\EXPERIMENT\SOURCE\FINALTEST\QUERY\COPROCESSOR-QUERYSCHEDULER\COPROCESSOR\DEBUG\QP_UTILITY.OBJ
C:\USERS\F11301BS\DROPBOX\TONY\FYP\VLDBDEMO13-V2\EXPERIMENT\SOURCE\FINALTEST\QUERY\COPROCESSOR-QUERYSCHEDULER\COPROCESSOR\DEBUG\QUERYPLANNODE.OBJ
C:\USERS\F11301BS\DROPBOX\TONY\FYP\VLDBDEMO13-V2\EXPERIMENT\SOURCE\FINALTEST\QUERY\COPROCESSOR-QUERYSCHEDULER\COPROCESSOR\DEBUG\QUERYPLANTREE.OBJ
C:\Users\f11301bs\Dropbox\TONY\FYP\VLDBDemo13-v2\Experiment\Source\FinalTest\Query\CoProcessor-QueryScheduler\CoProcessor\Debug\rc.command.1.tlog
C:\Users\f11301bs\Dropbox\TONY\FYP\VLDBDemo13-v2\Experiment\Source\FinalTest\Query\CoProcessor-QueryScheduler\CoProcessor\Debug\rc.read.1.tlog
C:\Users\f11301bs\Dropbox\TONY\FYP\VLDBDemo13-v2\Experiment\Source\FinalTest\Query\CoProcessor-QueryScheduler\CoProcessor\Debug\rc.write.1.tlog
C:\USERS\F11301BS\DROPBOX\TONY\FYP\VLDBDEMO13-V2\EXPERIMENT\SOURCE\FINALTEST\QUERY\COPROCESSOR-QUERYSCHEDULER\COPROCESSOR\DEBUG\SDKCOMMMON.OBJ
C:\USERS\F11301BS\DROPBOX\TONY\FYP\VLDBDEMO13-V2\EXPERIMENT\SOURCE\FINALTEST\QUERY\COPROCESSOR-QUERYSCHEDULER\COPROCESSOR\DEBUG\SINGULARTHREADOP.OBJ
C:\USERS\F11301BS\DROPBOX\TONY\FYP\VLDBDEMO13-V2\EXPERIMENT\SOURCE\FINALTEST\QUERY\COPROCESSOR-QUERYSCHEDULER\COPROCESSOR\DEBUG\SORTTHREADOP.OBJ
C:\USERS\F11301BS\DROPBOX\TONY\FYP\VLDBDEMO13-V2\EXPERIMENT\SOURCE\FINALTEST\QUERY\COPROCESSOR-QUERYSCHEDULER\COPROCESSOR\DEBUG\THREADOP.OBJ
C:\USERS\F11301BS\DROPBOX\TONY\FYP\VLDBDEMO13-V2\EXPERIMENT\SOURCE\FINALTEST\QUERY\COPROCESSOR-QUERYSCHEDULER\COPROCESSOR\DEBUG\UINTERFACE.OBJ
C:\Users\f11301bs\Dropbox\TONY\FYP\VLDBDemo13-v2\Experiment\Source\FinalTest\Query\CoProcessor-QueryScheduler\CoProcessor\Debug\vc100.idb
C:\USERS\F11301BS\DROPBOX\TONY\FYP\VLDBDEMO13-V2\EXPERIMENT\SOURCE\FINALTEST\QUERY\COPROCESSOR-QUERYSCHEDULER\COPROCESSOR\DEBUG\VC100.PDB
C:\Users\f11301bs\Dropbox\TONY\FYP\VLDBDemo13-v2\Experiment\Source\FinalTest\Query\CoProcessor-QueryScheduler\Debug\CoProcessor.ilk
C:\Users\f11301bs\Dropbox\TONY\FYP\VLDBDemo13-v2\Experiment\Source\FinalTest\Query\CoProcessor-QueryScheduler\Debug\CoProcessor.pdb
C:\USERS\F11301BS\DROPBOX\TONY\FYP\WORKING\DIS-GPU\Q_COMBINE - HDONE\COPROCESSOR-QUERYSCHEDULER\COPROCESSOR\DEBUG\BINARYTHREADOP.OBJ
C:\USERS\F11301BS\DROPBOX\TONY\FYP\WORKING\DIS-GPU\Q_COMBINE - HDONE\COPROCESSOR-QUERYSCHEDULER\COPROCESSOR\DEBUG\COPROCESSOR.EXE.EMBED.MANIFEST.RES
C:\USERS\F11301BS\DROPBOX\TONY\FYP\WORKING\DIS-GPU\Q_COMBINE - HDONE\COPROCESSOR-QUERYSCHEDULER\COPROCESSOR\DEBUG\COPROCESSORAPP.OBJ
C:\USERS\F11301BS\DROPBOX\TONY\FYP\WORKING\DIS-GPU\Q_COMBINE - HDONE\COPROCESSOR-QUERYSCHEDULER\COPROCESSOR\DEBUG\COPROCESSORTEST.OBJ
C:\USERS\F11301BS\DROPBOX\TONY\FYP\WORKING\DIS-GPU\Q_COMBINE - HDONE\COPROCESSOR-QUERYSCHEDULER\COPROCESSOR\DEBUG\DATABASE.OBJ
C:\USERS\F11301BS\DROPBOX\TONY\FYP\WORKING\DIS-GPU\Q_COMBINE - HDONE\COPROCESSOR-QUERYSCHEDULER\COPROCESSOR\DEBUG\DB.OBJ
C:\USERS\F11301BS\DROPBOX\TONY\FYP\WORKING\DIS-GPU\Q_COMBINE - HDONE\COPROCESSOR-QUERYSCHEDULER\COPROCESSOR\DEBUG\DYNAMICQUERYPROCESSOR.OBJ
C:\USERS\F11301BS\DROPBOX\TONY\FYP\WORKING\DIS-GPU\Q_COMBINE - HDONE\COPROCESSOR-QUERYSCHEDULER\COPROCESSOR\DEBUG\GROUPBYTHREADOP.OBJ
C:\USERS\F11301BS\DROPBOX\TONY\FYP\WORKING\DIS-GPU\Q_COMBINE - HDONE\COPROCESSOR-QUERYSCHEDULER\COPROCESSOR\DEBUG\HANDSHAKING.OBJ
C:\USERS\F11301BS\DROPBOX\TONY\FYP\WORKING\DIS-GPU\Q_COMBINE - HDONE\COPROCESSOR-QUERYSCHEDULER\COPROCESSOR\DEBUG\HELPER.OBJ
C:\USERS\F11301BS\DROPBOX\TONY\FYP\WORKING\DIS-GPU\Q_COMBINE - HDONE\COPROCESSOR-QUERYSCHEDULER\COPROCESSOR\DEBUG\PREDICATETREE.OBJ
C:\USERS\F11301BS\DROPBOX\TONY\FYP\WORKING\DIS-GPU\Q_COMBINE - HDONE\COPROCESSOR-QUERYSCHEDULER\COPROCESSOR\DEBUG\QP_UTILITY.OBJ
C:\USERS\F11301BS\DROPBOX\TONY\FYP\WORKING\DIS-GPU\Q_COMBINE - HDONE\COPROCESSOR-QUERYSCHEDULER\COPROCESSOR\DEBUG\QUERYPLANNODE.OBJ
C:\USERS\F11301BS\DROPBOX\TONY\FYP\WORKING\DIS-GPU\Q_COMBINE - HDONE\COPROCESSOR-QUERYSCHEDULER\COPROCESSOR\DEBUG\QUERYPLANTREE.OBJ
C:\USERS\F11301BS\DROPBOX\TONY\FYP\WORKING\DIS-GPU\Q_COMBINE - HDONE\COPROCESSOR-QUERYSCHEDULER\COPROCESSOR\DEBUG\SDKCOMMMON.OBJ
C:\USERS\F11301BS\DROPBOX\TONY\FYP\WORKING\DIS-GPU\Q_COMBINE - HDONE\COPROCESSOR-QUERYSCHEDULER\COPROCESSOR\DEBUG\SINGULARTHREADOP.OBJ
C:\USERS\F11301BS\DROPBOX\TONY\FYP\WORKING\DIS-GPU\Q_COMBINE - HDONE\COPROCESSOR-QUERYSCHEDULER\COPROCESSOR\DEBUG\SORTTHREADOP.OBJ
C:\USERS\F11301BS\DROPBOX\TONY\FYP\WORKING\DIS-GPU\Q_COMBINE - HDONE\COPROCESSOR-QUERYSCHEDULER\COPROCESSOR\DEBUG\THREADOP.OBJ
C:\USERS\F11301BS\DROPBOX\TONY\FYP\WORKING\DIS-GPU\Q_COMBINE - HDONE\COPROCESSOR-QUERYSCHEDULER\COPROCESSOR\DEBUG\UINTERFACE.OBJ
C:\USERS\F11301BS\DROPBOX\TONY\FYP\WORKING\DIS-GPU\Q_COMBINE - HDONE\COPROCESSOR-QUERYSCHEDULER\COPROCESSOR\DEBUG\VC100.PDB
C:\USERS\F11301BS\DROPBOX\TONY\FYP\WORKING\PRO1-FINALTEST\FINALTEST\QUERY\COPROCESSOR-QUERYSCHEDULER\COPROCESSOR\DEBUG\BINARYTHREADOP.OBJ
C:\USERS\F11301BS\DROPBOX\TONY\FYP\WORKING\PRO1-FINALTEST\FINALTEST\QUERY\COPROCESSOR-QUERYSCHEDULER\COPROCESSOR\DEBUG\COPROCESSOR.EXE.EMBED.MANIFEST.RES
C:\USERS\F11301BS\DROPBOX\TONY\FYP\WORKING\PRO1-FINALTEST\FINALTEST\QUERY\COPROCESSOR-QUERYSCHEDULER\COPROCESSOR\DEBUG\COPROCESSOR.EXE.INTERMEDIATE.MANIFEST
C:\USERS\F11301BS\DROPBOX\TONY\FYP\WORKING\PRO1-FINALTEST\FINALTEST\QUERY\COPROCESSOR-QUERYSCHEDULER\COPROCESSOR\DEBUG\COPROCESSORAPP.OBJ
C:\USERS\F11301BS\DROPBOX\TONY\FYP\WORKING\PRO1-FINALTEST\FINALTEST\QUERY\COPROCESSOR-QUERYSCHEDULER\COPROCESSOR\DEBUG\COPROCESSORTEST.OBJ
C:\USERS\F11301BS\DROPBOX\TONY\FYP\WORKING\PRO1-FINALTEST\FINALTEST\QUERY\COPROCESSOR-QUERYSCHEDULER\COPROCESSOR\DEBUG\DATABASE.OBJ
C:\USERS\F11301BS\DROPBOX\TONY\FYP\WORKING\PRO1-FINALTEST\FINALTEST\QUERY\COPROCESSOR-QUERYSCHEDULER\COPROCESSOR\DEBUG\DB.OBJ
C:\USERS\F11301BS\DROPBOX\TONY\FYP\WORKING\PRO1-FINALTEST\FINALTEST\QUERY\COPROCESSOR-QUERYSCHEDULER\COPROCESSOR\DEBUG\DYNAMICQUERYPROCESSOR.OBJ
C:\USERS\F11301BS\DROPBOX\TONY\FYP\WORKING\PRO1-FINALTEST\FINALTEST\QUERY\COPROCESSOR-QUERYSCHEDULER\COPROCESSOR\DEBUG\GROUPBYTHREADOP.OBJ
C:\USERS\F11301BS\DROPBOX\TONY\FYP\WORKING\PRO1-FINALTEST\FINALTEST\QUERY\COPROCESSOR-QUERYSCHEDULER\COPROCESSOR\DEBUG\HANDSHAKING.OBJ
C:\USERS\F11301BS\DROPBOX\TONY\FYP\WORKING\PRO1-FINALTEST\FINALTEST\QUERY\COPROCESSOR-QUERYSCHEDULER\COPROCESSOR\DEBUG\PREDICATETREE.OBJ
C:\USERS\F11301BS\DROPBOX\TONY\FYP\WORKING\PRO1-FINALTEST\FINALTEST\QUERY\COPROCESSOR-QUERYSCHEDULER\COPROCESSOR\DEBUG\QP_UTILITY.OBJ
C:\USERS\F11301BS\DROPBOX\TONY\FYP\WORKING\PRO1-FINALTEST\FINALTEST\QUERY\COPROCESSOR-QUERYSCHEDULER\COPROCESSOR\DEBUG\QUERYPLANNODE.OBJ
C:\USERS\F11301BS\DROPBOX\TONY\FYP\WORKING\PRO1-FINALTEST\FINALTEST\QUERY\COPROCESSOR-QUERYSCHEDULER\COPROCESSOR\DEBUG\QUERYPLANTREE.OBJ
C:\USERS\F11301BS\DROPBOX\TONY\FYP\WORKING\PRO1-FINALTEST\FINALTEST\QUERY\COPROCESSOR-QUERYSCHEDULER\COPROCESSOR\DEBUG\SDKCOMMMON.OBJ
C:\USERS\F11301BS\DROPBOX\TONY\FYP\WORKING\PRO1-FINALTEST\FINALTEST\QUERY\COPROCESSOR-QUERYSCHEDULER\COPROCESSOR\DEBUG\SINGULARTHREADOP.OBJ
C:\USERS\F11301BS\DROPBOX\TONY\FYP\WORKING\PRO1-FINALTEST\FINALTEST\QUERY\COPROCESSOR-QUERYSCHEDULER\COPROCESSOR\DEBUG\SORTTHREADOP.OBJ
C:\USERS\F11301BS\DROPBOX\TONY\FYP\WORKING\PRO1-FINALTEST\FINALTEST\QUERY\COPROCESSOR-QUERYSCHEDULER\COPROCESSOR\DEBUG\THREADOP.OBJ
C:\USERS\F11301BS\DROPBOX\TONY\FYP\WORKING\PRO1-FINALTEST\FINALTEST\QUERY\COPROCESSOR-QUERYSCHEDULER\COPROCESSOR\DEBUG\UINTERFACE.OBJ
C:\USERS\F11301BS\DROPBOX\TONY\FYP\WORKING\PRO1-FINALTEST\FINALTEST\QUERY\COPROCESSOR-QUERYSCHEDULER\COPROCESSOR\DEBUG\VC100.PDB
C:\USERS\F11301BS\DROPBOX\TONY\FYP\WORKING\PRO1-FINALTEST\FINALTEST\QUERY\COPROCESSOR-QUERYSCHEDULER\DEBUG\COPROCESSOR.EXE
C:\Users\f11301bs\Dropbox\TONY\FYP\Working\Pro1-FinalTest\FinalTest\Query\CoProcessor-QueryScheduler\Debug\CoProcessor.exp
C:\USERS\F11301BS\DROPBOX\TONY\FYP\WORKING\PRO1-FINALTEST\FINALTEST\QUERY\COPROCESSOR-QUERYSCHEDULER\DEBUG\COPROCESSOR.ILK
C:\Users\f11301bs\Dropbox\TONY\FYP\Working\Pro1-FinalTest\FinalTest\Query\CoProcessor-QueryScheduler\Debug\CoProcessor.lib
C:\USERS\F11301BS\DROPBOX\TONY\FYP\WORKING\PRO1-FINALTEST\FINALTEST\QUERY\COPROCESSOR-QUERYSCHEDULER\DEBUG\COPROCESSOR.PDB
C:\USERS\F11301BS\DROPBOX\TONY\FYP\WORKING\Q_COMBINE - HDONE\COPROCESSOR-QUERYSCHEDULER\COPROCESSOR\DEBUG\BINARYTHREADOP.OBJ
C:\USERS\F11301BS\DROPBOX\TONY\FYP\WORKING\Q_COMBINE - HDONE\COPROCESSOR-QUERYSCHEDULER\COPROCESSOR\DEBUG\COPROCESSOR.EXE.EMBED.MANIFEST.RES
C:\USERS\F11301BS\DROPBOX\TONY\FYP\WORKING\Q_COMBINE - HDONE\COPROCESSOR-QUERYSCHEDULER\COPROCESSOR\DEBUG\COPROCESSOR.EXE.INTERMEDIATE.MANIFEST
C:\USERS\F11301BS\DROPBOX\TONY\FYP\WORKING\Q_COMBINE - HDONE\COPROCESSOR-QUERYSCHEDULER\COPROCESSOR\DEBUG\COPROCESSORAPP.OBJ
C:\USERS\F11301BS\DROPBOX\TONY\FYP\WORKING\Q_COMBINE - HDONE\COPROCESSOR-QUERYSCHEDULER\COPROCESSOR\DEBUG\COPROCESSORTEST.OBJ
C:\USERS\F11301BS\DROPBOX\TONY\FYP\WORKING\Q_COMBINE - HDONE\COPROCESSOR-QUERYSCHEDULER\COPROCESSOR\DEBUG\DATABASE.OBJ
C:\USERS\F11301BS\DROPBOX\TONY\FYP\WORKING\Q_COMBINE - HDONE\COPROCESSOR-QUERYSCHEDULER\COPROCESSOR\DEBUG\DB.OBJ
C:\USERS\F11301BS\DROPBOX\TONY\FYP\WORKING\Q_COMBINE - HDONE\COPROCESSOR-QUERYSCHEDULER\COPROCESSOR\DEBUG\DYNAMICQUERYPROCESSOR.OBJ
C:\USERS\F11301BS\DROPBOX\TONY\FYP\WORKING\Q_COMBINE - HDONE\COPROCESSOR-QUERYSCHEDULER\COPROCESSOR\DEBUG\GROUPBYTHREADOP.OBJ
C:\USERS\F11301BS\DROPBOX\TONY\FYP\WORKING\Q_COMBINE - HDONE\COPROCESSOR-QUERYSCHEDULER\COPROCESSOR\DEBUG\HANDSHAKING.OBJ
C:\USERS\F11301BS\DROPBOX\TONY\FYP\WORKING\Q_COMBINE - HDONE\COPROCESSOR-QUERYSCHEDULER\COPROCESSOR\DEBUG\HELPER.OBJ
C:\USERS\F11301BS\DROPBOX\TONY\FYP\WORKING\Q_COMBINE - HDONE\COPROCESSOR-QUERYSCHEDULER\COPROCESSOR\DEBUG\PREDICATETREE.OBJ
C:\USERS\F11301BS\DROPBOX\TONY\FYP\WORKING\Q_COMBINE - HDONE\COPROCESSOR-QUERYSCHEDULER\COPROCESSOR\DEBUG\QP_UTILITY.OBJ
C:\USERS\F11301BS\DROPBOX\TONY\FYP\WORKING\Q_COMBINE - HDONE\COPROCESSOR-QUERYSCHEDULER\COPROCESSOR\DEBUG\QUERYPLANNODE.OBJ
C:\USERS\F11301BS\DROPBOX\TONY\FYP\WORKING\Q_COMBINE - HDONE\COPROCESSOR-QUERYSCHEDULER\COPROCESSOR\DEBUG\QUERYPLANTREE.OBJ
C:\USERS\F11301BS\DROPBOX\TONY\FYP\WORKING\Q_COMBINE - HDONE\COPROCESSOR-QUERYSCHEDULER\COPROCESSOR\DEBUG\SDKCOMMMON.OBJ
C:\USERS\F11301BS\DROPBOX\TONY\FYP\WORKING\Q_COMBINE - HDONE\COPROCESSOR-QUERYSCHEDULER\COPROCESSOR\DEBUG\SINGULARTHREADOP.OBJ
C:\USERS\F11301BS\DROPBOX\TONY\FYP\WORKING\Q_COMBINE - HDONE\COPROCESSOR-QUERYSCHEDULER\COPROCESSOR\DEBUG\SORTTHREADOP.OBJ
C:\USERS\F11301BS\DROPBOX\TONY\FYP\WORKING\Q_COMBINE - HDONE\COPROCESSOR-QUERYSCHEDULER\COPROCESSOR\DEBUG\THREADOP.OBJ
C:\USERS\F11301BS\DROPBOX\TONY\FYP\WORKING\Q_COMBINE - HDONE\COPROCESSOR-QUERYSCHEDULER\COPROCESSOR\DEBUG\UINTERFACE.OBJ
C:\USERS\F11301BS\DROPBOX\TONY\FYP\WORKING\Q_COMBINE - HDONE\COPROCESSOR-QUERYSCHEDULER\COPROCESSOR\DEBUG\VC100.PDB
C:\USERS\F11301BS\DROPBOX\TONY\FYP\WORKING\Q_COMBINE - HDONE\COPROCESSOR-QUERYSCHEDULER\DEBUG\COPROCESSOR.EXE
C:\USERS\F11301BS\DROPBOX\TONY\FYP\WORKING\Q_COMBINE - HDONE\COPROCESSOR-QUERYSCHEDULER\DEBUG\COPROCESSOR.ILK
C:\USERS\F11301BS\DROPBOX\TONY\FYP\WORKING\Q_COMBINE - HDONE\COPROCESSOR-QUERYSCHEDULER\DEBUG\COPROCESSOR.PDB
C:\USERS\F11301BS\DROPBOX\TONY\FYP\WORKING\Q_COMBINE - UPDATE\COPROCESSOR-QUERYSCHEDULER\COPROCESSOR\DEBUG\BINARYTHREADOP.OBJ
C:\USERS\F11301BS\DROPBOX\TONY\FYP\WORKING\Q_COMBINE - UPDATE\COPROCESSOR-QUERYSCHEDULER\COPROCESSOR\DEBUG\COPROCESSOR.EXE.EMBED.MANIFEST
C:\USERS\F11301BS\DROPBOX\TONY\FYP\WORKING\Q_COMBINE - UPDATE\COPROCESSOR-QUERYSCHEDULER\COPROCESSOR\DEBUG\COPROCESSOR.EXE.EMBED.MANIFEST.RES
C:\USERS\F11301BS\DROPBOX\TONY\FYP\WORKING\Q_COMBINE - UPDATE\COPROCESSOR-QUERYSCHEDULER\COPROCESSOR\DEBUG\COPROCESSOR.EXE.INTERMEDIATE.MANIFEST
C:\USERS\F11301BS\DROPBOX\TONY\FYP\WORKING\Q_COMBINE - UPDATE\COPROCESSOR-QUERYSCHEDULER\COPROCESSOR\DEBUG\COPROCESSORAPP.OBJ
C:\USERS\F11301BS\DROPBOX\TONY\FYP\WORKING\Q_COMBINE - UPDATE\COPROCESSOR-QUERYSCHEDULER\COPROCESSOR\DEBUG\COPROCESSORTEST.OBJ
C:\USERS\F11301BS\DROPBOX\TONY\FYP\WORKING\Q_COMBINE - UPDATE\COPROCESSOR-QUERYSCHEDULER\COPROCESSOR\DEBUG\DATABASE.OBJ
C:\USERS\F11301BS\DROPBOX\TONY\FYP\WORKING\Q_COMBINE - UPDATE\COPROCESSOR-QUERYSCHEDULER\COPROCESSOR\DEBUG\DB.OBJ
C:\USERS\F11301BS\DROPBOX\TONY\FYP\WORKING\Q_COMBINE - UPDATE\COPROCESSOR-QUERYSCHEDULER\COPROCESSOR\DEBUG\DYNAMICQUERYPROCESSOR.OBJ
C:\USERS\F11301BS\DROPBOX\TONY\FYP\WORKING\Q_COMBINE - UPDATE\COPROCESSOR-QUERYSCHEDULER\COPROCESSOR\DEBUG\GROUPBYTHREADOP.OBJ
C:\USERS\F11301BS\DROPBOX\TONY\FYP\WORKING\Q_COMBINE - UPDATE\COPROCESSOR-QUERYSCHEDULER\COPROCESSOR\DEBUG\HANDSHAKING.OBJ
C:\USERS\F11301BS\DROPBOX\TONY\FYP\WORKING\Q_COMBINE - UPDATE\COPROCESSOR-QUERYSCHEDULER\COPROCESSOR\DEBUG\HELPER.OBJ
C:\USERS\F11301BS\DROPBOX\TONY\FYP\WORKING\Q_COMBINE - UPDATE\COPROCESSOR-QUERYSCHEDULER\COPROCESSOR\DEBUG\PREDICATETREE.OBJ
C:\USERS\F11301BS\DROPBOX\TONY\FYP\WORKING\Q_COMBINE - UPDATE\COPROCESSOR-QUERYSCHEDULER\COPROCESSOR\DEBUG\QP_UTILITY.OBJ
C:\USERS\F11301BS\DROPBOX\TONY\FYP\WORKING\Q_COMBINE - UPDATE\COPROCESSOR-QUERYSCHEDULER\COPROCESSOR\DEBUG\QUERYPLANNODE.OBJ
C:\USERS\F11301BS\DROPBOX\TONY\FYP\WORKING\Q_COMBINE - UPDATE\COPROCESSOR-QUERYSCHEDULER\COPROCESSOR\DEBUG\QUERYPLANTREE.OBJ
C:\USERS\F11301BS\DROPBOX\TONY\FYP\WORKING\Q_COMBINE - UPDATE\COPROCESSOR-QUERYSCHEDULER\COPROCESSOR\DEBUG\SDKCOMMMON.OBJ
C:\USERS\F11301BS\DROPBOX\TONY\FYP\WORKING\Q_COMBINE - UPDATE\COPROCESSOR-QUERYSCHEDULER\COPROCESSOR\DEBUG\SINGULARTHREADOP.OBJ
C:\USERS\F11301BS\DROPBOX\TONY\FYP\WORKING\Q_COMBINE - UPDATE\COPROCESSOR-QUERYSCHEDULER\COPROCESSOR\DEBUG\SORTTHREADOP.OBJ
C:\USERS\F11301BS\DROPBOX\TONY\FYP\WORKING\Q_COMBINE - UPDATE\COPROCESSOR-QUERYSCHEDULER\COPROCESSOR\DEBUG\THREADOP.OBJ
C:\USERS\F11301BS\DROPBOX\TONY\FYP\WORKING\Q_COMBINE - UPDATE\COPROCESSOR-QUERYSCHEDULER\COPROCESSOR\DEBUG\UINTERFACE.OBJ
C:\USERS\F11301BS\DROPBOX\TONY\FYP\WORKING\Q_COMBINE - UPDATE\COPROCESSOR-QUERYSCHEDULER\COPROCESSOR\DEBUG\VC100.PDB
C:\USERS\F11301BS\DROPBOX\TONY\FYP\WORKING\Q_COMBINE - UPDATE\COPROCESSOR-QUERYSCHEDULER\DEBUG\COPROCESSOR.EXE
C:\USERS\F11301BS\DROPBOX\TONY\FYP\WORKING\Q_COMBINE - UPDATE\COPROCESSOR-QUERYSCHEDULER\DEBUG\COPROCESSOR.ILK
C:\USERS\F11301BS\DROPBOX\TONY\FYP\WORKING\Q_COMBINE - UPDATE\COPROCESSOR-QUERYSCHEDULER\DEBUG\COPROCESSOR.PDB
