C:\Users\acekiller\Desktop\Tony\Final\Q_combine - HDone\CoProcessor-QueryScheduler\CoProcessor\Release\BinaryThreadOp.obj
C:\Users\acekiller\Desktop\Tony\Final\Q_combine - HDone\CoProcessor-QueryScheduler\CoProcessor\Release\cl.command.1.tlog
C:\Users\acekiller\Desktop\Tony\Final\Q_combine - HDone\CoProcessor-QueryScheduler\CoProcessor\Release\CL.read.1.tlog
C:\Users\acekiller\Desktop\Tony\Final\Q_combine - HDone\CoProcessor-QueryScheduler\CoProcessor\Release\CL.write.1.tlog
C:\Users\acekiller\Desktop\Tony\Final\Q_combine - HDone\CoProcessor-QueryScheduler\CoProcessor\Release\CoProcessor.exe.intermediate.manifest
C:\Users\acekiller\Desktop\Tony\Final\Q_combine - HDone\CoProcessor-QueryScheduler\CoProcessor\Release\CoProcessorApp.obj
C:\Users\acekiller\Desktop\Tony\Final\Q_combine - HDone\CoProcessor-QueryScheduler\CoProcessor\Release\CoProcessorTest.obj
C:\Users\acekiller\Desktop\Tony\Final\Q_combine - HDone\CoProcessor-QueryScheduler\CoProcessor\Release\Database.obj
C:\Users\acekiller\Desktop\Tony\Final\Q_combine - HDone\CoProcessor-QueryScheduler\CoProcessor\Release\db.obj
C:\Users\acekiller\Desktop\Tony\Final\Q_combine - HDone\CoProcessor-QueryScheduler\CoProcessor\Release\DynamicQueryProcessor.obj
C:\Users\acekiller\Desktop\Tony\Final\Q_combine - HDone\CoProcessor-QueryScheduler\CoProcessor\Release\GroupByThreadOp.obj
C:\Users\acekiller\Desktop\Tony\Final\Q_combine - HDone\CoProcessor-QueryScheduler\CoProcessor\Release\HandShaking.obj
C:\Users\acekiller\Desktop\Tony\Final\Q_combine - HDone\CoProcessor-QueryScheduler\CoProcessor\Release\Helper.obj
C:\Users\acekiller\Desktop\Tony\Final\Q_combine - HDone\CoProcessor-QueryScheduler\CoProcessor\Release\link.command.1.tlog
C:\Users\acekiller\Desktop\Tony\Final\Q_combine - HDone\CoProcessor-QueryScheduler\CoProcessor\Release\link.read.1.tlog
C:\Users\acekiller\Desktop\Tony\Final\Q_combine - HDone\CoProcessor-QueryScheduler\CoProcessor\Release\link.write.1.tlog
C:\Users\acekiller\Desktop\Tony\Final\Q_combine - HDone\CoProcessor-QueryScheduler\CoProcessor\Release\mt.command.1.tlog
C:\Users\acekiller\Desktop\Tony\Final\Q_combine - HDone\CoProcessor-QueryScheduler\CoProcessor\Release\mt.read.1.tlog
C:\Users\acekiller\Desktop\Tony\Final\Q_combine - HDone\CoProcessor-QueryScheduler\CoProcessor\Release\mt.write.1.tlog
C:\Users\acekiller\Desktop\Tony\Final\Q_combine - HDone\CoProcessor-QueryScheduler\CoProcessor\Release\PredicateTree.obj
C:\Users\acekiller\Desktop\Tony\Final\Q_combine - HDone\CoProcessor-QueryScheduler\CoProcessor\Release\QP_Utility.obj
C:\Users\acekiller\Desktop\Tony\Final\Q_combine - HDone\CoProcessor-QueryScheduler\CoProcessor\Release\QueryPlanNode.obj
C:\Users\acekiller\Desktop\Tony\Final\Q_combine - HDone\CoProcessor-QueryScheduler\CoProcessor\Release\QueryPlanTree.obj
C:\Users\acekiller\Desktop\Tony\Final\Q_combine - HDone\CoProcessor-QueryScheduler\CoProcessor\Release\SDKCommmon.obj
C:\Users\acekiller\Desktop\Tony\Final\Q_combine - HDone\CoProcessor-QueryScheduler\CoProcessor\Release\SingularThreadOp.obj
C:\Users\acekiller\Desktop\Tony\Final\Q_combine - HDone\CoProcessor-QueryScheduler\CoProcessor\Release\SortThreadOp.obj
C:\Users\acekiller\Desktop\Tony\Final\Q_combine - HDone\CoProcessor-QueryScheduler\CoProcessor\Release\ThreadOp.obj
C:\Users\acekiller\Desktop\Tony\Final\Q_combine - HDone\CoProcessor-QueryScheduler\CoProcessor\Release\UInterface.obj
C:\Users\acekiller\Desktop\Tony\Final\Q_combine - HDone\CoProcessor-QueryScheduler\CoProcessor\Release\vc100.pdb
C:\Users\acekiller\Desktop\Tony\Final\Q_combine - HDone\CoProcessor-QueryScheduler\Release\CoProcessor.exe
C:\Users\acekiller\Desktop\Tony\Final\Q_combine - HDone\CoProcessor-QueryScheduler\Release\CoProcessor.pdb
C:\USERS\F11301BS\DROPBOX\TONY\FYP\NEWPROJECT\Q_COMBINE - HDONE\COPROCESSOR-QUERYSCHEDULER\COPROCESSOR\RELEASE\BINARYTHREADOP.OBJ
C:\USERS\F11301BS\DROPBOX\TONY\FYP\NEWPROJECT\Q_COMBINE - HDONE\COPROCESSOR-QUERYSCHEDULER\COPROCESSOR\RELEASE\COPROCESSOR.EXE.INTERMEDIATE.MANIFEST
C:\USERS\F11301BS\DROPBOX\TONY\FYP\NEWPROJECT\Q_COMBINE - HDONE\COPROCESSOR-QUERYSCHEDULER\COPROCESSOR\RELEASE\COPROCESSORAPP.OBJ
C:\USERS\F11301BS\DROPBOX\TONY\FYP\NEWPROJECT\Q_COMBINE - HDONE\COPROCESSOR-QUERYSCHEDULER\COPROCESSOR\RELEASE\COPROCESSORTEST.OBJ
C:\USERS\F11301BS\DROPBOX\TONY\FYP\NEWPROJECT\Q_COMBINE - HDONE\COPROCESSOR-QUERYSCHEDULER\COPROCESSOR\RELEASE\DATABASE.OBJ
C:\USERS\F11301BS\DROPBOX\TONY\FYP\NEWPROJECT\Q_COMBINE - HDONE\COPROCESSOR-QUERYSCHEDULER\COPROCESSOR\RELEASE\DB.OBJ
C:\USERS\F11301BS\DROPBOX\TONY\FYP\NEWPROJECT\Q_COMBINE - HDONE\COPROCESSOR-QUERYSCHEDULER\COPROCESSOR\RELEASE\DYNAMICQUERYPROCESSOR.OBJ
C:\USERS\F11301BS\DROPBOX\TONY\FYP\NEWPROJECT\Q_COMBINE - HDONE\COPROCESSOR-QUERYSCHEDULER\COPROCESSOR\RELEASE\GROUPBYTHREADOP.OBJ
C:\USERS\F11301BS\DROPBOX\TONY\FYP\NEWPROJECT\Q_COMBINE - HDONE\COPROCESSOR-QUERYSCHEDULER\COPROCESSOR\RELEASE\HANDSHAKING.OBJ
C:\USERS\F11301BS\DROPBOX\TONY\FYP\NEWPROJECT\Q_COMBINE - HDONE\COPROCESSOR-QUERYSCHEDULER\COPROCESSOR\RELEASE\PREDICATETREE.OBJ
C:\USERS\F11301BS\DROPBOX\TONY\FYP\NEWPROJECT\Q_COMBINE - HDONE\COPROCESSOR-QUERYSCHEDULER\COPROCESSOR\RELEASE\QP_UTILITY.OBJ
C:\USERS\F11301BS\DROPBOX\TONY\FYP\NEWPROJECT\Q_COMBINE - HDONE\COPROCESSOR-QUERYSCHEDULER\COPROCESSOR\RELEASE\QUERYPLANNODE.OBJ
C:\USERS\F11301BS\DROPBOX\TONY\FYP\NEWPROJECT\Q_COMBINE - HDONE\COPROCESSOR-QUERYSCHEDULER\COPROCESSOR\RELEASE\QUERYPLANTREE.OBJ
C:\USERS\F11301BS\DROPBOX\TONY\FYP\NEWPROJECT\Q_COMBINE - HDONE\COPROCESSOR-QUERYSCHEDULER\COPROCESSOR\RELEASE\SDKCOMMMON.OBJ
C:\USERS\F11301BS\DROPBOX\TONY\FYP\NEWPROJECT\Q_COMBINE - HDONE\COPROCESSOR-QUERYSCHEDULER\COPROCESSOR\RELEASE\SINGULARTHREADOP.OBJ
C:\USERS\F11301BS\DROPBOX\TONY\FYP\NEWPROJECT\Q_COMBINE - HDONE\COPROCESSOR-QUERYSCHEDULER\COPROCESSOR\RELEASE\SORTTHREADOP.OBJ
C:\USERS\F11301BS\DROPBOX\TONY\FYP\NEWPROJECT\Q_COMBINE - HDONE\COPROCESSOR-QUERYSCHEDULER\COPROCESSOR\RELEASE\THREADOP.OBJ
C:\USERS\F11301BS\DROPBOX\TONY\FYP\NEWPROJECT\Q_COMBINE - HDONE\COPROCESSOR-QUERYSCHEDULER\COPROCESSOR\RELEASE\UINTERFACE.OBJ
C:\USERS\F11301BS\DROPBOX\TONY\FYP\NEWPROJECT\Q_COMBINE - HDONE\COPROCESSOR-QUERYSCHEDULER\COPROCESSOR\RELEASE\VC100.PDB
C:\USERS\F11301BS\DROPBOX\TONY\FYP\NEWPROJECT\Q_COMBINE - HDONE\COPROCESSOR-QUERYSCHEDULER\RELEASE\COPROCESSOR.EXE
C:\USERS\F11301BS\DROPBOX\TONY\FYP\NEWPROJECT\Q_COMBINE - HDONE\COPROCESSOR-QUERYSCHEDULER\RELEASE\COPROCESSOR.PDB
C:\USERS\F11301BS\DROPBOX\TONY\FYP\WORKING\BEST\Q_COMBINE - HDONE\COPROCESSOR-QUERYSCHEDULER\COPROCESSOR\RELEASE\BINARYTHREADOP.OBJ
C:\USERS\F11301BS\DROPBOX\TONY\FYP\WORKING\BEST\Q_COMBINE - HDONE\COPROCESSOR-QUERYSCHEDULER\COPROCESSOR\RELEASE\COPROCESSOR.EXE.INTERMEDIATE.MANIFEST
C:\USERS\F11301BS\DROPBOX\TONY\FYP\WORKING\BEST\Q_COMBINE - HDONE\COPROCESSOR-QUERYSCHEDULER\COPROCESSOR\RELEASE\COPROCESSORAPP.OBJ
C:\USERS\F11301BS\DROPBOX\TONY\FYP\WORKING\BEST\Q_COMBINE - HDONE\COPROCESSOR-QUERYSCHEDULER\COPROCESSOR\RELEASE\COPROCESSORTEST.OBJ
C:\USERS\F11301BS\DROPBOX\TONY\FYP\WORKING\BEST\Q_COMBINE - HDONE\COPROCESSOR-QUERYSCHEDULER\COPROCESSOR\RELEASE\DATABASE.OBJ
C:\USERS\F11301BS\DROPBOX\TONY\FYP\WORKING\BEST\Q_COMBINE - HDONE\COPROCESSOR-QUERYSCHEDULER\COPROCESSOR\RELEASE\DB.OBJ
C:\USERS\F11301BS\DROPBOX\TONY\FYP\WORKING\BEST\Q_COMBINE - HDONE\COPROCESSOR-QUERYSCHEDULER\COPROCESSOR\RELEASE\DYNAMICQUERYPROCESSOR.OBJ
C:\USERS\F11301BS\DROPBOX\TONY\FYP\WORKING\BEST\Q_COMBINE - HDONE\COPROCESSOR-QUERYSCHEDULER\COPROCESSOR\RELEASE\GROUPBYTHREADOP.OBJ
C:\USERS\F11301BS\DROPBOX\TONY\FYP\WORKING\BEST\Q_COMBINE - HDONE\COPROCESSOR-QUERYSCHEDULER\COPROCESSOR\RELEASE\HANDSHAKING.OBJ
C:\USERS\F11301BS\DROPBOX\TONY\FYP\WORKING\BEST\Q_COMBINE - HDONE\COPROCESSOR-QUERYSCHEDULER\COPROCESSOR\RELEASE\PREDICATETREE.OBJ
C:\USERS\F11301BS\DROPBOX\TONY\FYP\WORKING\BEST\Q_COMBINE - HDONE\COPROCESSOR-QUERYSCHEDULER\COPROCESSOR\RELEASE\QP_UTILITY.OBJ
C:\USERS\F11301BS\DROPBOX\TONY\FYP\WORKING\BEST\Q_COMBINE - HDONE\COPROCESSOR-QUERYSCHEDULER\COPROCESSOR\RELEASE\QUERYPLANNODE.OBJ
C:\USERS\F11301BS\DROPBOX\TONY\FYP\WORKING\BEST\Q_COMBINE - HDONE\COPROCESSOR-QUERYSCHEDULER\COPROCESSOR\RELEASE\QUERYPLANTREE.OBJ
C:\USERS\F11301BS\DROPBOX\TONY\FYP\WORKING\BEST\Q_COMBINE - HDONE\COPROCESSOR-QUERYSCHEDULER\COPROCESSOR\RELEASE\SDKCOMMMON.OBJ
C:\USERS\F11301BS\DROPBOX\TONY\FYP\WORKING\BEST\Q_COMBINE - HDONE\COPROCESSOR-QUERYSCHEDULER\COPROCESSOR\RELEASE\SINGULARTHREADOP.OBJ
C:\USERS\F11301BS\DROPBOX\TONY\FYP\WORKING\BEST\Q_COMBINE - HDONE\COPROCESSOR-QUERYSCHEDULER\COPROCESSOR\RELEASE\SORTTHREADOP.OBJ
C:\USERS\F11301BS\DROPBOX\TONY\FYP\WORKING\BEST\Q_COMBINE - HDONE\COPROCESSOR-QUERYSCHEDULER\COPROCESSOR\RELEASE\THREADOP.OBJ
C:\USERS\F11301BS\DROPBOX\TONY\FYP\WORKING\BEST\Q_COMBINE - HDONE\COPROCESSOR-QUERYSCHEDULER\COPROCESSOR\RELEASE\UINTERFACE.OBJ
C:\USERS\F11301BS\DROPBOX\TONY\FYP\WORKING\BEST\Q_COMBINE - HDONE\COPROCESSOR-QUERYSCHEDULER\COPROCESSOR\RELEASE\VC100.PDB
C:\USERS\F11301BS\DROPBOX\TONY\FYP\WORKING\BEST\Q_COMBINE - HDONE\COPROCESSOR-QUERYSCHEDULER\RELEASE\COPROCESSOR.EXE
C:\USERS\F11301BS\DROPBOX\TONY\FYP\WORKING\BEST\Q_COMBINE - HDONE\COPROCESSOR-QUERYSCHEDULER\RELEASE\COPROCESSOR.PDB
C:\USERS\F11301BS\DROPBOX\TONY\FYP\WORKING\DIS-GPU\Q_COMBINE - HDONE\COPROCESSOR-QUERYSCHEDULER\COPROCESSOR\RELEASE\BINARYTHREADOP.OBJ
C:\USERS\F11301BS\DROPBOX\TONY\FYP\WORKING\DIS-GPU\Q_COMBINE - HDONE\COPROCESSOR-QUERYSCHEDULER\COPROCESSOR\RELEASE\COPROCESSOR.EXE.INTERMEDIATE.MANIFEST
C:\USERS\F11301BS\DROPBOX\TONY\FYP\WORKING\DIS-GPU\Q_COMBINE - HDONE\COPROCESSOR-QUERYSCHEDULER\COPROCESSOR\RELEASE\COPROCESSORAPP.OBJ
C:\USERS\F11301BS\DROPBOX\TONY\FYP\WORKING\DIS-GPU\Q_COMBINE - HDONE\COPROCESSOR-QUERYSCHEDULER\COPROCESSOR\RELEASE\COPROCESSORTEST.OBJ
C:\USERS\F11301BS\DROPBOX\TONY\FYP\WORKING\DIS-GPU\Q_COMBINE - HDONE\COPROCESSOR-QUERYSCHEDULER\COPROCESSOR\RELEASE\DATABASE.OBJ
C:\USERS\F11301BS\DROPBOX\TONY\FYP\WORKING\DIS-GPU\Q_COMBINE - HDONE\COPROCESSOR-QUERYSCHEDULER\COPROCESSOR\RELEASE\DB.OBJ
C:\USERS\F11301BS\DROPBOX\TONY\FYP\WORKING\DIS-GPU\Q_COMBINE - HDONE\COPROCESSOR-QUERYSCHEDULER\COPROCESSOR\RELEASE\DYNAMICQUERYPROCESSOR.OBJ
C:\USERS\F11301BS\DROPBOX\TONY\FYP\WORKING\DIS-GPU\Q_COMBINE - HDONE\COPROCESSOR-QUERYSCHEDULER\COPROCESSOR\RELEASE\GROUPBYTHREADOP.OBJ
C:\USERS\F11301BS\DROPBOX\TONY\FYP\WORKING\DIS-GPU\Q_COMBINE - HDONE\COPROCESSOR-QUERYSCHEDULER\COPROCESSOR\RELEASE\HANDSHAKING.OBJ
C:\USERS\F11301BS\DROPBOX\TONY\FYP\WORKING\DIS-GPU\Q_COMBINE - HDONE\COPROCESSOR-QUERYSCHEDULER\COPROCESSOR\RELEASE\PREDICATETREE.OBJ
C:\USERS\F11301BS\DROPBOX\TONY\FYP\WORKING\DIS-GPU\Q_COMBINE - HDONE\COPROCESSOR-QUERYSCHEDULER\COPROCESSOR\RELEASE\QP_UTILITY.OBJ
C:\USERS\F11301BS\DROPBOX\TONY\FYP\WORKING\DIS-GPU\Q_COMBINE - HDONE\COPROCESSOR-QUERYSCHEDULER\COPROCESSOR\RELEASE\QUERYPLANNODE.OBJ
C:\USERS\F11301BS\DROPBOX\TONY\FYP\WORKING\DIS-GPU\Q_COMBINE - HDONE\COPROCESSOR-QUERYSCHEDULER\COPROCESSOR\RELEASE\QUERYPLANTREE.OBJ
C:\USERS\F11301BS\DROPBOX\TONY\FYP\WORKING\DIS-GPU\Q_COMBINE - HDONE\COPROCESSOR-QUERYSCHEDULER\COPROCESSOR\RELEASE\SDKCOMMMON.OBJ
C:\USERS\F11301BS\DROPBOX\TONY\FYP\WORKING\DIS-GPU\Q_COMBINE - HDONE\COPROCESSOR-QUERYSCHEDULER\COPROCESSOR\RELEASE\SINGULARTHREADOP.OBJ
C:\USERS\F11301BS\DROPBOX\TONY\FYP\WORKING\DIS-GPU\Q_COMBINE - HDONE\COPROCESSOR-QUERYSCHEDULER\COPROCESSOR\RELEASE\SORTTHREADOP.OBJ
C:\USERS\F11301BS\DROPBOX\TONY\FYP\WORKING\DIS-GPU\Q_COMBINE - HDONE\COPROCESSOR-QUERYSCHEDULER\COPROCESSOR\RELEASE\THREADOP.OBJ
C:\USERS\F11301BS\DROPBOX\TONY\FYP\WORKING\DIS-GPU\Q_COMBINE - HDONE\COPROCESSOR-QUERYSCHEDULER\COPROCESSOR\RELEASE\UINTERFACE.OBJ
C:\USERS\F11301BS\DROPBOX\TONY\FYP\WORKING\DIS-GPU\Q_COMBINE - HDONE\COPROCESSOR-QUERYSCHEDULER\COPROCESSOR\RELEASE\VC100.PDB
C:\USERS\F11301BS\DROPBOX\TONY\FYP\WORKING\DIS-GPU\Q_COMBINE - HDONE\COPROCESSOR-QUERYSCHEDULER\RELEASE\COPROCESSOR.EXE
C:\USERS\F11301BS\DROPBOX\TONY\FYP\WORKING\DIS-GPU\Q_COMBINE - HDONE\COPROCESSOR-QUERYSCHEDULER\RELEASE\COPROCESSOR.PDB
C:\USERS\F11301BS\DROPBOX\TONY\FYP\WORKING\Q_COMBINE - HDONE\COPROCESSOR-QUERYSCHEDULER\COPROCESSOR\RELEASE\BINARYTHREADOP.OBJ
C:\USERS\F11301BS\DROPBOX\TONY\FYP\WORKING\Q_COMBINE - HDONE\COPROCESSOR-QUERYSCHEDULER\COPROCESSOR\RELEASE\COPROCESSOR.EXE.INTERMEDIATE.MANIFEST
C:\USERS\F11301BS\DROPBOX\TONY\FYP\WORKING\Q_COMBINE - HDONE\COPROCESSOR-QUERYSCHEDULER\COPROCESSOR\RELEASE\COPROCESSORAPP.OBJ
C:\USERS\F11301BS\DROPBOX\TONY\FYP\WORKING\Q_COMBINE - HDONE\COPROCESSOR-QUERYSCHEDULER\COPROCESSOR\RELEASE\COPROCESSORTEST.OBJ
C:\USERS\F11301BS\DROPBOX\TONY\FYP\WORKING\Q_COMBINE - HDONE\COPROCESSOR-QUERYSCHEDULER\COPROCESSOR\RELEASE\DATABASE.OBJ
C:\USERS\F11301BS\DROPBOX\TONY\FYP\WORKING\Q_COMBINE - HDONE\COPROCESSOR-QUERYSCHEDULER\COPROCESSOR\RELEASE\DB.OBJ
C:\USERS\F11301BS\DROPBOX\TONY\FYP\WORKING\Q_COMBINE - HDONE\COPROCESSOR-QUERYSCHEDULER\COPROCESSOR\RELEASE\DYNAMICQUERYPROCESSOR.OBJ
C:\USERS\F11301BS\DROPBOX\TONY\FYP\WORKING\Q_COMBINE - HDONE\COPROCESSOR-QUERYSCHEDULER\COPROCESSOR\RELEASE\GROUPBYTHREADOP.OBJ
C:\USERS\F11301BS\DROPBOX\TONY\FYP\WORKING\Q_COMBINE - HDONE\COPROCESSOR-QUERYSCHEDULER\COPROCESSOR\RELEASE\HANDSHAKING.OBJ
C:\USERS\F11301BS\DROPBOX\TONY\FYP\WORKING\Q_COMBINE - HDONE\COPROCESSOR-QUERYSCHEDULER\COPROCESSOR\RELEASE\HELPER.OBJ
C:\USERS\F11301BS\DROPBOX\TONY\FYP\WORKING\Q_COMBINE - HDONE\COPROCESSOR-QUERYSCHEDULER\COPROCESSOR\RELEASE\PREDICATETREE.OBJ
C:\USERS\F11301BS\DROPBOX\TONY\FYP\WORKING\Q_COMBINE - HDONE\COPROCESSOR-QUERYSCHEDULER\COPROCESSOR\RELEASE\QP_UTILITY.OBJ
C:\USERS\F11301BS\DROPBOX\TONY\FYP\WORKING\Q_COMBINE - HDONE\COPROCESSOR-QUERYSCHEDULER\COPROCESSOR\RELEASE\QUERYPLANNODE.OBJ
C:\USERS\F11301BS\DROPBOX\TONY\FYP\WORKING\Q_COMBINE - HDONE\COPROCESSOR-QUERYSCHEDULER\COPROCESSOR\RELEASE\QUERYPLANTREE.OBJ
C:\USERS\F11301BS\DROPBOX\TONY\FYP\WORKING\Q_COMBINE - HDONE\COPROCESSOR-QUERYSCHEDULER\COPROCESSOR\RELEASE\SDKCOMMMON.OBJ
C:\USERS\F11301BS\DROPBOX\TONY\FYP\WORKING\Q_COMBINE - HDONE\COPROCESSOR-QUERYSCHEDULER\COPROCESSOR\RELEASE\SINGULARTHREADOP.OBJ
C:\USERS\F11301BS\DROPBOX\TONY\FYP\WORKING\Q_COMBINE - HDONE\COPROCESSOR-QUERYSCHEDULER\COPROCESSOR\RELEASE\SORTTHREADOP.OBJ
C:\USERS\F11301BS\DROPBOX\TONY\FYP\WORKING\Q_COMBINE - HDONE\COPROCESSOR-QUERYSCHEDULER\COPROCESSOR\RELEASE\THREADOP.OBJ
C:\USERS\F11301BS\DROPBOX\TONY\FYP\WORKING\Q_COMBINE - HDONE\COPROCESSOR-QUERYSCHEDULER\COPROCESSOR\RELEASE\UINTERFACE.OBJ
C:\USERS\F11301BS\DROPBOX\TONY\FYP\WORKING\Q_COMBINE - HDONE\COPROCESSOR-QUERYSCHEDULER\COPROCESSOR\RELEASE\VC100.PDB
C:\USERS\F11301BS\DROPBOX\TONY\FYP\WORKING\Q_COMBINE - HDONE\COPROCESSOR-QUERYSCHEDULER\RELEASE\COPROCESSOR.EXE
C:\USERS\F11301BS\DROPBOX\TONY\FYP\WORKING\Q_COMBINE - HDONE\COPROCESSOR-QUERYSCHEDULER\RELEASE\COPROCESSOR.PDB
C:\USERS\F11301BS\DROPBOX\TONY\FYP\WORKING\Q_COMBINE - UPDATE\COPROCESSOR-QUERYSCHEDULER\COPROCESSOR\RELEASE\BINARYTHREADOP.OBJ
C:\USERS\F11301BS\DROPBOX\TONY\FYP\WORKING\Q_COMBINE - UPDATE\COPROCESSOR-QUERYSCHEDULER\COPROCESSOR\RELEASE\COPROCESSOR.EXE.INTERMEDIATE.MANIFEST
C:\USERS\F11301BS\DROPBOX\TONY\FYP\WORKING\Q_COMBINE - UPDATE\COPROCESSOR-QUERYSCHEDULER\COPROCESSOR\RELEASE\COPROCESSORAPP.OBJ
C:\USERS\F11301BS\DROPBOX\TONY\FYP\WORKING\Q_COMBINE - UPDATE\COPROCESSOR-QUERYSCHEDULER\COPROCESSOR\RELEASE\COPROCESSORTEST.OBJ
C:\USERS\F11301BS\DROPBOX\TONY\FYP\WORKING\Q_COMBINE - UPDATE\COPROCESSOR-QUERYSCHEDULER\COPROCESSOR\RELEASE\DATABASE.OBJ
C:\USERS\F11301BS\DROPBOX\TONY\FYP\WORKING\Q_COMBINE - UPDATE\COPROCESSOR-QUERYSCHEDULER\COPROCESSOR\RELEASE\DB.OBJ
C:\USERS\F11301BS\DROPBOX\TONY\FYP\WORKING\Q_COMBINE - UPDATE\COPROCESSOR-QUERYSCHEDULER\COPROCESSOR\RELEASE\DYNAMICQUERYPROCESSOR.OBJ
C:\USERS\F11301BS\DROPBOX\TONY\FYP\WORKING\Q_COMBINE - UPDATE\COPROCESSOR-QUERYSCHEDULER\COPROCESSOR\RELEASE\GROUPBYTHREADOP.OBJ
C:\USERS\F11301BS\DROPBOX\TONY\FYP\WORKING\Q_COMBINE - UPDATE\COPROCESSOR-QUERYSCHEDULER\COPROCESSOR\RELEASE\HANDSHAKING.OBJ
C:\USERS\F11301BS\DROPBOX\TONY\FYP\WORKING\Q_COMBINE - UPDATE\COPROCESSOR-QUERYSCHEDULER\COPROCESSOR\RELEASE\HELPER.OBJ
C:\USERS\F11301BS\DROPBOX\TONY\FYP\WORKING\Q_COMBINE - UPDATE\COPROCESSOR-QUERYSCHEDULER\COPROCESSOR\RELEASE\PREDICATETREE.OBJ
C:\USERS\F11301BS\DROPBOX\TONY\FYP\WORKING\Q_COMBINE - UPDATE\COPROCESSOR-QUERYSCHEDULER\COPROCESSOR\RELEASE\QP_UTILITY.OBJ
C:\USERS\F11301BS\DROPBOX\TONY\FYP\WORKING\Q_COMBINE - UPDATE\COPROCESSOR-QUERYSCHEDULER\COPROCESSOR\RELEASE\QUERYPLANNODE.OBJ
C:\USERS\F11301BS\DROPBOX\TONY\FYP\WORKING\Q_COMBINE - UPDATE\COPROCESSOR-QUERYSCHEDULER\COPROCESSOR\RELEASE\QUERYPLANTREE.OBJ
C:\USERS\F11301BS\DROPBOX\TONY\FYP\WORKING\Q_COMBINE - UPDATE\COPROCESSOR-QUERYSCHEDULER\COPROCESSOR\RELEASE\SDKCOMMMON.OBJ
C:\USERS\F11301BS\DROPBOX\TONY\FYP\WORKING\Q_COMBINE - UPDATE\COPROCESSOR-QUERYSCHEDULER\COPROCESSOR\RELEASE\SINGULARTHREADOP.OBJ
C:\USERS\F11301BS\DROPBOX\TONY\FYP\WORKING\Q_COMBINE - UPDATE\COPROCESSOR-QUERYSCHEDULER\COPROCESSOR\RELEASE\SORTTHREADOP.OBJ
C:\USERS\F11301BS\DROPBOX\TONY\FYP\WORKING\Q_COMBINE - UPDATE\COPROCESSOR-QUERYSCHEDULER\COPROCESSOR\RELEASE\THREADOP.OBJ
C:\USERS\F11301BS\DROPBOX\TONY\FYP\WORKING\Q_COMBINE - UPDATE\COPROCESSOR-QUERYSCHEDULER\COPROCESSOR\RELEASE\UINTERFACE.OBJ
C:\USERS\F11301BS\DROPBOX\TONY\FYP\WORKING\Q_COMBINE - UPDATE\COPROCESSOR-QUERYSCHEDULER\COPROCESSOR\RELEASE\VC100.PDB
C:\USERS\F11301BS\DROPBOX\TONY\FYP\WORKING\Q_COMBINE - UPDATE\COPROCESSOR-QUERYSCHEDULER\RELEASE\COPROCESSOR.EXE
C:\USERS\F11301BS\DROPBOX\TONY\FYP\WORKING\Q_COMBINE - UPDATE\COPROCESSOR-QUERYSCHEDULER\RELEASE\COPROCESSOR.PDB
