C:\USERS\F11301BS\DROPBOX\GIT_HUB_LOCALREPO\OMNIDB-PARALLELDBONAPU\SRC\KERNEL\KERNELENGINE_KERNELSCHEDULE\DLL_OPENCL\RELEASE\AGGAFTERGROUPBY.OBJ
C:\USERS\F11301BS\DROPBOX\GIT_HUB_LOCALREPO\OMNIDB-PARALLELDBONAPU\SRC\KERNEL\KERNELENGINE_KERNELSCHEDULE\DLL_OPENCL\RELEASE\BINARYJOIN.OBJ
C:\Users\f11301bs\Dropbox\GIT_HUB_LocalRepo\omnidb-paralleldbonapu\src\Kernel\KernelEngine_KernelSchedule\DLL_OpenCL\Release\cl.command.1.tlog
C:\Users\f11301bs\Dropbox\GIT_HUB_LocalRepo\omnidb-paralleldbonapu\src\Kernel\KernelEngine_KernelSchedule\DLL_OpenCL\Release\CL.read.1.tlog
C:\Users\f11301bs\Dropbox\GIT_HUB_LocalRepo\omnidb-paralleldbonapu\src\Kernel\KernelEngine_KernelSchedule\DLL_OpenCL\Release\CL.write.1.tlog
C:\USERS\F11301BS\DROPBOX\GIT_HUB_LOCALREPO\OMNIDB-PARALLELDBONAPU\SRC\KERNEL\KERNELENGINE_KERNELSCHEDULE\DLL_OPENCL\RELEASE\COMMON.OBJ
C:\USERS\F11301BS\DROPBOX\GIT_HUB_LOCALREPO\OMNIDB-PARALLELDBONAPU\SRC\KERNEL\KERNELENGINE_KERNELSCHEDULE\DLL_OPENCL\RELEASE\CSSTREE.OBJ
C:\Users\f11301bs\Dropbox\GIT_HUB_LocalRepo\omnidb-paralleldbonapu\src\Kernel\KernelEngine_KernelSchedule\DLL_OpenCL\Release\DLL_OpenCL.vcxprojResolveAssemblyReference.cache
C:\Users\f11301bs\Dropbox\GIT_HUB_LocalRepo\omnidb-paralleldbonapu\src\Kernel\KernelEngine_KernelSchedule\DLL_OpenCL\Release\DLL_OpenCL.write.1.tlog
C:\USERS\F11301BS\DROPBOX\GIT_HUB_LOCALREPO\OMNIDB-PARALLELDBONAPU\SRC\KERNEL\KERNELENGINE_KERNELSCHEDULE\DLL_OPENCL\RELEASE\GENERATOR.OBJ
C:\USERS\F11301BS\DROPBOX\GIT_HUB_LOCALREPO\OMNIDB-PARALLELDBONAPU\SRC\KERNEL\KERNELENGINE_KERNELSCHEDULE\DLL_OPENCL\RELEASE\GROUPBY.OBJ
C:\USERS\F11301BS\DROPBOX\GIT_HUB_LOCALREPO\OMNIDB-PARALLELDBONAPU\SRC\KERNEL\KERNELENGINE_KERNELSCHEDULE\DLL_OPENCL\RELEASE\HANDSHAKE.OBJ
C:\USERS\F11301BS\DROPBOX\GIT_HUB_LOCALREPO\OMNIDB-PARALLELDBONAPU\SRC\KERNEL\KERNELENGINE_KERNELSCHEDULE\DLL_OPENCL\RELEASE\HELPER.OBJ
C:\USERS\F11301BS\DROPBOX\GIT_HUB_LOCALREPO\OMNIDB-PARALLELDBONAPU\SRC\KERNEL\KERNELENGINE_KERNELSCHEDULE\DLL_OPENCL\RELEASE\INDEXJOIN.OBJ
C:\USERS\F11301BS\DROPBOX\GIT_HUB_LOCALREPO\OMNIDB-PARALLELDBONAPU\SRC\KERNEL\KERNELENGINE_KERNELSCHEDULE\DLL_OPENCL\RELEASE\KERNELSCHEDULER.OBJ
C:\Users\f11301bs\Dropbox\GIT_HUB_LocalRepo\omnidb-paralleldbonapu\src\Kernel\KernelEngine_KernelSchedule\DLL_OpenCL\Release\lib.command.1.tlog
C:\Users\f11301bs\Dropbox\GIT_HUB_LocalRepo\omnidb-paralleldbonapu\src\Kernel\KernelEngine_KernelSchedule\DLL_OpenCL\Release\Lib-link.read.1.tlog
C:\Users\f11301bs\Dropbox\GIT_HUB_LocalRepo\omnidb-paralleldbonapu\src\Kernel\KernelEngine_KernelSchedule\DLL_OpenCL\Release\Lib-link.write.1.tlog
C:\USERS\F11301BS\DROPBOX\GIT_HUB_LOCALREPO\OMNIDB-PARALLELDBONAPU\SRC\KERNEL\KERNELENGINE_KERNELSCHEDULE\DLL_OPENCL\RELEASE\MAINPROGRAM.OBJ
C:\USERS\F11301BS\DROPBOX\GIT_HUB_LOCALREPO\OMNIDB-PARALLELDBONAPU\SRC\KERNEL\KERNELENGINE_KERNELSCHEDULE\DLL_OPENCL\RELEASE\MIDNUMBER.OBJ
C:\USERS\F11301BS\DROPBOX\GIT_HUB_LOCALREPO\OMNIDB-PARALLELDBONAPU\SRC\KERNEL\KERNELENGINE_KERNELSCHEDULE\DLL_OPENCL\RELEASE\PRIMITIVECOMMON.OBJ
C:\USERS\F11301BS\DROPBOX\GIT_HUB_LOCALREPO\OMNIDB-PARALLELDBONAPU\SRC\KERNEL\KERNELENGINE_KERNELSCHEDULE\DLL_OPENCL\RELEASE\PROJECTION.OBJ
C:\USERS\F11301BS\DROPBOX\GIT_HUB_LOCALREPO\OMNIDB-PARALLELDBONAPU\SRC\KERNEL\KERNELENGINE_KERNELSCHEDULE\DLL_OPENCL\RELEASE\SCHEDULER.OBJ
C:\USERS\F11301BS\DROPBOX\GIT_HUB_LOCALREPO\OMNIDB-PARALLELDBONAPU\SRC\KERNEL\KERNELENGINE_KERNELSCHEDULE\DLL_OPENCL\RELEASE\SDKCOMMMON.OBJ
C:\USERS\F11301BS\DROPBOX\GIT_HUB_LOCALREPO\OMNIDB-PARALLELDBONAPU\SRC\KERNEL\KERNELENGINE_KERNELSCHEDULE\DLL_OPENCL\RELEASE\SELECTION.OBJ
C:\USERS\F11301BS\DROPBOX\GIT_HUB_LOCALREPO\OMNIDB-PARALLELDBONAPU\SRC\KERNEL\KERNELENGINE_KERNELSCHEDULE\DLL_OPENCL\RELEASE\SHAREDFUNCTION.OBJ
C:\USERS\F11301BS\DROPBOX\GIT_HUB_LOCALREPO\OMNIDB-PARALLELDBONAPU\SRC\KERNEL\KERNELENGINE_KERNELSCHEDULE\DLL_OPENCL\RELEASE\SINGULAR.OBJ
C:\USERS\F11301BS\DROPBOX\GIT_HUB_LOCALREPO\OMNIDB-PARALLELDBONAPU\SRC\KERNEL\KERNELENGINE_KERNELSCHEDULE\DLL_OPENCL\RELEASE\SORT.OBJ
C:\USERS\F11301BS\DROPBOX\GIT_HUB_LOCALREPO\OMNIDB-PARALLELDBONAPU\SRC\KERNEL\KERNELENGINE_KERNELSCHEDULE\DLL_OPENCL\RELEASE\SPINLOCK.OBJ
C:\USERS\F11301BS\DROPBOX\GIT_HUB_LOCALREPO\OMNIDB-PARALLELDBONAPU\SRC\KERNEL\KERNELENGINE_KERNELSCHEDULE\DLL_OPENCL\RELEASE\TESTAGGAFTERGB.OBJ
C:\USERS\F11301BS\DROPBOX\GIT_HUB_LOCALREPO\OMNIDB-PARALLELDBONAPU\SRC\KERNEL\KERNELENGINE_KERNELSCHEDULE\DLL_OPENCL\RELEASE\TESTFILTER.OBJ
C:\USERS\F11301BS\DROPBOX\GIT_HUB_LOCALREPO\OMNIDB-PARALLELDBONAPU\SRC\KERNEL\KERNELENGINE_KERNELSCHEDULE\DLL_OPENCL\RELEASE\TESTGROUPBY.OBJ
C:\USERS\F11301BS\DROPBOX\GIT_HUB_LOCALREPO\OMNIDB-PARALLELDBONAPU\SRC\KERNEL\KERNELENGINE_KERNELSCHEDULE\DLL_OPENCL\RELEASE\TESTHJ.OBJ
C:\USERS\F11301BS\DROPBOX\GIT_HUB_LOCALREPO\OMNIDB-PARALLELDBONAPU\SRC\KERNEL\KERNELENGINE_KERNELSCHEDULE\DLL_OPENCL\RELEASE\TESTINLJ.OBJ
C:\USERS\F11301BS\DROPBOX\GIT_HUB_LOCALREPO\OMNIDB-PARALLELDBONAPU\SRC\KERNEL\KERNELENGINE_KERNELSCHEDULE\DLL_OPENCL\RELEASE\TESTMAP.OBJ
C:\USERS\F11301BS\DROPBOX\GIT_HUB_LOCALREPO\OMNIDB-PARALLELDBONAPU\SRC\KERNEL\KERNELENGINE_KERNELSCHEDULE\DLL_OPENCL\RELEASE\TESTNINLJ.OBJ
C:\USERS\F11301BS\DROPBOX\GIT_HUB_LOCALREPO\OMNIDB-PARALLELDBONAPU\SRC\KERNEL\KERNELENGINE_KERNELSCHEDULE\DLL_OPENCL\RELEASE\TESTPROJECTION.OBJ
C:\USERS\F11301BS\DROPBOX\GIT_HUB_LOCALREPO\OMNIDB-PARALLELDBONAPU\SRC\KERNEL\KERNELENGINE_KERNELSCHEDULE\DLL_OPENCL\RELEASE\TESTREDUCE.OBJ
C:\USERS\F11301BS\DROPBOX\GIT_HUB_LOCALREPO\OMNIDB-PARALLELDBONAPU\SRC\KERNEL\KERNELENGINE_KERNELSCHEDULE\DLL_OPENCL\RELEASE\TESTRIDLIST.OBJ
C:\USERS\F11301BS\DROPBOX\GIT_HUB_LOCALREPO\OMNIDB-PARALLELDBONAPU\SRC\KERNEL\KERNELENGINE_KERNELSCHEDULE\DLL_OPENCL\RELEASE\TESTSCAN.OBJ
C:\USERS\F11301BS\DROPBOX\GIT_HUB_LOCALREPO\OMNIDB-PARALLELDBONAPU\SRC\KERNEL\KERNELENGINE_KERNELSCHEDULE\DLL_OPENCL\RELEASE\TESTSCATTER.OBJ
C:\USERS\F11301BS\DROPBOX\GIT_HUB_LOCALREPO\OMNIDB-PARALLELDBONAPU\SRC\KERNEL\KERNELENGINE_KERNELSCHEDULE\DLL_OPENCL\RELEASE\TESTSMJ.OBJ
C:\USERS\F11301BS\DROPBOX\GIT_HUB_LOCALREPO\OMNIDB-PARALLELDBONAPU\SRC\KERNEL\KERNELENGINE_KERNELSCHEDULE\DLL_OPENCL\RELEASE\TESTSORT.OBJ
C:\USERS\F11301BS\DROPBOX\GIT_HUB_LOCALREPO\OMNIDB-PARALLELDBONAPU\SRC\KERNEL\KERNELENGINE_KERNELSCHEDULE\DLL_OPENCL\RELEASE\TESTSPLIT.OBJ
C:\USERS\F11301BS\DROPBOX\GIT_HUB_LOCALREPO\OMNIDB-PARALLELDBONAPU\SRC\KERNEL\KERNELENGINE_KERNELSCHEDULE\DLL_OPENCL\RELEASE\TESTVALUE.OBJ
C:\USERS\F11301BS\DROPBOX\GIT_HUB_LOCALREPO\OMNIDB-PARALLELDBONAPU\SRC\KERNEL\KERNELENGINE_KERNELSCHEDULE\DLL_OPENCL\RELEASE\VALIDATE.OBJ
C:\Users\f11301bs\Dropbox\GIT_HUB_LocalRepo\omnidb-paralleldbonapu\src\Kernel\KernelEngine_KernelSchedule\DLL_OpenCL\Release\vc100.pdb
C:\Users\f11301bs\Dropbox\GIT_HUB_LocalRepo\omnidb-paralleldbonapu\src\Kernel\KernelEngine_KernelSchedule\Release\DLL_OpenCL.lib
C:\USERS\PDCC\DESKTOP\VLDBDEMO13-V4\EXPERIMENT\SOURCE\FINALTEST\KERNEL\KERNELENGINE_KERNELSCHEDULE\DLL_OPENCL\RELEASE\AGGAFTERGROUPBY.OBJ
C:\USERS\PDCC\DESKTOP\VLDBDEMO13-V4\EXPERIMENT\SOURCE\FINALTEST\KERNEL\KERNELENGINE_KERNELSCHEDULE\DLL_OPENCL\RELEASE\BINARYJOIN.OBJ
C:\USERS\PDCC\DESKTOP\VLDBDEMO13-V4\EXPERIMENT\SOURCE\FINALTEST\KERNEL\KERNELENGINE_KERNELSCHEDULE\DLL_OPENCL\RELEASE\COMMON.OBJ
C:\USERS\PDCC\DESKTOP\VLDBDEMO13-V4\EXPERIMENT\SOURCE\FINALTEST\KERNEL\KERNELENGINE_KERNELSCHEDULE\DLL_OPENCL\RELEASE\CSSTREE.OBJ
C:\USERS\PDCC\DESKTOP\VLDBDEMO13-V4\EXPERIMENT\SOURCE\FINALTEST\KERNEL\KERNELENGINE_KERNELSCHEDULE\DLL_OPENCL\RELEASE\GENERATOR.OBJ
C:\USERS\PDCC\DESKTOP\VLDBDEMO13-V4\EXPERIMENT\SOURCE\FINALTEST\KERNEL\KERNELENGINE_KERNELSCHEDULE\DLL_OPENCL\RELEASE\GROUPBY.OBJ
C:\USERS\PDCC\DESKTOP\VLDBDEMO13-V4\EXPERIMENT\SOURCE\FINALTEST\KERNEL\KERNELENGINE_KERNELSCHEDULE\DLL_OPENCL\RELEASE\HANDSHAKE.OBJ
C:\USERS\PDCC\DESKTOP\VLDBDEMO13-V4\EXPERIMENT\SOURCE\FINALTEST\KERNEL\KERNELENGINE_KERNELSCHEDULE\DLL_OPENCL\RELEASE\HELPER.OBJ
C:\USERS\PDCC\DESKTOP\VLDBDEMO13-V4\EXPERIMENT\SOURCE\FINALTEST\KERNEL\KERNELENGINE_KERNELSCHEDULE\DLL_OPENCL\RELEASE\INDEXJOIN.OBJ
C:\USERS\PDCC\DESKTOP\VLDBDEMO13-V4\EXPERIMENT\SOURCE\FINALTEST\KERNEL\KERNELENGINE_KERNELSCHEDULE\DLL_OPENCL\RELEASE\KERNELSCHEDULER.OBJ
C:\USERS\PDCC\DESKTOP\VLDBDEMO13-V4\EXPERIMENT\SOURCE\FINALTEST\KERNEL\KERNELENGINE_KERNELSCHEDULE\DLL_OPENCL\RELEASE\MAINPROGRAM.OBJ
C:\USERS\PDCC\DESKTOP\VLDBDEMO13-V4\EXPERIMENT\SOURCE\FINALTEST\KERNEL\KERNELENGINE_KERNELSCHEDULE\DLL_OPENCL\RELEASE\MIDNUMBER.OBJ
C:\USERS\PDCC\DESKTOP\VLDBDEMO13-V4\EXPERIMENT\SOURCE\FINALTEST\KERNEL\KERNELENGINE_KERNELSCHEDULE\DLL_OPENCL\RELEASE\PRIMITIVECOMMON.OBJ
C:\USERS\PDCC\DESKTOP\VLDBDEMO13-V4\EXPERIMENT\SOURCE\FINALTEST\KERNEL\KERNELENGINE_KERNELSCHEDULE\DLL_OPENCL\RELEASE\PROJECTION.OBJ
C:\USERS\PDCC\DESKTOP\VLDBDEMO13-V4\EXPERIMENT\SOURCE\FINALTEST\KERNEL\KERNELENGINE_KERNELSCHEDULE\DLL_OPENCL\RELEASE\SCHEDULER.OBJ
C:\USERS\PDCC\DESKTOP\VLDBDEMO13-V4\EXPERIMENT\SOURCE\FINALTEST\KERNEL\KERNELENGINE_KERNELSCHEDULE\DLL_OPENCL\RELEASE\SDKCOMMMON.OBJ
C:\USERS\PDCC\DESKTOP\VLDBDEMO13-V4\EXPERIMENT\SOURCE\FINALTEST\KERNEL\KERNELENGINE_KERNELSCHEDULE\DLL_OPENCL\RELEASE\SELECTION.OBJ
C:\USERS\PDCC\DESKTOP\VLDBDEMO13-V4\EXPERIMENT\SOURCE\FINALTEST\KERNEL\KERNELENGINE_KERNELSCHEDULE\DLL_OPENCL\RELEASE\SHAREDFUNCTION.OBJ
C:\USERS\PDCC\DESKTOP\VLDBDEMO13-V4\EXPERIMENT\SOURCE\FINALTEST\KERNEL\KERNELENGINE_KERNELSCHEDULE\DLL_OPENCL\RELEASE\SINGULAR.OBJ
C:\USERS\PDCC\DESKTOP\VLDBDEMO13-V4\EXPERIMENT\SOURCE\FINALTEST\KERNEL\KERNELENGINE_KERNELSCHEDULE\DLL_OPENCL\RELEASE\SORT.OBJ
C:\USERS\PDCC\DESKTOP\VLDBDEMO13-V4\EXPERIMENT\SOURCE\FINALTEST\KERNEL\KERNELENGINE_KERNELSCHEDULE\DLL_OPENCL\RELEASE\SPINLOCK.OBJ
C:\USERS\PDCC\DESKTOP\VLDBDEMO13-V4\EXPERIMENT\SOURCE\FINALTEST\KERNEL\KERNELENGINE_KERNELSCHEDULE\DLL_OPENCL\RELEASE\TESTAGGAFTERGB.OBJ
C:\USERS\PDCC\DESKTOP\VLDBDEMO13-V4\EXPERIMENT\SOURCE\FINALTEST\KERNEL\KERNELENGINE_KERNELSCHEDULE\DLL_OPENCL\RELEASE\TESTFILTER.OBJ
C:\USERS\PDCC\DESKTOP\VLDBDEMO13-V4\EXPERIMENT\SOURCE\FINALTEST\KERNEL\KERNELENGINE_KERNELSCHEDULE\DLL_OPENCL\RELEASE\TESTGROUPBY.OBJ
C:\USERS\PDCC\DESKTOP\VLDBDEMO13-V4\EXPERIMENT\SOURCE\FINALTEST\KERNEL\KERNELENGINE_KERNELSCHEDULE\DLL_OPENCL\RELEASE\TESTHJ.OBJ
C:\USERS\PDCC\DESKTOP\VLDBDEMO13-V4\EXPERIMENT\SOURCE\FINALTEST\KERNEL\KERNELENGINE_KERNELSCHEDULE\DLL_OPENCL\RELEASE\TESTINLJ.OBJ
C:\USERS\PDCC\DESKTOP\VLDBDEMO13-V4\EXPERIMENT\SOURCE\FINALTEST\KERNEL\KERNELENGINE_KERNELSCHEDULE\DLL_OPENCL\RELEASE\TESTMAP.OBJ
C:\USERS\PDCC\DESKTOP\VLDBDEMO13-V4\EXPERIMENT\SOURCE\FINALTEST\KERNEL\KERNELENGINE_KERNELSCHEDULE\DLL_OPENCL\RELEASE\TESTNINLJ.OBJ
C:\USERS\PDCC\DESKTOP\VLDBDEMO13-V4\EXPERIMENT\SOURCE\FINALTEST\KERNEL\KERNELENGINE_KERNELSCHEDULE\DLL_OPENCL\RELEASE\TESTPROJECTION.OBJ
C:\USERS\PDCC\DESKTOP\VLDBDEMO13-V4\EXPERIMENT\SOURCE\FINALTEST\KERNEL\KERNELENGINE_KERNELSCHEDULE\DLL_OPENCL\RELEASE\TESTREDUCE.OBJ
C:\USERS\PDCC\DESKTOP\VLDBDEMO13-V4\EXPERIMENT\SOURCE\FINALTEST\KERNEL\KERNELENGINE_KERNELSCHEDULE\DLL_OPENCL\RELEASE\TESTRIDLIST.OBJ
C:\USERS\PDCC\DESKTOP\VLDBDEMO13-V4\EXPERIMENT\SOURCE\FINALTEST\KERNEL\KERNELENGINE_KERNELSCHEDULE\DLL_OPENCL\RELEASE\TESTSCAN.OBJ
C:\USERS\PDCC\DESKTOP\VLDBDEMO13-V4\EXPERIMENT\SOURCE\FINALTEST\KERNEL\KERNELENGINE_KERNELSCHEDULE\DLL_OPENCL\RELEASE\TESTSCATTER.OBJ
C:\USERS\PDCC\DESKTOP\VLDBDEMO13-V4\EXPERIMENT\SOURCE\FINALTEST\KERNEL\KERNELENGINE_KERNELSCHEDULE\DLL_OPENCL\RELEASE\TESTSMJ.OBJ
C:\USERS\PDCC\DESKTOP\VLDBDEMO13-V4\EXPERIMENT\SOURCE\FINALTEST\KERNEL\KERNELENGINE_KERNELSCHEDULE\DLL_OPENCL\RELEASE\TESTSORT.OBJ
C:\USERS\PDCC\DESKTOP\VLDBDEMO13-V4\EXPERIMENT\SOURCE\FINALTEST\KERNEL\KERNELENGINE_KERNELSCHEDULE\DLL_OPENCL\RELEASE\TESTSPLIT.OBJ
C:\USERS\PDCC\DESKTOP\VLDBDEMO13-V4\EXPERIMENT\SOURCE\FINALTEST\KERNEL\KERNELENGINE_KERNELSCHEDULE\DLL_OPENCL\RELEASE\TESTVALUE.OBJ
C:\USERS\PDCC\DESKTOP\VLDBDEMO13-V4\EXPERIMENT\SOURCE\FINALTEST\KERNEL\KERNELENGINE_KERNELSCHEDULE\DLL_OPENCL\RELEASE\VALIDATE.OBJ
C:\USERS\PDCC\DESKTOP\VLDBDEMO13-V4\EXPERIMENT\SOURCE\FINALTEST\KERNEL\KERNELENGINE_KERNELSCHEDULE\DLL_OPENCL\RELEASE\VC100.PDB
C:\USERS\PDCC\DESKTOP\VLDBDEMO13-V4\EXPERIMENT\SOURCE\FINALTEST\KERNEL\KERNELENGINE_KERNELSCHEDULE\RELEASE\DLL_OPENCL.LIB
