C:\USERS\F11301BS\DROPBOX\TONY\FYP\NEWPROJECT\Q_COMBINE - HDONE\KERNELENGINE-DONE- CPU-GPU\DEBUG\DLL_OPENCL.DLL
C:\Users\f11301bs\Dropbox\TONY\FYP\NewProject\Q_combine - HDone\KernelEngine-Done- CPU-GPU\Debug\DLL_OpenCL.exp
C:\USERS\F11301BS\DROPBOX\TONY\FYP\NEWPROJECT\Q_COMBINE - HDONE\KERNELENGINE-DONE- CPU-GPU\DEBUG\DLL_OPENCL.ILK
C:\USERS\F11301BS\DROPBOX\TONY\FYP\NEWPROJECT\Q_COMBINE - HDONE\KERNELENGINE-DONE- CPU-GPU\DEBUG\DLL_OPENCL.LIB
C:\USERS\F11301BS\DROPBOX\TONY\FYP\NEWPROJECT\Q_COMBINE - HDONE\KERNELENGINE-DONE- CPU-GPU\DEBUG\DLL_OPENCL.PDB
C:\USERS\F11301BS\DROPBOX\TONY\FYP\NEWPROJECT\Q_COMBINE - HDONE\KERNELENGINE-DONE- CPU-GPU\DLL_OPENCL\DEBUG\AGGAFTERGROUPBY.OBJ
C:\USERS\F11301BS\DROPBOX\TONY\FYP\NEWPROJECT\Q_COMBINE - HDONE\KERNELENGINE-DONE- CPU-GPU\DLL_OPENCL\DEBUG\BINARYJOIN.OBJ
C:\Users\f11301bs\Dropbox\TONY\FYP\NewProject\Q_combine - HDone\KernelEngine-Done- CPU-GPU\DLL_OpenCL\Debug\cl.command.1.tlog
C:\Users\f11301bs\Dropbox\TONY\FYP\NewProject\Q_combine - HDone\KernelEngine-Done- CPU-GPU\DLL_OpenCL\Debug\CL.read.1.tlog
C:\Users\f11301bs\Dropbox\TONY\FYP\NewProject\Q_combine - HDone\KernelEngine-Done- CPU-GPU\DLL_OpenCL\Debug\CL.write.1.tlog
C:\USERS\F11301BS\DROPBOX\TONY\FYP\NEWPROJECT\Q_COMBINE - HDONE\KERNELENGINE-DONE- CPU-GPU\DLL_OPENCL\DEBUG\COMMON.OBJ
C:\USERS\F11301BS\DROPBOX\TONY\FYP\NEWPROJECT\Q_COMBINE - HDONE\KERNELENGINE-DONE- CPU-GPU\DLL_OPENCL\DEBUG\CSSTREE.OBJ
C:\USERS\F11301BS\DROPBOX\TONY\FYP\NEWPROJECT\Q_COMBINE - HDONE\KERNELENGINE-DONE- CPU-GPU\DLL_OPENCL\DEBUG\DLL_OPENCL.DLL.EMBED.MANIFEST
C:\USERS\F11301BS\DROPBOX\TONY\FYP\NEWPROJECT\Q_COMBINE - HDONE\KERNELENGINE-DONE- CPU-GPU\DLL_OPENCL\DEBUG\DLL_OPENCL.DLL.EMBED.MANIFEST.RES
C:\USERS\F11301BS\DROPBOX\TONY\FYP\NEWPROJECT\Q_COMBINE - HDONE\KERNELENGINE-DONE- CPU-GPU\DLL_OPENCL\DEBUG\DLL_OPENCL.DLL.INTERMEDIATE.MANIFEST
C:\Users\f11301bs\Dropbox\TONY\FYP\NewProject\Q_combine - HDone\KernelEngine-Done- CPU-GPU\DLL_OpenCL\Debug\DLL_OpenCL.exe.embed.manifest
C:\Users\f11301bs\Dropbox\TONY\FYP\NewProject\Q_combine - HDone\KernelEngine-Done- CPU-GPU\DLL_OpenCL\Debug\DLL_OpenCL.exe.embed.manifest.res
C:\Users\f11301bs\Dropbox\TONY\FYP\NewProject\Q_combine - HDone\KernelEngine-Done- CPU-GPU\DLL_OpenCL\Debug\DLL_OpenCL.exe.intermediate.manifest
C:\Users\f11301bs\Dropbox\TONY\FYP\NewProject\Q_combine - HDone\KernelEngine-Done- CPU-GPU\DLL_OpenCL\Debug\DLL_OpenCL.write.1.tlog
C:\Users\f11301bs\Dropbox\TONY\FYP\NewProject\Q_combine - HDone\KernelEngine-Done- CPU-GPU\DLL_OpenCL\Debug\DLL_OpenCL_manifest.rc
C:\USERS\F11301BS\DROPBOX\TONY\FYP\NEWPROJECT\Q_COMBINE - HDONE\KERNELENGINE-DONE- CPU-GPU\DLL_OPENCL\DEBUG\GENERATOR.OBJ
C:\USERS\F11301BS\DROPBOX\TONY\FYP\NEWPROJECT\Q_COMBINE - HDONE\KERNELENGINE-DONE- CPU-GPU\DLL_OPENCL\DEBUG\GROUPBY.OBJ
C:\USERS\F11301BS\DROPBOX\TONY\FYP\NEWPROJECT\Q_COMBINE - HDONE\KERNELENGINE-DONE- CPU-GPU\DLL_OPENCL\DEBUG\HANDSHAKE.OBJ
C:\USERS\F11301BS\DROPBOX\TONY\FYP\NEWPROJECT\Q_COMBINE - HDONE\KERNELENGINE-DONE- CPU-GPU\DLL_OPENCL\DEBUG\HELPER.OBJ
C:\USERS\F11301BS\DROPBOX\TONY\FYP\NEWPROJECT\Q_COMBINE - HDONE\KERNELENGINE-DONE- CPU-GPU\DLL_OPENCL\DEBUG\INDEXJOIN.OBJ
C:\USERS\F11301BS\DROPBOX\TONY\FYP\NEWPROJECT\Q_COMBINE - HDONE\KERNELENGINE-DONE- CPU-GPU\DLL_OPENCL\DEBUG\KERNELSCHEDULER.OBJ
C:\Users\f11301bs\Dropbox\TONY\FYP\NewProject\Q_combine - HDone\KernelEngine-Done- CPU-GPU\DLL_OpenCL\Debug\lib.command.1.tlog
C:\Users\f11301bs\Dropbox\TONY\FYP\NewProject\Q_combine - HDone\KernelEngine-Done- CPU-GPU\DLL_OpenCL\Debug\Lib-link.read.1.tlog
C:\Users\f11301bs\Dropbox\TONY\FYP\NewProject\Q_combine - HDone\KernelEngine-Done- CPU-GPU\DLL_OpenCL\Debug\Lib-link.write.1.tlog
C:\Users\f11301bs\Dropbox\TONY\FYP\NewProject\Q_combine - HDone\KernelEngine-Done- CPU-GPU\DLL_OpenCL\Debug\link.13712.read.1.tlog
C:\Users\f11301bs\Dropbox\TONY\FYP\NewProject\Q_combine - HDone\KernelEngine-Done- CPU-GPU\DLL_OpenCL\Debug\link.13712.write.1.tlog
C:\Users\f11301bs\Dropbox\TONY\FYP\NewProject\Q_combine - HDone\KernelEngine-Done- CPU-GPU\DLL_OpenCL\Debug\link.13712-cvtres.read.1.tlog
C:\Users\f11301bs\Dropbox\TONY\FYP\NewProject\Q_combine - HDone\KernelEngine-Done- CPU-GPU\DLL_OpenCL\Debug\link.13712-cvtres.write.1.tlog
C:\Users\f11301bs\Dropbox\TONY\FYP\NewProject\Q_combine - HDone\KernelEngine-Done- CPU-GPU\DLL_OpenCL\Debug\link.7364.read.1.tlog
C:\Users\f11301bs\Dropbox\TONY\FYP\NewProject\Q_combine - HDone\KernelEngine-Done- CPU-GPU\DLL_OpenCL\Debug\link.7364.write.1.tlog
C:\Users\f11301bs\Dropbox\TONY\FYP\NewProject\Q_combine - HDone\KernelEngine-Done- CPU-GPU\DLL_OpenCL\Debug\link.7364-cvtres.read.1.tlog
C:\Users\f11301bs\Dropbox\TONY\FYP\NewProject\Q_combine - HDone\KernelEngine-Done- CPU-GPU\DLL_OpenCL\Debug\link.7364-cvtres.write.1.tlog
C:\Users\f11301bs\Dropbox\TONY\FYP\NewProject\Q_combine - HDone\KernelEngine-Done- CPU-GPU\DLL_OpenCL\Debug\link.7696.read.1.tlog
C:\Users\f11301bs\Dropbox\TONY\FYP\NewProject\Q_combine - HDone\KernelEngine-Done- CPU-GPU\DLL_OpenCL\Debug\link.7696.write.1.tlog
C:\Users\f11301bs\Dropbox\TONY\FYP\NewProject\Q_combine - HDone\KernelEngine-Done- CPU-GPU\DLL_OpenCL\Debug\link.7696-cvtres.read.1.tlog
C:\Users\f11301bs\Dropbox\TONY\FYP\NewProject\Q_combine - HDone\KernelEngine-Done- CPU-GPU\DLL_OpenCL\Debug\link.7696-cvtres.write.1.tlog
C:\Users\f11301bs\Dropbox\TONY\FYP\NewProject\Q_combine - HDone\KernelEngine-Done- CPU-GPU\DLL_OpenCL\Debug\link.8436.read.1.tlog
C:\Users\f11301bs\Dropbox\TONY\FYP\NewProject\Q_combine - HDone\KernelEngine-Done- CPU-GPU\DLL_OpenCL\Debug\link.8436.write.1.tlog
C:\Users\f11301bs\Dropbox\TONY\FYP\NewProject\Q_combine - HDone\KernelEngine-Done- CPU-GPU\DLL_OpenCL\Debug\link.8436-cvtres.read.1.tlog
C:\Users\f11301bs\Dropbox\TONY\FYP\NewProject\Q_combine - HDone\KernelEngine-Done- CPU-GPU\DLL_OpenCL\Debug\link.8436-cvtres.write.1.tlog
C:\Users\f11301bs\Dropbox\TONY\FYP\NewProject\Q_combine - HDone\KernelEngine-Done- CPU-GPU\DLL_OpenCL\Debug\link.9088.read.1.tlog
C:\Users\f11301bs\Dropbox\TONY\FYP\NewProject\Q_combine - HDone\KernelEngine-Done- CPU-GPU\DLL_OpenCL\Debug\link.9088.write.1.tlog
C:\Users\f11301bs\Dropbox\TONY\FYP\NewProject\Q_combine - HDone\KernelEngine-Done- CPU-GPU\DLL_OpenCL\Debug\link.9088-cvtres.read.1.tlog
C:\Users\f11301bs\Dropbox\TONY\FYP\NewProject\Q_combine - HDone\KernelEngine-Done- CPU-GPU\DLL_OpenCL\Debug\link.9088-cvtres.write.1.tlog
C:\Users\f11301bs\Dropbox\TONY\FYP\NewProject\Q_combine - HDone\KernelEngine-Done- CPU-GPU\DLL_OpenCL\Debug\link.9760.read.1.tlog
C:\Users\f11301bs\Dropbox\TONY\FYP\NewProject\Q_combine - HDone\KernelEngine-Done- CPU-GPU\DLL_OpenCL\Debug\link.9760.write.1.tlog
C:\Users\f11301bs\Dropbox\TONY\FYP\NewProject\Q_combine - HDone\KernelEngine-Done- CPU-GPU\DLL_OpenCL\Debug\link.9760-cvtres.read.1.tlog
C:\Users\f11301bs\Dropbox\TONY\FYP\NewProject\Q_combine - HDone\KernelEngine-Done- CPU-GPU\DLL_OpenCL\Debug\link.9760-cvtres.write.1.tlog
C:\Users\f11301bs\Dropbox\TONY\FYP\NewProject\Q_combine - HDone\KernelEngine-Done- CPU-GPU\DLL_OpenCL\Debug\link.command.1.tlog
C:\Users\f11301bs\Dropbox\TONY\FYP\NewProject\Q_combine - HDone\KernelEngine-Done- CPU-GPU\DLL_OpenCL\Debug\link.read.1.tlog
C:\Users\f11301bs\Dropbox\TONY\FYP\NewProject\Q_combine - HDone\KernelEngine-Done- CPU-GPU\DLL_OpenCL\Debug\link.write.1.tlog
C:\Users\f11301bs\Dropbox\TONY\FYP\NewProject\Q_combine - HDone\KernelEngine-Done- CPU-GPU\DLL_OpenCL\Debug\link-cvtres.read.1.tlog
C:\Users\f11301bs\Dropbox\TONY\FYP\NewProject\Q_combine - HDone\KernelEngine-Done- CPU-GPU\DLL_OpenCL\Debug\link-cvtres.write.1.tlog
C:\USERS\F11301BS\DROPBOX\TONY\FYP\NEWPROJECT\Q_COMBINE - HDONE\KERNELENGINE-DONE- CPU-GPU\DLL_OPENCL\DEBUG\MAINPROGRAM.OBJ
C:\USERS\F11301BS\DROPBOX\TONY\FYP\NEWPROJECT\Q_COMBINE - HDONE\KERNELENGINE-DONE- CPU-GPU\DLL_OPENCL\DEBUG\MIDNUMBER.OBJ
C:\Users\f11301bs\Dropbox\TONY\FYP\NewProject\Q_combine - HDone\KernelEngine-Done- CPU-GPU\DLL_OpenCL\Debug\mt.command.1.tlog
C:\Users\f11301bs\Dropbox\TONY\FYP\NewProject\Q_combine - HDone\KernelEngine-Done- CPU-GPU\DLL_OpenCL\Debug\mt.read.1.tlog
C:\Users\f11301bs\Dropbox\TONY\FYP\NewProject\Q_combine - HDone\KernelEngine-Done- CPU-GPU\DLL_OpenCL\Debug\mt.write.1.tlog
C:\USERS\F11301BS\DROPBOX\TONY\FYP\NEWPROJECT\Q_COMBINE - HDONE\KERNELENGINE-DONE- CPU-GPU\DLL_OPENCL\DEBUG\PRIMITIVECOMMON.OBJ
C:\USERS\F11301BS\DROPBOX\TONY\FYP\NEWPROJECT\Q_COMBINE - HDONE\KERNELENGINE-DONE- CPU-GPU\DLL_OPENCL\DEBUG\PROJECTION.OBJ
C:\Users\f11301bs\Dropbox\TONY\FYP\NewProject\Q_combine - HDone\KernelEngine-Done- CPU-GPU\DLL_OpenCL\Debug\rc.command.1.tlog
C:\Users\f11301bs\Dropbox\TONY\FYP\NewProject\Q_combine - HDone\KernelEngine-Done- CPU-GPU\DLL_OpenCL\Debug\rc.read.1.tlog
C:\Users\f11301bs\Dropbox\TONY\FYP\NewProject\Q_combine - HDone\KernelEngine-Done- CPU-GPU\DLL_OpenCL\Debug\rc.write.1.tlog
C:\USERS\F11301BS\DROPBOX\TONY\FYP\NEWPROJECT\Q_COMBINE - HDONE\KERNELENGINE-DONE- CPU-GPU\DLL_OPENCL\DEBUG\SCHEDULER.OBJ
C:\USERS\F11301BS\DROPBOX\TONY\FYP\NEWPROJECT\Q_COMBINE - HDONE\KERNELENGINE-DONE- CPU-GPU\DLL_OPENCL\DEBUG\SDKCOMMMON.OBJ
C:\USERS\F11301BS\DROPBOX\TONY\FYP\NEWPROJECT\Q_COMBINE - HDONE\KERNELENGINE-DONE- CPU-GPU\DLL_OPENCL\DEBUG\SELECTION.OBJ
C:\USERS\F11301BS\DROPBOX\TONY\FYP\NEWPROJECT\Q_COMBINE - HDONE\KERNELENGINE-DONE- CPU-GPU\DLL_OPENCL\DEBUG\SHAREDFUNCTION.OBJ
C:\USERS\F11301BS\DROPBOX\TONY\FYP\NEWPROJECT\Q_COMBINE - HDONE\KERNELENGINE-DONE- CPU-GPU\DLL_OPENCL\DEBUG\SINGULAR.OBJ
C:\USERS\F11301BS\DROPBOX\TONY\FYP\NEWPROJECT\Q_COMBINE - HDONE\KERNELENGINE-DONE- CPU-GPU\DLL_OPENCL\DEBUG\SORT.OBJ
C:\USERS\F11301BS\DROPBOX\TONY\FYP\NEWPROJECT\Q_COMBINE - HDONE\KERNELENGINE-DONE- CPU-GPU\DLL_OPENCL\DEBUG\SPINLOCK.OBJ
C:\USERS\F11301BS\DROPBOX\TONY\FYP\NEWPROJECT\Q_COMBINE - HDONE\KERNELENGINE-DONE- CPU-GPU\DLL_OPENCL\DEBUG\TESTAGGAFTERGB.OBJ
C:\USERS\F11301BS\DROPBOX\TONY\FYP\NEWPROJECT\Q_COMBINE - HDONE\KERNELENGINE-DONE- CPU-GPU\DLL_OPENCL\DEBUG\TESTFILTER.OBJ
C:\USERS\F11301BS\DROPBOX\TONY\FYP\NEWPROJECT\Q_COMBINE - HDONE\KERNELENGINE-DONE- CPU-GPU\DLL_OPENCL\DEBUG\TESTGROUPBY.OBJ
C:\USERS\F11301BS\DROPBOX\TONY\FYP\NEWPROJECT\Q_COMBINE - HDONE\KERNELENGINE-DONE- CPU-GPU\DLL_OPENCL\DEBUG\TESTHJ.OBJ
C:\USERS\F11301BS\DROPBOX\TONY\FYP\NEWPROJECT\Q_COMBINE - HDONE\KERNELENGINE-DONE- CPU-GPU\DLL_OPENCL\DEBUG\TESTINLJ.OBJ
C:\USERS\F11301BS\DROPBOX\TONY\FYP\NEWPROJECT\Q_COMBINE - HDONE\KERNELENGINE-DONE- CPU-GPU\DLL_OPENCL\DEBUG\TESTMAP.OBJ
C:\USERS\F11301BS\DROPBOX\TONY\FYP\NEWPROJECT\Q_COMBINE - HDONE\KERNELENGINE-DONE- CPU-GPU\DLL_OPENCL\DEBUG\TESTNINLJ.OBJ
C:\USERS\F11301BS\DROPBOX\TONY\FYP\NEWPROJECT\Q_COMBINE - HDONE\KERNELENGINE-DONE- CPU-GPU\DLL_OPENCL\DEBUG\TESTPROJECTION.OBJ
C:\USERS\F11301BS\DROPBOX\TONY\FYP\NEWPROJECT\Q_COMBINE - HDONE\KERNELENGINE-DONE- CPU-GPU\DLL_OPENCL\DEBUG\TESTREDUCE.OBJ
C:\USERS\F11301BS\DROPBOX\TONY\FYP\NEWPROJECT\Q_COMBINE - HDONE\KERNELENGINE-DONE- CPU-GPU\DLL_OPENCL\DEBUG\TESTRIDLIST.OBJ
C:\USERS\F11301BS\DROPBOX\TONY\FYP\NEWPROJECT\Q_COMBINE - HDONE\KERNELENGINE-DONE- CPU-GPU\DLL_OPENCL\DEBUG\TESTSCAN.OBJ
C:\USERS\F11301BS\DROPBOX\TONY\FYP\NEWPROJECT\Q_COMBINE - HDONE\KERNELENGINE-DONE- CPU-GPU\DLL_OPENCL\DEBUG\TESTSCATTER.OBJ
C:\USERS\F11301BS\DROPBOX\TONY\FYP\NEWPROJECT\Q_COMBINE - HDONE\KERNELENGINE-DONE- CPU-GPU\DLL_OPENCL\DEBUG\TESTSMJ.OBJ
C:\USERS\F11301BS\DROPBOX\TONY\FYP\NEWPROJECT\Q_COMBINE - HDONE\KERNELENGINE-DONE- CPU-GPU\DLL_OPENCL\DEBUG\TESTSORT.OBJ
C:\USERS\F11301BS\DROPBOX\TONY\FYP\NEWPROJECT\Q_COMBINE - HDONE\KERNELENGINE-DONE- CPU-GPU\DLL_OPENCL\DEBUG\TESTSPLIT.OBJ
C:\USERS\F11301BS\DROPBOX\TONY\FYP\NEWPROJECT\Q_COMBINE - HDONE\KERNELENGINE-DONE- CPU-GPU\DLL_OPENCL\DEBUG\TESTVALUE.OBJ
C:\USERS\F11301BS\DROPBOX\TONY\FYP\NEWPROJECT\Q_COMBINE - HDONE\KERNELENGINE-DONE- CPU-GPU\DLL_OPENCL\DEBUG\VALIDATE.OBJ
C:\Users\f11301bs\Dropbox\TONY\FYP\NewProject\Q_combine - HDone\KernelEngine-Done- CPU-GPU\DLL_OpenCL\Debug\vc100.idb
C:\USERS\F11301BS\DROPBOX\TONY\FYP\NEWPROJECT\Q_COMBINE - HDONE\KERNELENGINE-DONE- CPU-GPU\DLL_OPENCL\DEBUG\VC100.PDB
C:\USERS\F11301BS\DROPBOX\TONY\FYP\WORKING\DIS-GPU\K_COMBINE -H2DONE\KERNELENGINE-H3DONE- CPU-GPU\DEBUG\DLL_OPENCL.EXE
C:\Users\f11301bs\Dropbox\TONY\FYP\Working\Dis-GPU\K_combine -H2Done\KernelEngine-H3Done- CPU-GPU\Debug\DLL_OpenCL.exp
C:\USERS\F11301BS\DROPBOX\TONY\FYP\WORKING\DIS-GPU\K_COMBINE -H2DONE\KERNELENGINE-H3DONE- CPU-GPU\DEBUG\DLL_OPENCL.ILK
C:\Users\f11301bs\Dropbox\TONY\FYP\Working\Dis-GPU\K_combine -H2Done\KernelEngine-H3Done- CPU-GPU\Debug\DLL_OpenCL.lib
C:\USERS\F11301BS\DROPBOX\TONY\FYP\WORKING\DIS-GPU\K_COMBINE -H2DONE\KERNELENGINE-H3DONE- CPU-GPU\DEBUG\DLL_OPENCL.PDB
C:\USERS\F11301BS\DROPBOX\TONY\FYP\WORKING\DIS-GPU\K_COMBINE -H2DONE\KERNELENGINE-H3DONE- CPU-GPU\DLL_OPENCL\DEBUG\AGGAFTERGROUPBY.OBJ
C:\USERS\F11301BS\DROPBOX\TONY\FYP\WORKING\DIS-GPU\K_COMBINE -H2DONE\KERNELENGINE-H3DONE- CPU-GPU\DLL_OPENCL\DEBUG\BINARYJOIN.OBJ
C:\USERS\F11301BS\DROPBOX\TONY\FYP\WORKING\DIS-GPU\K_COMBINE -H2DONE\KERNELENGINE-H3DONE- CPU-GPU\DLL_OPENCL\DEBUG\COMMON.OBJ
C:\USERS\F11301BS\DROPBOX\TONY\FYP\WORKING\DIS-GPU\K_COMBINE -H2DONE\KERNELENGINE-H3DONE- CPU-GPU\DLL_OPENCL\DEBUG\CSSTREE.OBJ
C:\USERS\F11301BS\DROPBOX\TONY\FYP\WORKING\DIS-GPU\K_COMBINE -H2DONE\KERNELENGINE-H3DONE- CPU-GPU\DLL_OPENCL\DEBUG\DLL_OPENCL.EXE.EMBED.MANIFEST.RES
C:\USERS\F11301BS\DROPBOX\TONY\FYP\WORKING\DIS-GPU\K_COMBINE -H2DONE\KERNELENGINE-H3DONE- CPU-GPU\DLL_OPENCL\DEBUG\DLL_OPENCL.EXE.INTERMEDIATE.MANIFEST
C:\USERS\F11301BS\DROPBOX\TONY\FYP\WORKING\DIS-GPU\K_COMBINE -H2DONE\KERNELENGINE-H3DONE- CPU-GPU\DLL_OPENCL\DEBUG\GENERATOR.OBJ
C:\USERS\F11301BS\DROPBOX\TONY\FYP\WORKING\DIS-GPU\K_COMBINE -H2DONE\KERNELENGINE-H3DONE- CPU-GPU\DLL_OPENCL\DEBUG\GROUPBY.OBJ
C:\USERS\F11301BS\DROPBOX\TONY\FYP\WORKING\DIS-GPU\K_COMBINE -H2DONE\KERNELENGINE-H3DONE- CPU-GPU\DLL_OPENCL\DEBUG\HANDSHAKE.OBJ
C:\USERS\F11301BS\DROPBOX\TONY\FYP\WORKING\DIS-GPU\K_COMBINE -H2DONE\KERNELENGINE-H3DONE- CPU-GPU\DLL_OPENCL\DEBUG\HELPER.OBJ
C:\USERS\F11301BS\DROPBOX\TONY\FYP\WORKING\DIS-GPU\K_COMBINE -H2DONE\KERNELENGINE-H3DONE- CPU-GPU\DLL_OPENCL\DEBUG\INDEXJOIN.OBJ
C:\USERS\F11301BS\DROPBOX\TONY\FYP\WORKING\DIS-GPU\K_COMBINE -H2DONE\KERNELENGINE-H3DONE- CPU-GPU\DLL_OPENCL\DEBUG\KERNELSCHEDULER.OBJ
C:\USERS\F11301BS\DROPBOX\TONY\FYP\WORKING\DIS-GPU\K_COMBINE -H2DONE\KERNELENGINE-H3DONE- CPU-GPU\DLL_OPENCL\DEBUG\MAINPROGRAM.OBJ
C:\USERS\F11301BS\DROPBOX\TONY\FYP\WORKING\DIS-GPU\K_COMBINE -H2DONE\KERNELENGINE-H3DONE- CPU-GPU\DLL_OPENCL\DEBUG\MIDNUMBER.OBJ
C:\USERS\F11301BS\DROPBOX\TONY\FYP\WORKING\DIS-GPU\K_COMBINE -H2DONE\KERNELENGINE-H3DONE- CPU-GPU\DLL_OPENCL\DEBUG\PRIMITIVECOMMON.OBJ
C:\USERS\F11301BS\DROPBOX\TONY\FYP\WORKING\DIS-GPU\K_COMBINE -H2DONE\KERNELENGINE-H3DONE- CPU-GPU\DLL_OPENCL\DEBUG\PROJECTION.OBJ
C:\USERS\F11301BS\DROPBOX\TONY\FYP\WORKING\DIS-GPU\K_COMBINE -H2DONE\KERNELENGINE-H3DONE- CPU-GPU\DLL_OPENCL\DEBUG\SCHEDULER.OBJ
C:\USERS\F11301BS\DROPBOX\TONY\FYP\WORKING\DIS-GPU\K_COMBINE -H2DONE\KERNELENGINE-H3DONE- CPU-GPU\DLL_OPENCL\DEBUG\SDKCOMMMON.OBJ
C:\USERS\F11301BS\DROPBOX\TONY\FYP\WORKING\DIS-GPU\K_COMBINE -H2DONE\KERNELENGINE-H3DONE- CPU-GPU\DLL_OPENCL\DEBUG\SELECTION.OBJ
C:\USERS\F11301BS\DROPBOX\TONY\FYP\WORKING\DIS-GPU\K_COMBINE -H2DONE\KERNELENGINE-H3DONE- CPU-GPU\DLL_OPENCL\DEBUG\SHAREDFUNCTION.OBJ
C:\USERS\F11301BS\DROPBOX\TONY\FYP\WORKING\DIS-GPU\K_COMBINE -H2DONE\KERNELENGINE-H3DONE- CPU-GPU\DLL_OPENCL\DEBUG\SINGULAR.OBJ
C:\USERS\F11301BS\DROPBOX\TONY\FYP\WORKING\DIS-GPU\K_COMBINE -H2DONE\KERNELENGINE-H3DONE- CPU-GPU\DLL_OPENCL\DEBUG\SORT.OBJ
C:\USERS\F11301BS\DROPBOX\TONY\FYP\WORKING\DIS-GPU\K_COMBINE -H2DONE\KERNELENGINE-H3DONE- CPU-GPU\DLL_OPENCL\DEBUG\SPINLOCK.OBJ
C:\USERS\F11301BS\DROPBOX\TONY\FYP\WORKING\DIS-GPU\K_COMBINE -H2DONE\KERNELENGINE-H3DONE- CPU-GPU\DLL_OPENCL\DEBUG\TESTAGGAFTERGB.OBJ
C:\USERS\F11301BS\DROPBOX\TONY\FYP\WORKING\DIS-GPU\K_COMBINE -H2DONE\KERNELENGINE-H3DONE- CPU-GPU\DLL_OPENCL\DEBUG\TESTFILTER.OBJ
C:\USERS\F11301BS\DROPBOX\TONY\FYP\WORKING\DIS-GPU\K_COMBINE -H2DONE\KERNELENGINE-H3DONE- CPU-GPU\DLL_OPENCL\DEBUG\TESTGROUPBY.OBJ
C:\USERS\F11301BS\DROPBOX\TONY\FYP\WORKING\DIS-GPU\K_COMBINE -H2DONE\KERNELENGINE-H3DONE- CPU-GPU\DLL_OPENCL\DEBUG\TESTHJ.OBJ
C:\USERS\F11301BS\DROPBOX\TONY\FYP\WORKING\DIS-GPU\K_COMBINE -H2DONE\KERNELENGINE-H3DONE- CPU-GPU\DLL_OPENCL\DEBUG\TESTINLJ.OBJ
C:\USERS\F11301BS\DROPBOX\TONY\FYP\WORKING\DIS-GPU\K_COMBINE -H2DONE\KERNELENGINE-H3DONE- CPU-GPU\DLL_OPENCL\DEBUG\TESTMAP.OBJ
C:\USERS\F11301BS\DROPBOX\TONY\FYP\WORKING\DIS-GPU\K_COMBINE -H2DONE\KERNELENGINE-H3DONE- CPU-GPU\DLL_OPENCL\DEBUG\TESTNINLJ.OBJ
C:\USERS\F11301BS\DROPBOX\TONY\FYP\WORKING\DIS-GPU\K_COMBINE -H2DONE\KERNELENGINE-H3DONE- CPU-GPU\DLL_OPENCL\DEBUG\TESTPROJECTION.OBJ
C:\USERS\F11301BS\DROPBOX\TONY\FYP\WORKING\DIS-GPU\K_COMBINE -H2DONE\KERNELENGINE-H3DONE- CPU-GPU\DLL_OPENCL\DEBUG\TESTREDUCE.OBJ
C:\USERS\F11301BS\DROPBOX\TONY\FYP\WORKING\DIS-GPU\K_COMBINE -H2DONE\KERNELENGINE-H3DONE- CPU-GPU\DLL_OPENCL\DEBUG\TESTRIDLIST.OBJ
C:\USERS\F11301BS\DROPBOX\TONY\FYP\WORKING\DIS-GPU\K_COMBINE -H2DONE\KERNELENGINE-H3DONE- CPU-GPU\DLL_OPENCL\DEBUG\TESTSCAN.OBJ
C:\USERS\F11301BS\DROPBOX\TONY\FYP\WORKING\DIS-GPU\K_COMBINE -H2DONE\KERNELENGINE-H3DONE- CPU-GPU\DLL_OPENCL\DEBUG\TESTSCATTER.OBJ
C:\USERS\F11301BS\DROPBOX\TONY\FYP\WORKING\DIS-GPU\K_COMBINE -H2DONE\KERNELENGINE-H3DONE- CPU-GPU\DLL_OPENCL\DEBUG\TESTSMJ.OBJ
C:\USERS\F11301BS\DROPBOX\TONY\FYP\WORKING\DIS-GPU\K_COMBINE -H2DONE\KERNELENGINE-H3DONE- CPU-GPU\DLL_OPENCL\DEBUG\TESTSORT.OBJ
C:\USERS\F11301BS\DROPBOX\TONY\FYP\WORKING\DIS-GPU\K_COMBINE -H2DONE\KERNELENGINE-H3DONE- CPU-GPU\DLL_OPENCL\DEBUG\TESTSPLIT.OBJ
C:\USERS\F11301BS\DROPBOX\TONY\FYP\WORKING\DIS-GPU\K_COMBINE -H2DONE\KERNELENGINE-H3DONE- CPU-GPU\DLL_OPENCL\DEBUG\TESTVALUE.OBJ
C:\USERS\F11301BS\DROPBOX\TONY\FYP\WORKING\DIS-GPU\K_COMBINE -H2DONE\KERNELENGINE-H3DONE- CPU-GPU\DLL_OPENCL\DEBUG\VALIDATE.OBJ
C:\USERS\F11301BS\DROPBOX\TONY\FYP\WORKING\DIS-GPU\K_COMBINE -H2DONE\KERNELENGINE-H3DONE- CPU-GPU\DLL_OPENCL\DEBUG\VC100.PDB
C:\USERS\F11301BS\DROPBOX\TONY\FYP\WORKING\DIS-GPU\K_COMBINE -H2DONE\KERNELENGINE-H4DONE- CPU-GPU\DEBUG\DLL_OPENCL.EXE
C:\Users\f11301bs\Dropbox\TONY\FYP\Working\Dis-GPU\K_combine -H2Done\KernelEngine-H4Done- CPU-GPU\Debug\DLL_OpenCL.exp
C:\USERS\F11301BS\DROPBOX\TONY\FYP\WORKING\DIS-GPU\K_COMBINE -H2DONE\KERNELENGINE-H4DONE- CPU-GPU\DEBUG\DLL_OPENCL.ILK
C:\Users\f11301bs\Dropbox\TONY\FYP\Working\Dis-GPU\K_combine -H2Done\KernelEngine-H4Done- CPU-GPU\Debug\DLL_OpenCL.lib
C:\USERS\F11301BS\DROPBOX\TONY\FYP\WORKING\DIS-GPU\K_COMBINE -H2DONE\KERNELENGINE-H4DONE- CPU-GPU\DEBUG\DLL_OPENCL.PDB
C:\USERS\F11301BS\DROPBOX\TONY\FYP\WORKING\DIS-GPU\K_COMBINE -H2DONE\KERNELENGINE-H4DONE- CPU-GPU\DLL_OPENCL\DEBUG\AGGAFTERGROUPBY.OBJ
C:\USERS\F11301BS\DROPBOX\TONY\FYP\WORKING\DIS-GPU\K_COMBINE -H2DONE\KERNELENGINE-H4DONE- CPU-GPU\DLL_OPENCL\DEBUG\BINARYJOIN.OBJ
C:\USERS\F11301BS\DROPBOX\TONY\FYP\WORKING\DIS-GPU\K_COMBINE -H2DONE\KERNELENGINE-H4DONE- CPU-GPU\DLL_OPENCL\DEBUG\COMMON.OBJ
C:\USERS\F11301BS\DROPBOX\TONY\FYP\WORKING\DIS-GPU\K_COMBINE -H2DONE\KERNELENGINE-H4DONE- CPU-GPU\DLL_OPENCL\DEBUG\CSSTREE.OBJ
C:\USERS\F11301BS\DROPBOX\TONY\FYP\WORKING\DIS-GPU\K_COMBINE -H2DONE\KERNELENGINE-H4DONE- CPU-GPU\DLL_OPENCL\DEBUG\DLL_OPENCL.EXE.EMBED.MANIFEST.RES
C:\USERS\F11301BS\DROPBOX\TONY\FYP\WORKING\DIS-GPU\K_COMBINE -H2DONE\KERNELENGINE-H4DONE- CPU-GPU\DLL_OPENCL\DEBUG\DLL_OPENCL.EXE.INTERMEDIATE.MANIFEST
C:\USERS\F11301BS\DROPBOX\TONY\FYP\WORKING\DIS-GPU\K_COMBINE -H2DONE\KERNELENGINE-H4DONE- CPU-GPU\DLL_OPENCL\DEBUG\GENERATOR.OBJ
C:\USERS\F11301BS\DROPBOX\TONY\FYP\WORKING\DIS-GPU\K_COMBINE -H2DONE\KERNELENGINE-H4DONE- CPU-GPU\DLL_OPENCL\DEBUG\GROUPBY.OBJ
C:\USERS\F11301BS\DROPBOX\TONY\FYP\WORKING\DIS-GPU\K_COMBINE -H2DONE\KERNELENGINE-H4DONE- CPU-GPU\DLL_OPENCL\DEBUG\HANDSHAKE.OBJ
C:\USERS\F11301BS\DROPBOX\TONY\FYP\WORKING\DIS-GPU\K_COMBINE -H2DONE\KERNELENGINE-H4DONE- CPU-GPU\DLL_OPENCL\DEBUG\HELPER.OBJ
C:\USERS\F11301BS\DROPBOX\TONY\FYP\WORKING\DIS-GPU\K_COMBINE -H2DONE\KERNELENGINE-H4DONE- CPU-GPU\DLL_OPENCL\DEBUG\INDEXJOIN.OBJ
C:\USERS\F11301BS\DROPBOX\TONY\FYP\WORKING\DIS-GPU\K_COMBINE -H2DONE\KERNELENGINE-H4DONE- CPU-GPU\DLL_OPENCL\DEBUG\KERNELSCHEDULER.OBJ
C:\USERS\F11301BS\DROPBOX\TONY\FYP\WORKING\DIS-GPU\K_COMBINE -H2DONE\KERNELENGINE-H4DONE- CPU-GPU\DLL_OPENCL\DEBUG\MAINPROGRAM.OBJ
C:\USERS\F11301BS\DROPBOX\TONY\FYP\WORKING\DIS-GPU\K_COMBINE -H2DONE\KERNELENGINE-H4DONE- CPU-GPU\DLL_OPENCL\DEBUG\MIDNUMBER.OBJ
C:\USERS\F11301BS\DROPBOX\TONY\FYP\WORKING\DIS-GPU\K_COMBINE -H2DONE\KERNELENGINE-H4DONE- CPU-GPU\DLL_OPENCL\DEBUG\PRIMITIVECOMMON.OBJ
C:\USERS\F11301BS\DROPBOX\TONY\FYP\WORKING\DIS-GPU\K_COMBINE -H2DONE\KERNELENGINE-H4DONE- CPU-GPU\DLL_OPENCL\DEBUG\PROJECTION.OBJ
C:\USERS\F11301BS\DROPBOX\TONY\FYP\WORKING\DIS-GPU\K_COMBINE -H2DONE\KERNELENGINE-H4DONE- CPU-GPU\DLL_OPENCL\DEBUG\SCHEDULER.OBJ
C:\USERS\F11301BS\DROPBOX\TONY\FYP\WORKING\DIS-GPU\K_COMBINE -H2DONE\KERNELENGINE-H4DONE- CPU-GPU\DLL_OPENCL\DEBUG\SDKCOMMMON.OBJ
C:\USERS\F11301BS\DROPBOX\TONY\FYP\WORKING\DIS-GPU\K_COMBINE -H2DONE\KERNELENGINE-H4DONE- CPU-GPU\DLL_OPENCL\DEBUG\SELECTION.OBJ
C:\USERS\F11301BS\DROPBOX\TONY\FYP\WORKING\DIS-GPU\K_COMBINE -H2DONE\KERNELENGINE-H4DONE- CPU-GPU\DLL_OPENCL\DEBUG\SHAREDFUNCTION.OBJ
C:\USERS\F11301BS\DROPBOX\TONY\FYP\WORKING\DIS-GPU\K_COMBINE -H2DONE\KERNELENGINE-H4DONE- CPU-GPU\DLL_OPENCL\DEBUG\SINGULAR.OBJ
C:\USERS\F11301BS\DROPBOX\TONY\FYP\WORKING\DIS-GPU\K_COMBINE -H2DONE\KERNELENGINE-H4DONE- CPU-GPU\DLL_OPENCL\DEBUG\SORT.OBJ
C:\USERS\F11301BS\DROPBOX\TONY\FYP\WORKING\DIS-GPU\K_COMBINE -H2DONE\KERNELENGINE-H4DONE- CPU-GPU\DLL_OPENCL\DEBUG\SPINLOCK.OBJ
C:\USERS\F11301BS\DROPBOX\TONY\FYP\WORKING\DIS-GPU\K_COMBINE -H2DONE\KERNELENGINE-H4DONE- CPU-GPU\DLL_OPENCL\DEBUG\TESTAGGAFTERGB.OBJ
C:\USERS\F11301BS\DROPBOX\TONY\FYP\WORKING\DIS-GPU\K_COMBINE -H2DONE\KERNELENGINE-H4DONE- CPU-GPU\DLL_OPENCL\DEBUG\TESTFILTER.OBJ
C:\USERS\F11301BS\DROPBOX\TONY\FYP\WORKING\DIS-GPU\K_COMBINE -H2DONE\KERNELENGINE-H4DONE- CPU-GPU\DLL_OPENCL\DEBUG\TESTGROUPBY.OBJ
C:\USERS\F11301BS\DROPBOX\TONY\FYP\WORKING\DIS-GPU\K_COMBINE -H2DONE\KERNELENGINE-H4DONE- CPU-GPU\DLL_OPENCL\DEBUG\TESTHJ.OBJ
C:\USERS\F11301BS\DROPBOX\TONY\FYP\WORKING\DIS-GPU\K_COMBINE -H2DONE\KERNELENGINE-H4DONE- CPU-GPU\DLL_OPENCL\DEBUG\TESTINLJ.OBJ
C:\USERS\F11301BS\DROPBOX\TONY\FYP\WORKING\DIS-GPU\K_COMBINE -H2DONE\KERNELENGINE-H4DONE- CPU-GPU\DLL_OPENCL\DEBUG\TESTMAP.OBJ
C:\USERS\F11301BS\DROPBOX\TONY\FYP\WORKING\DIS-GPU\K_COMBINE -H2DONE\KERNELENGINE-H4DONE- CPU-GPU\DLL_OPENCL\DEBUG\TESTNINLJ.OBJ
C:\USERS\F11301BS\DROPBOX\TONY\FYP\WORKING\DIS-GPU\K_COMBINE -H2DONE\KERNELENGINE-H4DONE- CPU-GPU\DLL_OPENCL\DEBUG\TESTPROJECTION.OBJ
C:\USERS\F11301BS\DROPBOX\TONY\FYP\WORKING\DIS-GPU\K_COMBINE -H2DONE\KERNELENGINE-H4DONE- CPU-GPU\DLL_OPENCL\DEBUG\TESTREDUCE.OBJ
C:\USERS\F11301BS\DROPBOX\TONY\FYP\WORKING\DIS-GPU\K_COMBINE -H2DONE\KERNELENGINE-H4DONE- CPU-GPU\DLL_OPENCL\DEBUG\TESTRIDLIST.OBJ
C:\USERS\F11301BS\DROPBOX\TONY\FYP\WORKING\DIS-GPU\K_COMBINE -H2DONE\KERNELENGINE-H4DONE- CPU-GPU\DLL_OPENCL\DEBUG\TESTSCAN.OBJ
C:\USERS\F11301BS\DROPBOX\TONY\FYP\WORKING\DIS-GPU\K_COMBINE -H2DONE\KERNELENGINE-H4DONE- CPU-GPU\DLL_OPENCL\DEBUG\TESTSCATTER.OBJ
C:\USERS\F11301BS\DROPBOX\TONY\FYP\WORKING\DIS-GPU\K_COMBINE -H2DONE\KERNELENGINE-H4DONE- CPU-GPU\DLL_OPENCL\DEBUG\TESTSMJ.OBJ
C:\USERS\F11301BS\DROPBOX\TONY\FYP\WORKING\DIS-GPU\K_COMBINE -H2DONE\KERNELENGINE-H4DONE- CPU-GPU\DLL_OPENCL\DEBUG\TESTSORT.OBJ
C:\USERS\F11301BS\DROPBOX\TONY\FYP\WORKING\DIS-GPU\K_COMBINE -H2DONE\KERNELENGINE-H4DONE- CPU-GPU\DLL_OPENCL\DEBUG\TESTSPLIT.OBJ
C:\USERS\F11301BS\DROPBOX\TONY\FYP\WORKING\DIS-GPU\K_COMBINE -H2DONE\KERNELENGINE-H4DONE- CPU-GPU\DLL_OPENCL\DEBUG\TESTVALUE.OBJ
C:\USERS\F11301BS\DROPBOX\TONY\FYP\WORKING\DIS-GPU\K_COMBINE -H2DONE\KERNELENGINE-H4DONE- CPU-GPU\DLL_OPENCL\DEBUG\VALIDATE.OBJ
C:\USERS\F11301BS\DROPBOX\TONY\FYP\WORKING\DIS-GPU\K_COMBINE -H2DONE\KERNELENGINE-H4DONE- CPU-GPU\DLL_OPENCL\DEBUG\VC100.PDB
C:\USERS\F11301BS\DROPBOX\TONY\FYP\WORKING\DIS-GPU\O_COMBINE - HDONE\KERNELENGINE-H4DONE- CPU-GPU\DEBUG\DLL_OPENCL.LIB
C:\USERS\F11301BS\DROPBOX\TONY\FYP\WORKING\DIS-GPU\O_COMBINE - HDONE\KERNELENGINE-H4DONE- CPU-GPU\DLL_OPENCL\DEBUG\AGGAFTERGROUPBY.OBJ
C:\USERS\F11301BS\DROPBOX\TONY\FYP\WORKING\DIS-GPU\O_COMBINE - HDONE\KERNELENGINE-H4DONE- CPU-GPU\DLL_OPENCL\DEBUG\BINARYJOIN.OBJ
C:\USERS\F11301BS\DROPBOX\TONY\FYP\WORKING\DIS-GPU\O_COMBINE - HDONE\KERNELENGINE-H4DONE- CPU-GPU\DLL_OPENCL\DEBUG\COMMON.OBJ
C:\USERS\F11301BS\DROPBOX\TONY\FYP\WORKING\DIS-GPU\O_COMBINE - HDONE\KERNELENGINE-H4DONE- CPU-GPU\DLL_OPENCL\DEBUG\CSSTREE.OBJ
C:\USERS\F11301BS\DROPBOX\TONY\FYP\WORKING\DIS-GPU\O_COMBINE - HDONE\KERNELENGINE-H4DONE- CPU-GPU\DLL_OPENCL\DEBUG\DLL_OPENCL.EXE.EMBED.MANIFEST.RES
C:\USERS\F11301BS\DROPBOX\TONY\FYP\WORKING\DIS-GPU\O_COMBINE - HDONE\KERNELENGINE-H4DONE- CPU-GPU\DLL_OPENCL\DEBUG\GENERATOR.OBJ
C:\USERS\F11301BS\DROPBOX\TONY\FYP\WORKING\DIS-GPU\O_COMBINE - HDONE\KERNELENGINE-H4DONE- CPU-GPU\DLL_OPENCL\DEBUG\GROUPBY.OBJ
C:\USERS\F11301BS\DROPBOX\TONY\FYP\WORKING\DIS-GPU\O_COMBINE - HDONE\KERNELENGINE-H4DONE- CPU-GPU\DLL_OPENCL\DEBUG\HANDSHAKE.OBJ
C:\USERS\F11301BS\DROPBOX\TONY\FYP\WORKING\DIS-GPU\O_COMBINE - HDONE\KERNELENGINE-H4DONE- CPU-GPU\DLL_OPENCL\DEBUG\HELPER.OBJ
C:\USERS\F11301BS\DROPBOX\TONY\FYP\WORKING\DIS-GPU\O_COMBINE - HDONE\KERNELENGINE-H4DONE- CPU-GPU\DLL_OPENCL\DEBUG\INDEXJOIN.OBJ
C:\USERS\F11301BS\DROPBOX\TONY\FYP\WORKING\DIS-GPU\O_COMBINE - HDONE\KERNELENGINE-H4DONE- CPU-GPU\DLL_OPENCL\DEBUG\KERNELSCHEDULER.OBJ
C:\USERS\F11301BS\DROPBOX\TONY\FYP\WORKING\DIS-GPU\O_COMBINE - HDONE\KERNELENGINE-H4DONE- CPU-GPU\DLL_OPENCL\DEBUG\MAINPROGRAM.OBJ
C:\USERS\F11301BS\DROPBOX\TONY\FYP\WORKING\DIS-GPU\O_COMBINE - HDONE\KERNELENGINE-H4DONE- CPU-GPU\DLL_OPENCL\DEBUG\MIDNUMBER.OBJ
C:\USERS\F11301BS\DROPBOX\TONY\FYP\WORKING\DIS-GPU\O_COMBINE - HDONE\KERNELENGINE-H4DONE- CPU-GPU\DLL_OPENCL\DEBUG\PRIMITIVECOMMON.OBJ
C:\USERS\F11301BS\DROPBOX\TONY\FYP\WORKING\DIS-GPU\O_COMBINE - HDONE\KERNELENGINE-H4DONE- CPU-GPU\DLL_OPENCL\DEBUG\PROJECTION.OBJ
C:\USERS\F11301BS\DROPBOX\TONY\FYP\WORKING\DIS-GPU\O_COMBINE - HDONE\KERNELENGINE-H4DONE- CPU-GPU\DLL_OPENCL\DEBUG\SCHEDULER.OBJ
C:\USERS\F11301BS\DROPBOX\TONY\FYP\WORKING\DIS-GPU\O_COMBINE - HDONE\KERNELENGINE-H4DONE- CPU-GPU\DLL_OPENCL\DEBUG\SDKCOMMMON.OBJ
C:\USERS\F11301BS\DROPBOX\TONY\FYP\WORKING\DIS-GPU\O_COMBINE - HDONE\KERNELENGINE-H4DONE- CPU-GPU\DLL_OPENCL\DEBUG\SELECTION.OBJ
C:\USERS\F11301BS\DROPBOX\TONY\FYP\WORKING\DIS-GPU\O_COMBINE - HDONE\KERNELENGINE-H4DONE- CPU-GPU\DLL_OPENCL\DEBUG\SHAREDFUNCTION.OBJ
C:\USERS\F11301BS\DROPBOX\TONY\FYP\WORKING\DIS-GPU\O_COMBINE - HDONE\KERNELENGINE-H4DONE- CPU-GPU\DLL_OPENCL\DEBUG\SINGULAR.OBJ
C:\USERS\F11301BS\DROPBOX\TONY\FYP\WORKING\DIS-GPU\O_COMBINE - HDONE\KERNELENGINE-H4DONE- CPU-GPU\DLL_OPENCL\DEBUG\SORT.OBJ
C:\USERS\F11301BS\DROPBOX\TONY\FYP\WORKING\DIS-GPU\O_COMBINE - HDONE\KERNELENGINE-H4DONE- CPU-GPU\DLL_OPENCL\DEBUG\SPINLOCK.OBJ
C:\USERS\F11301BS\DROPBOX\TONY\FYP\WORKING\DIS-GPU\O_COMBINE - HDONE\KERNELENGINE-H4DONE- CPU-GPU\DLL_OPENCL\DEBUG\TESTAGGAFTERGB.OBJ
C:\USERS\F11301BS\DROPBOX\TONY\FYP\WORKING\DIS-GPU\O_COMBINE - HDONE\KERNELENGINE-H4DONE- CPU-GPU\DLL_OPENCL\DEBUG\TESTFILTER.OBJ
C:\USERS\F11301BS\DROPBOX\TONY\FYP\WORKING\DIS-GPU\O_COMBINE - HDONE\KERNELENGINE-H4DONE- CPU-GPU\DLL_OPENCL\DEBUG\TESTGROUPBY.OBJ
C:\USERS\F11301BS\DROPBOX\TONY\FYP\WORKING\DIS-GPU\O_COMBINE - HDONE\KERNELENGINE-H4DONE- CPU-GPU\DLL_OPENCL\DEBUG\TESTHJ.OBJ
C:\USERS\F11301BS\DROPBOX\TONY\FYP\WORKING\DIS-GPU\O_COMBINE - HDONE\KERNELENGINE-H4DONE- CPU-GPU\DLL_OPENCL\DEBUG\TESTINLJ.OBJ
C:\USERS\F11301BS\DROPBOX\TONY\FYP\WORKING\DIS-GPU\O_COMBINE - HDONE\KERNELENGINE-H4DONE- CPU-GPU\DLL_OPENCL\DEBUG\TESTMAP.OBJ
C:\USERS\F11301BS\DROPBOX\TONY\FYP\WORKING\DIS-GPU\O_COMBINE - HDONE\KERNELENGINE-H4DONE- CPU-GPU\DLL_OPENCL\DEBUG\TESTNINLJ.OBJ
C:\USERS\F11301BS\DROPBOX\TONY\FYP\WORKING\DIS-GPU\O_COMBINE - HDONE\KERNELENGINE-H4DONE- CPU-GPU\DLL_OPENCL\DEBUG\TESTPROJECTION.OBJ
C:\USERS\F11301BS\DROPBOX\TONY\FYP\WORKING\DIS-GPU\O_COMBINE - HDONE\KERNELENGINE-H4DONE- CPU-GPU\DLL_OPENCL\DEBUG\TESTREDUCE.OBJ
C:\USERS\F11301BS\DROPBOX\TONY\FYP\WORKING\DIS-GPU\O_COMBINE - HDONE\KERNELENGINE-H4DONE- CPU-GPU\DLL_OPENCL\DEBUG\TESTRIDLIST.OBJ
C:\USERS\F11301BS\DROPBOX\TONY\FYP\WORKING\DIS-GPU\O_COMBINE - HDONE\KERNELENGINE-H4DONE- CPU-GPU\DLL_OPENCL\DEBUG\TESTSCAN.OBJ
C:\USERS\F11301BS\DROPBOX\TONY\FYP\WORKING\DIS-GPU\O_COMBINE - HDONE\KERNELENGINE-H4DONE- CPU-GPU\DLL_OPENCL\DEBUG\TESTSCATTER.OBJ
C:\USERS\F11301BS\DROPBOX\TONY\FYP\WORKING\DIS-GPU\O_COMBINE - HDONE\KERNELENGINE-H4DONE- CPU-GPU\DLL_OPENCL\DEBUG\TESTSMJ.OBJ
C:\USERS\F11301BS\DROPBOX\TONY\FYP\WORKING\DIS-GPU\O_COMBINE - HDONE\KERNELENGINE-H4DONE- CPU-GPU\DLL_OPENCL\DEBUG\TESTSORT.OBJ
C:\USERS\F11301BS\DROPBOX\TONY\FYP\WORKING\DIS-GPU\O_COMBINE - HDONE\KERNELENGINE-H4DONE- CPU-GPU\DLL_OPENCL\DEBUG\TESTSPLIT.OBJ
C:\USERS\F11301BS\DROPBOX\TONY\FYP\WORKING\DIS-GPU\O_COMBINE - HDONE\KERNELENGINE-H4DONE- CPU-GPU\DLL_OPENCL\DEBUG\TESTVALUE.OBJ
C:\USERS\F11301BS\DROPBOX\TONY\FYP\WORKING\DIS-GPU\O_COMBINE - HDONE\KERNELENGINE-H4DONE- CPU-GPU\DLL_OPENCL\DEBUG\VALIDATE.OBJ
C:\USERS\F11301BS\DROPBOX\TONY\FYP\WORKING\DIS-GPU\O_COMBINE - HDONE\KERNELENGINE-H4DONE- CPU-GPU\DLL_OPENCL\DEBUG\VC100.PDB
C:\USERS\F11301BS\DROPBOX\TONY\FYP\WORKING\KERNELENGINE-H3DONE\DEBUG\DLL_OPENCL.EXE
C:\Users\f11301bs\Dropbox\TONY\FYP\Working\KernelEngine-H3Done\Debug\DLL_OpenCL.exp
C:\USERS\F11301BS\DROPBOX\TONY\FYP\WORKING\KERNELENGINE-H3DONE\DEBUG\DLL_OPENCL.ILK
C:\Users\f11301bs\Dropbox\TONY\FYP\Working\KernelEngine-H3Done\Debug\DLL_OpenCL.lib
C:\USERS\F11301BS\DROPBOX\TONY\FYP\WORKING\KERNELENGINE-H3DONE\DEBUG\DLL_OPENCL.PDB
C:\USERS\F11301BS\DROPBOX\TONY\FYP\WORKING\KERNELENGINE-H3DONE\DLL_OPENCL\DEBUG\AGGAFTERGROUPBY.OBJ
C:\USERS\F11301BS\DROPBOX\TONY\FYP\WORKING\KERNELENGINE-H3DONE\DLL_OPENCL\DEBUG\BINARYJOIN.OBJ
C:\USERS\F11301BS\DROPBOX\TONY\FYP\WORKING\KERNELENGINE-H3DONE\DLL_OPENCL\DEBUG\COMMON.OBJ
C:\USERS\F11301BS\DROPBOX\TONY\FYP\WORKING\KERNELENGINE-H3DONE\DLL_OPENCL\DEBUG\CSSTREE.OBJ
C:\USERS\F11301BS\DROPBOX\TONY\FYP\WORKING\KERNELENGINE-H3DONE\DLL_OPENCL\DEBUG\DLL_OPENCL.EXE.EMBED.MANIFEST.RES
C:\USERS\F11301BS\DROPBOX\TONY\FYP\WORKING\KERNELENGINE-H3DONE\DLL_OPENCL\DEBUG\DLL_OPENCL.EXE.INTERMEDIATE.MANIFEST
C:\USERS\F11301BS\DROPBOX\TONY\FYP\WORKING\KERNELENGINE-H3DONE\DLL_OPENCL\DEBUG\GENERATOR.OBJ
C:\USERS\F11301BS\DROPBOX\TONY\FYP\WORKING\KERNELENGINE-H3DONE\DLL_OPENCL\DEBUG\GROUPBY.OBJ
C:\USERS\F11301BS\DROPBOX\TONY\FYP\WORKING\KERNELENGINE-H3DONE\DLL_OPENCL\DEBUG\HANDSHAKE.OBJ
C:\USERS\F11301BS\DROPBOX\TONY\FYP\WORKING\KERNELENGINE-H3DONE\DLL_OPENCL\DEBUG\HELPER.OBJ
C:\USERS\F11301BS\DROPBOX\TONY\FYP\WORKING\KERNELENGINE-H3DONE\DLL_OPENCL\DEBUG\INDEXJOIN.OBJ
C:\USERS\F11301BS\DROPBOX\TONY\FYP\WORKING\KERNELENGINE-H3DONE\DLL_OPENCL\DEBUG\KERNELSCHEDULER.OBJ
C:\USERS\F11301BS\DROPBOX\TONY\FYP\WORKING\KERNELENGINE-H3DONE\DLL_OPENCL\DEBUG\MAINPROGRAM.OBJ
C:\USERS\F11301BS\DROPBOX\TONY\FYP\WORKING\KERNELENGINE-H3DONE\DLL_OPENCL\DEBUG\MIDNUMBER.OBJ
C:\USERS\F11301BS\DROPBOX\TONY\FYP\WORKING\KERNELENGINE-H3DONE\DLL_OPENCL\DEBUG\PRIMITIVECOMMON.OBJ
C:\USERS\F11301BS\DROPBOX\TONY\FYP\WORKING\KERNELENGINE-H3DONE\DLL_OPENCL\DEBUG\PROJECTION.OBJ
C:\USERS\F11301BS\DROPBOX\TONY\FYP\WORKING\KERNELENGINE-H3DONE\DLL_OPENCL\DEBUG\SCHEDULER.OBJ
C:\USERS\F11301BS\DROPBOX\TONY\FYP\WORKING\KERNELENGINE-H3DONE\DLL_OPENCL\DEBUG\SDKCOMMMON.OBJ
C:\USERS\F11301BS\DROPBOX\TONY\FYP\WORKING\KERNELENGINE-H3DONE\DLL_OPENCL\DEBUG\SELECTION.OBJ
C:\USERS\F11301BS\DROPBOX\TONY\FYP\WORKING\KERNELENGINE-H3DONE\DLL_OPENCL\DEBUG\SHAREDFUNCTION.OBJ
C:\USERS\F11301BS\DROPBOX\TONY\FYP\WORKING\KERNELENGINE-H3DONE\DLL_OPENCL\DEBUG\SINGULAR.OBJ
C:\USERS\F11301BS\DROPBOX\TONY\FYP\WORKING\KERNELENGINE-H3DONE\DLL_OPENCL\DEBUG\SORT.OBJ
C:\USERS\F11301BS\DROPBOX\TONY\FYP\WORKING\KERNELENGINE-H3DONE\DLL_OPENCL\DEBUG\SPINLOCK.OBJ
C:\USERS\F11301BS\DROPBOX\TONY\FYP\WORKING\KERNELENGINE-H3DONE\DLL_OPENCL\DEBUG\TESTAGGAFTERGB.OBJ
C:\USERS\F11301BS\DROPBOX\TONY\FYP\WORKING\KERNELENGINE-H3DONE\DLL_OPENCL\DEBUG\TESTFILTER.OBJ
C:\USERS\F11301BS\DROPBOX\TONY\FYP\WORKING\KERNELENGINE-H3DONE\DLL_OPENCL\DEBUG\TESTGROUPBY.OBJ
C:\USERS\F11301BS\DROPBOX\TONY\FYP\WORKING\KERNELENGINE-H3DONE\DLL_OPENCL\DEBUG\TESTHJ.OBJ
C:\USERS\F11301BS\DROPBOX\TONY\FYP\WORKING\KERNELENGINE-H3DONE\DLL_OPENCL\DEBUG\TESTINLJ.OBJ
C:\USERS\F11301BS\DROPBOX\TONY\FYP\WORKING\KERNELENGINE-H3DONE\DLL_OPENCL\DEBUG\TESTMAP.OBJ
C:\USERS\F11301BS\DROPBOX\TONY\FYP\WORKING\KERNELENGINE-H3DONE\DLL_OPENCL\DEBUG\TESTNINLJ.OBJ
C:\USERS\F11301BS\DROPBOX\TONY\FYP\WORKING\KERNELENGINE-H3DONE\DLL_OPENCL\DEBUG\TESTPROJECTION.OBJ
C:\USERS\F11301BS\DROPBOX\TONY\FYP\WORKING\KERNELENGINE-H3DONE\DLL_OPENCL\DEBUG\TESTREDUCE.OBJ
C:\USERS\F11301BS\DROPBOX\TONY\FYP\WORKING\KERNELENGINE-H3DONE\DLL_OPENCL\DEBUG\TESTRIDLIST.OBJ
C:\USERS\F11301BS\DROPBOX\TONY\FYP\WORKING\KERNELENGINE-H3DONE\DLL_OPENCL\DEBUG\TESTSCAN.OBJ
C:\USERS\F11301BS\DROPBOX\TONY\FYP\WORKING\KERNELENGINE-H3DONE\DLL_OPENCL\DEBUG\TESTSCATTER.OBJ
C:\USERS\F11301BS\DROPBOX\TONY\FYP\WORKING\KERNELENGINE-H3DONE\DLL_OPENCL\DEBUG\TESTSMJ.OBJ
C:\USERS\F11301BS\DROPBOX\TONY\FYP\WORKING\KERNELENGINE-H3DONE\DLL_OPENCL\DEBUG\TESTSORT.OBJ
C:\USERS\F11301BS\DROPBOX\TONY\FYP\WORKING\KERNELENGINE-H3DONE\DLL_OPENCL\DEBUG\TESTSPLIT.OBJ
C:\USERS\F11301BS\DROPBOX\TONY\FYP\WORKING\KERNELENGINE-H3DONE\DLL_OPENCL\DEBUG\TESTVALUE.OBJ
C:\USERS\F11301BS\DROPBOX\TONY\FYP\WORKING\KERNELENGINE-H3DONE\DLL_OPENCL\DEBUG\VALIDATE.OBJ
C:\USERS\F11301BS\DROPBOX\TONY\FYP\WORKING\KERNELENGINE-H3DONE\DLL_OPENCL\DEBUG\VC100.PDB
C:\USERS\F11301BS\DROPBOX\TONY\FYP\WORKING\Q_COMBINE - HDONE\DLL_OPENCL\DEBUG\DLL_OPENCL.EXE
C:\Users\f11301bs\Dropbox\TONY\FYP\Working\Q_combine - HDone\DLL_OpenCL\Debug\DLL_OpenCL.exp
C:\USERS\F11301BS\DROPBOX\TONY\FYP\WORKING\Q_COMBINE - HDONE\DLL_OPENCL\DEBUG\DLL_OPENCL.ILK
C:\Users\f11301bs\Dropbox\TONY\FYP\Working\Q_combine - HDone\DLL_OpenCL\Debug\DLL_OpenCL.lib
C:\USERS\F11301BS\DROPBOX\TONY\FYP\WORKING\Q_COMBINE - HDONE\DLL_OPENCL\DEBUG\DLL_OPENCL.PDB
C:\USERS\F11301BS\DROPBOX\TONY\FYP\WORKING\Q_COMBINE - HDONE\DLL_OPENCL\DLL_OPENCL\DEBUG\AGGAFTERGROUPBY.OBJ
C:\USERS\F11301BS\DROPBOX\TONY\FYP\WORKING\Q_COMBINE - HDONE\DLL_OPENCL\DLL_OPENCL\DEBUG\BINARYJOIN.OBJ
C:\USERS\F11301BS\DROPBOX\TONY\FYP\WORKING\Q_COMBINE - HDONE\DLL_OPENCL\DLL_OPENCL\DEBUG\COMMON.OBJ
C:\USERS\F11301BS\DROPBOX\TONY\FYP\WORKING\Q_COMBINE - HDONE\DLL_OPENCL\DLL_OPENCL\DEBUG\CSSTREE.OBJ
C:\USERS\F11301BS\DROPBOX\TONY\FYP\WORKING\Q_COMBINE - HDONE\DLL_OPENCL\DLL_OPENCL\DEBUG\DLL_OPENCL.EXE.EMBED.MANIFEST
C:\USERS\F11301BS\DROPBOX\TONY\FYP\WORKING\Q_COMBINE - HDONE\DLL_OPENCL\DLL_OPENCL\DEBUG\DLL_OPENCL.EXE.EMBED.MANIFEST.RES
C:\USERS\F11301BS\DROPBOX\TONY\FYP\WORKING\Q_COMBINE - HDONE\DLL_OPENCL\DLL_OPENCL\DEBUG\DLL_OPENCL.EXE.INTERMEDIATE.MANIFEST
C:\USERS\F11301BS\DROPBOX\TONY\FYP\WORKING\Q_COMBINE - HDONE\DLL_OPENCL\DLL_OPENCL\DEBUG\GENERATOR.OBJ
C:\USERS\F11301BS\DROPBOX\TONY\FYP\WORKING\Q_COMBINE - HDONE\DLL_OPENCL\DLL_OPENCL\DEBUG\GROUPBY.OBJ
C:\USERS\F11301BS\DROPBOX\TONY\FYP\WORKING\Q_COMBINE - HDONE\DLL_OPENCL\DLL_OPENCL\DEBUG\HANDSHAKE.OBJ
C:\USERS\F11301BS\DROPBOX\TONY\FYP\WORKING\Q_COMBINE - HDONE\DLL_OPENCL\DLL_OPENCL\DEBUG\HELPER.OBJ
C:\USERS\F11301BS\DROPBOX\TONY\FYP\WORKING\Q_COMBINE - HDONE\DLL_OPENCL\DLL_OPENCL\DEBUG\INDEXJOIN.OBJ
C:\USERS\F11301BS\DROPBOX\TONY\FYP\WORKING\Q_COMBINE - HDONE\DLL_OPENCL\DLL_OPENCL\DEBUG\KERNELSCHEDULER.OBJ
C:\USERS\F11301BS\DROPBOX\TONY\FYP\WORKING\Q_COMBINE - HDONE\DLL_OPENCL\DLL_OPENCL\DEBUG\MAINPROGRAM.OBJ
C:\USERS\F11301BS\DROPBOX\TONY\FYP\WORKING\Q_COMBINE - HDONE\DLL_OPENCL\DLL_OPENCL\DEBUG\MIDNUMBER.OBJ
C:\USERS\F11301BS\DROPBOX\TONY\FYP\WORKING\Q_COMBINE - HDONE\DLL_OPENCL\DLL_OPENCL\DEBUG\PRIMITIVECOMMON.OBJ
C:\USERS\F11301BS\DROPBOX\TONY\FYP\WORKING\Q_COMBINE - HDONE\DLL_OPENCL\DLL_OPENCL\DEBUG\PROJECTION.OBJ
C:\USERS\F11301BS\DROPBOX\TONY\FYP\WORKING\Q_COMBINE - HDONE\DLL_OPENCL\DLL_OPENCL\DEBUG\SCHEDULER.OBJ
C:\USERS\F11301BS\DROPBOX\TONY\FYP\WORKING\Q_COMBINE - HDONE\DLL_OPENCL\DLL_OPENCL\DEBUG\SDKCOMMMON.OBJ
C:\USERS\F11301BS\DROPBOX\TONY\FYP\WORKING\Q_COMBINE - HDONE\DLL_OPENCL\DLL_OPENCL\DEBUG\SELECTION.OBJ
C:\USERS\F11301BS\DROPBOX\TONY\FYP\WORKING\Q_COMBINE - HDONE\DLL_OPENCL\DLL_OPENCL\DEBUG\SHAREDFUNCTION.OBJ
C:\USERS\F11301BS\DROPBOX\TONY\FYP\WORKING\Q_COMBINE - HDONE\DLL_OPENCL\DLL_OPENCL\DEBUG\SINGULAR.OBJ
C:\USERS\F11301BS\DROPBOX\TONY\FYP\WORKING\Q_COMBINE - HDONE\DLL_OPENCL\DLL_OPENCL\DEBUG\SORT.OBJ
C:\USERS\F11301BS\DROPBOX\TONY\FYP\WORKING\Q_COMBINE - HDONE\DLL_OPENCL\DLL_OPENCL\DEBUG\SPINLOCK.OBJ
C:\USERS\F11301BS\DROPBOX\TONY\FYP\WORKING\Q_COMBINE - HDONE\DLL_OPENCL\DLL_OPENCL\DEBUG\TESTAGGAFTERGB.OBJ
C:\USERS\F11301BS\DROPBOX\TONY\FYP\WORKING\Q_COMBINE - HDONE\DLL_OPENCL\DLL_OPENCL\DEBUG\TESTFILTER.OBJ
C:\USERS\F11301BS\DROPBOX\TONY\FYP\WORKING\Q_COMBINE - HDONE\DLL_OPENCL\DLL_OPENCL\DEBUG\TESTGROUPBY.OBJ
C:\USERS\F11301BS\DROPBOX\TONY\FYP\WORKING\Q_COMBINE - HDONE\DLL_OPENCL\DLL_OPENCL\DEBUG\TESTHJ.OBJ
C:\USERS\F11301BS\DROPBOX\TONY\FYP\WORKING\Q_COMBINE - HDONE\DLL_OPENCL\DLL_OPENCL\DEBUG\TESTINLJ.OBJ
C:\USERS\F11301BS\DROPBOX\TONY\FYP\WORKING\Q_COMBINE - HDONE\DLL_OPENCL\DLL_OPENCL\DEBUG\TESTMAP.OBJ
C:\USERS\F11301BS\DROPBOX\TONY\FYP\WORKING\Q_COMBINE - HDONE\DLL_OPENCL\DLL_OPENCL\DEBUG\TESTNINLJ.OBJ
C:\USERS\F11301BS\DROPBOX\TONY\FYP\WORKING\Q_COMBINE - HDONE\DLL_OPENCL\DLL_OPENCL\DEBUG\TESTPROJECTION.OBJ
C:\USERS\F11301BS\DROPBOX\TONY\FYP\WORKING\Q_COMBINE - HDONE\DLL_OPENCL\DLL_OPENCL\DEBUG\TESTREDUCE.OBJ
C:\USERS\F11301BS\DROPBOX\TONY\FYP\WORKING\Q_COMBINE - HDONE\DLL_OPENCL\DLL_OPENCL\DEBUG\TESTRIDLIST.OBJ
C:\USERS\F11301BS\DROPBOX\TONY\FYP\WORKING\Q_COMBINE - HDONE\DLL_OPENCL\DLL_OPENCL\DEBUG\TESTSCAN.OBJ
C:\USERS\F11301BS\DROPBOX\TONY\FYP\WORKING\Q_COMBINE - HDONE\DLL_OPENCL\DLL_OPENCL\DEBUG\TESTSCATTER.OBJ
C:\USERS\F11301BS\DROPBOX\TONY\FYP\WORKING\Q_COMBINE - HDONE\DLL_OPENCL\DLL_OPENCL\DEBUG\TESTSMJ.OBJ
C:\USERS\F11301BS\DROPBOX\TONY\FYP\WORKING\Q_COMBINE - HDONE\DLL_OPENCL\DLL_OPENCL\DEBUG\TESTSORT.OBJ
C:\USERS\F11301BS\DROPBOX\TONY\FYP\WORKING\Q_COMBINE - HDONE\DLL_OPENCL\DLL_OPENCL\DEBUG\TESTSPLIT.OBJ
C:\USERS\F11301BS\DROPBOX\TONY\FYP\WORKING\Q_COMBINE - HDONE\DLL_OPENCL\DLL_OPENCL\DEBUG\TESTVALUE.OBJ
C:\USERS\F11301BS\DROPBOX\TONY\FYP\WORKING\Q_COMBINE - HDONE\DLL_OPENCL\DLL_OPENCL\DEBUG\VALIDATE.OBJ
C:\USERS\F11301BS\DROPBOX\TONY\FYP\WORKING\Q_COMBINE - HDONE\DLL_OPENCL\DLL_OPENCL\DEBUG\VC100.PDB
