C:\USERS\F11301BS\DROPBOX\TONY\FYP\REFERENCE\COPROCESSOR-QUERYSCHEDULER - FINISHED!!\COPROCESSOR\RELEASE\VC100.PDB
C:\USERS\F11301BS\DROPBOX\TONY\FYP\REFERENCE\COPROCESSOR-QUERYSCHEDULER\COPROCESSOR\RELEASE\BINARYTHREADOP.OBJ
C:\USERS\F11301BS\DROPBOX\TONY\FYP\REFERENCE\COPROCESSOR-QUERYSCHEDULER\COPROCESSOR\RELEASE\CO_SMJ.OBJ
C:\USERS\F11301BS\DROPBOX\TONY\FYP\REFERENCE\COPROCESSOR-QUERYSCHEDULER\COPROCESSOR\RELEASE\COPROCESSOR.EXE.INTERMEDIATE.MANIFEST
C:\USERS\F11301BS\DROPBOX\TONY\FYP\REFERENCE\COPROCESSOR-QUERYSCHEDULER\COPROCESSOR\RELEASE\COPROCESSORAPP.OBJ
C:\USERS\F11301BS\DROPBOX\TONY\FYP\REFERENCE\COPROCESSOR-QUERYSCHEDULER\COPROCESSOR\RELEASE\COPROCESSORTEST.OBJ
C:\USERS\F11301BS\DROPBOX\TONY\FYP\REFERENCE\COPROCESSOR-QUERYSCHEDULER\COPROCESSOR\RELEASE\DATABASE.OBJ
C:\USERS\F11301BS\DROPBOX\TONY\FYP\REFERENCE\COPROCESSOR-QUERYSCHEDULER\COPROCESSOR\RELEASE\DB.OBJ
C:\USERS\F11301BS\DROPBOX\TONY\FYP\REFERENCE\COPROCESSOR-QUERYSCHEDULER\COPROCESSOR\RELEASE\DUMMYMETHOD.OBJ
C:\USERS\F11301BS\DROPBOX\TONY\FYP\REFERENCE\COPROCESSOR-QUERYSCHEDULER\COPROCESSOR\RELEASE\DYNAMICQUERYPROCESSOR.OBJ
C:\USERS\F11301BS\DROPBOX\TONY\FYP\REFERENCE\COPROCESSOR-QUERYSCHEDULER\COPROCESSOR\RELEASE\GROUPBYTHREADOP.OBJ
C:\USERS\F11301BS\DROPBOX\TONY\FYP\REFERENCE\COPROCESSOR-QUERYSCHEDULER\COPROCESSOR\RELEASE\PREDICATETREE.OBJ
C:\USERS\F11301BS\DROPBOX\TONY\FYP\REFERENCE\COPROCESSOR-QUERYSCHEDULER\COPROCESSOR\RELEASE\QUERYPLANNODE.OBJ
C:\USERS\F11301BS\DROPBOX\TONY\FYP\REFERENCE\COPROCESSOR-QUERYSCHEDULER\COPROCESSOR\RELEASE\QUERYPLANTREE.OBJ
C:\USERS\F11301BS\DROPBOX\TONY\FYP\REFERENCE\COPROCESSOR-QUERYSCHEDULER\COPROCESSOR\RELEASE\SINGULARTHREADOP.OBJ
C:\USERS\F11301BS\DROPBOX\TONY\FYP\REFERENCE\COPROCESSOR-QUERYSCHEDULER\COPROCESSOR\RELEASE\SORTTHREADOP.OBJ
C:\USERS\F11301BS\DROPBOX\TONY\FYP\REFERENCE\COPROCESSOR-QUERYSCHEDULER\COPROCESSOR\RELEASE\THREADOP.OBJ
C:\USERS\F11301BS\DROPBOX\TONY\FYP\REFERENCE\COPROCESSOR-QUERYSCHEDULER\COPROCESSOR\RELEASE\UINTERFACE.OBJ
C:\USERS\F11301BS\DROPBOX\TONY\FYP\REFERENCE\COPROCESSOR-QUERYSCHEDULER\COPROCESSOR\RELEASE\VC100.PDB
C:\USERS\F11301BS\DROPBOX\TONY\FYP\REFERENCE\COPROCESSOR-QUERYSCHEDULER\RELEASE\COPROCESSOR.EXE
C:\USERS\F11301BS\DROPBOX\TONY\FYP\REFERENCE\COPROCESSOR-QUERYSCHEDULER\RELEASE\COPROCESSOR.PDB
C:\USERS\F11301BS\DROPBOX\TONY\FYP\WORKING\Q_COMBINE - UPDATE\COPROCESSOR-QUERYSCHEDULER\COPROCESSOR\RELEASE\BINARYTHREADOP.OBJ
C:\Users\f11301bs\Dropbox\TONY\FYP\Working\Q_combine - update\CoProcessor-QueryScheduler\CoProcessor\Release\cl.command.1.tlog
C:\Users\f11301bs\Dropbox\TONY\FYP\Working\Q_combine - update\CoProcessor-QueryScheduler\CoProcessor\Release\CL.read.1.tlog
C:\Users\f11301bs\Dropbox\TONY\FYP\Working\Q_combine - update\CoProcessor-QueryScheduler\CoProcessor\Release\CL.write.1.tlog
C:\Users\f11301bs\Dropbox\TONY\FYP\Working\Q_combine - update\CoProcessor-QueryScheduler\CoProcessor\Release\Co_Smj.obj
C:\USERS\F11301BS\DROPBOX\TONY\FYP\WORKING\Q_COMBINE - UPDATE\COPROCESSOR-QUERYSCHEDULER\COPROCESSOR\RELEASE\COPROCESSOR.EXE.INTERMEDIATE.MANIFEST
C:\USERS\F11301BS\DROPBOX\TONY\FYP\WORKING\Q_COMBINE - UPDATE\COPROCESSOR-QUERYSCHEDULER\COPROCESSOR\RELEASE\COPROCESSORAPP.OBJ
C:\USERS\F11301BS\DROPBOX\TONY\FYP\WORKING\Q_COMBINE - UPDATE\COPROCESSOR-QUERYSCHEDULER\COPROCESSOR\RELEASE\COPROCESSORTEST.OBJ
C:\USERS\F11301BS\DROPBOX\TONY\FYP\WORKING\Q_COMBINE - UPDATE\COPROCESSOR-QUERYSCHEDULER\COPROCESSOR\RELEASE\DATABASE.OBJ
C:\USERS\F11301BS\DROPBOX\TONY\FYP\WORKING\Q_COMBINE - UPDATE\COPROCESSOR-QUERYSCHEDULER\COPROCESSOR\RELEASE\DB.OBJ
C:\Users\f11301bs\Dropbox\TONY\FYP\Working\Q_combine - update\CoProcessor-QueryScheduler\CoProcessor\Release\dummyMethod.obj
C:\USERS\F11301BS\DROPBOX\TONY\FYP\WORKING\Q_COMBINE - UPDATE\COPROCESSOR-QUERYSCHEDULER\COPROCESSOR\RELEASE\DYNAMICQUERYPROCESSOR.OBJ
C:\USERS\F11301BS\DROPBOX\TONY\FYP\WORKING\Q_COMBINE - UPDATE\COPROCESSOR-QUERYSCHEDULER\COPROCESSOR\RELEASE\GROUPBYTHREADOP.OBJ
C:\USERS\F11301BS\DROPBOX\TONY\FYP\WORKING\Q_COMBINE - UPDATE\COPROCESSOR-QUERYSCHEDULER\COPROCESSOR\RELEASE\HANDSHAKING.OBJ
C:\USERS\F11301BS\DROPBOX\TONY\FYP\WORKING\Q_COMBINE - UPDATE\COPROCESSOR-QUERYSCHEDULER\COPROCESSOR\RELEASE\HELPER.OBJ
C:\Users\f11301bs\Dropbox\TONY\FYP\Working\Q_combine - update\CoProcessor-QueryScheduler\CoProcessor\Release\link.command.1.tlog
C:\Users\f11301bs\Dropbox\TONY\FYP\Working\Q_combine - update\CoProcessor-QueryScheduler\CoProcessor\Release\link.read.1.tlog
C:\Users\f11301bs\Dropbox\TONY\FYP\Working\Q_combine - update\CoProcessor-QueryScheduler\CoProcessor\Release\link.write.1.tlog
C:\Users\f11301bs\Dropbox\TONY\FYP\Working\Q_combine - update\CoProcessor-QueryScheduler\CoProcessor\Release\mt.command.1.tlog
C:\Users\f11301bs\Dropbox\TONY\FYP\Working\Q_combine - update\CoProcessor-QueryScheduler\CoProcessor\Release\mt.read.1.tlog
C:\Users\f11301bs\Dropbox\TONY\FYP\Working\Q_combine - update\CoProcessor-QueryScheduler\CoProcessor\Release\mt.write.1.tlog
C:\USERS\F11301BS\DROPBOX\TONY\FYP\WORKING\Q_COMBINE - UPDATE\COPROCESSOR-QUERYSCHEDULER\COPROCESSOR\RELEASE\PREDICATETREE.OBJ
C:\USERS\F11301BS\DROPBOX\TONY\FYP\WORKING\Q_COMBINE - UPDATE\COPROCESSOR-QUERYSCHEDULER\COPROCESSOR\RELEASE\QP_UTILITY.OBJ
C:\USERS\F11301BS\DROPBOX\TONY\FYP\WORKING\Q_COMBINE - UPDATE\COPROCESSOR-QUERYSCHEDULER\COPROCESSOR\RELEASE\QUERYPLANNODE.OBJ
C:\USERS\F11301BS\DROPBOX\TONY\FYP\WORKING\Q_COMBINE - UPDATE\COPROCESSOR-QUERYSCHEDULER\COPROCESSOR\RELEASE\QUERYPLANTREE.OBJ
C:\USERS\F11301BS\DROPBOX\TONY\FYP\WORKING\Q_COMBINE - UPDATE\COPROCESSOR-QUERYSCHEDULER\COPROCESSOR\RELEASE\SDKCOMMMON.OBJ
C:\USERS\F11301BS\DROPBOX\TONY\FYP\WORKING\Q_COMBINE - UPDATE\COPROCESSOR-QUERYSCHEDULER\COPROCESSOR\RELEASE\SINGULARTHREADOP.OBJ
C:\USERS\F11301BS\DROPBOX\TONY\FYP\WORKING\Q_COMBINE - UPDATE\COPROCESSOR-QUERYSCHEDULER\COPROCESSOR\RELEASE\SORTTHREADOP.OBJ
C:\USERS\F11301BS\DROPBOX\TONY\FYP\WORKING\Q_COMBINE - UPDATE\COPROCESSOR-QUERYSCHEDULER\COPROCESSOR\RELEASE\THREADOP.OBJ
C:\USERS\F11301BS\DROPBOX\TONY\FYP\WORKING\Q_COMBINE - UPDATE\COPROCESSOR-QUERYSCHEDULER\COPROCESSOR\RELEASE\UINTERFACE.OBJ
C:\USERS\F11301BS\DROPBOX\TONY\FYP\WORKING\Q_COMBINE - UPDATE\COPROCESSOR-QUERYSCHEDULER\COPROCESSOR\RELEASE\VC100.PDB
C:\USERS\F11301BS\DROPBOX\TONY\FYP\WORKING\Q_COMBINE - UPDATE\COPROCESSOR-QUERYSCHEDULER\RELEASE\COPROCESSOR.EXE
C:\USERS\F11301BS\DROPBOX\TONY\FYP\WORKING\Q_COMBINE - UPDATE\COPROCESSOR-QUERYSCHEDULER\RELEASE\COPROCESSOR.PDB
