C:\USERS\F11301BS\DROPBOX\TONY\FYP\WORKING\Q_COMBINE - UPDATE\COPROCESSOR-QUERYSCHEDULER\COPROCESSOR\DEBUG\BINARYTHREADOP.OBJ
C:\Users\f11301bs\Dropbox\TONY\FYP\Working\Q_combine - update\CoProcessor-QueryScheduler\CoProcessor\Debug\cl.command.1.tlog
C:\Users\f11301bs\Dropbox\TONY\FYP\Working\Q_combine - update\CoProcessor-QueryScheduler\CoProcessor\Debug\CL.read.1.tlog
C:\Users\f11301bs\Dropbox\TONY\FYP\Working\Q_combine - update\CoProcessor-QueryScheduler\CoProcessor\Debug\CL.write.1.tlog
C:\Users\f11301bs\Dropbox\TONY\FYP\Working\Q_combine - update\CoProcessor-QueryScheduler\CoProcessor\Debug\CoProcessor.exe.embed.manifest
C:\USERS\F11301BS\DROPBOX\TONY\FYP\WORKING\Q_COMBINE - UPDATE\COPROCESSOR-QUERYSCHEDULER\COPROCESSOR\DEBUG\COPROCESSOR.EXE.EMBED.MANIFEST.RES
C:\USERS\F11301BS\DROPBOX\TONY\FYP\WORKING\Q_COMBINE - UPDATE\COPROCESSOR-QUERYSCHEDULER\COPROCESSOR\DEBUG\COPROCESSOR.EXE.INTERMEDIATE.MANIFEST
C:\Users\f11301bs\Dropbox\TONY\FYP\Working\Q_combine - update\CoProcessor-QueryScheduler\CoProcessor\Debug\CoProcessor_manifest.rc
C:\USERS\F11301BS\DROPBOX\TONY\FYP\WORKING\Q_COMBINE - UPDATE\COPROCESSOR-QUERYSCHEDULER\COPROCESSOR\DEBUG\COPROCESSORAPP.OBJ
C:\USERS\F11301BS\DROPBOX\TONY\FYP\WORKING\Q_COMBINE - UPDATE\COPROCESSOR-QUERYSCHEDULER\COPROCESSOR\DEBUG\COPROCESSORTEST.OBJ
C:\USERS\F11301BS\DROPBOX\TONY\FYP\WORKING\Q_COMBINE - UPDATE\COPROCESSOR-QUERYSCHEDULER\COPROCESSOR\DEBUG\DATABASE.OBJ
C:\USERS\F11301BS\DROPBOX\TONY\FYP\WORKING\Q_COMBINE - UPDATE\COPROCESSOR-QUERYSCHEDULER\COPROCESSOR\DEBUG\DB.OBJ
C:\USERS\F11301BS\DROPBOX\TONY\FYP\WORKING\Q_COMBINE - UPDATE\COPROCESSOR-QUERYSCHEDULER\COPROCESSOR\DEBUG\DYNAMICQUERYPROCESSOR.OBJ
C:\USERS\F11301BS\DROPBOX\TONY\FYP\WORKING\Q_COMBINE - UPDATE\COPROCESSOR-QUERYSCHEDULER\COPROCESSOR\DEBUG\GROUPBYTHREADOP.OBJ
C:\USERS\F11301BS\DROPBOX\TONY\FYP\WORKING\Q_COMBINE - UPDATE\COPROCESSOR-QUERYSCHEDULER\COPROCESSOR\DEBUG\HANDSHAKING.OBJ
C:\USERS\F11301BS\DROPBOX\TONY\FYP\WORKING\Q_COMBINE - UPDATE\COPROCESSOR-QUERYSCHEDULER\COPROCESSOR\DEBUG\HELPER.OBJ
C:\Users\f11301bs\Dropbox\TONY\FYP\Working\Q_combine - update\CoProcessor-QueryScheduler\CoProcessor\Debug\link.19416.read.1.tlog
C:\Users\f11301bs\Dropbox\TONY\FYP\Working\Q_combine - update\CoProcessor-QueryScheduler\CoProcessor\Debug\link.19416.write.1.tlog
C:\Users\f11301bs\Dropbox\TONY\FYP\Working\Q_combine - update\CoProcessor-QueryScheduler\CoProcessor\Debug\link.19416-cvtres.read.1.tlog
C:\Users\f11301bs\Dropbox\TONY\FYP\Working\Q_combine - update\CoProcessor-QueryScheduler\CoProcessor\Debug\link.19416-cvtres.write.1.tlog
C:\Users\f11301bs\Dropbox\TONY\FYP\Working\Q_combine - update\CoProcessor-QueryScheduler\CoProcessor\Debug\link.20120.read.1.tlog
C:\Users\f11301bs\Dropbox\TONY\FYP\Working\Q_combine - update\CoProcessor-QueryScheduler\CoProcessor\Debug\link.20120.write.1.tlog
C:\Users\f11301bs\Dropbox\TONY\FYP\Working\Q_combine - update\CoProcessor-QueryScheduler\CoProcessor\Debug\link.20120-cvtres.read.1.tlog
C:\Users\f11301bs\Dropbox\TONY\FYP\Working\Q_combine - update\CoProcessor-QueryScheduler\CoProcessor\Debug\link.20120-cvtres.write.1.tlog
C:\Users\f11301bs\Dropbox\TONY\FYP\Working\Q_combine - update\CoProcessor-QueryScheduler\CoProcessor\Debug\link.22048.read.1.tlog
C:\Users\f11301bs\Dropbox\TONY\FYP\Working\Q_combine - update\CoProcessor-QueryScheduler\CoProcessor\Debug\link.22048.write.1.tlog
C:\Users\f11301bs\Dropbox\TONY\FYP\Working\Q_combine - update\CoProcessor-QueryScheduler\CoProcessor\Debug\link.22048-cvtres.read.1.tlog
C:\Users\f11301bs\Dropbox\TONY\FYP\Working\Q_combine - update\CoProcessor-QueryScheduler\CoProcessor\Debug\link.22048-cvtres.write.1.tlog
C:\Users\f11301bs\Dropbox\TONY\FYP\Working\Q_combine - update\CoProcessor-QueryScheduler\CoProcessor\Debug\link.44076.read.1.tlog
C:\Users\f11301bs\Dropbox\TONY\FYP\Working\Q_combine - update\CoProcessor-QueryScheduler\CoProcessor\Debug\link.44076.write.1.tlog
C:\Users\f11301bs\Dropbox\TONY\FYP\Working\Q_combine - update\CoProcessor-QueryScheduler\CoProcessor\Debug\link.44076-cvtres.read.1.tlog
C:\Users\f11301bs\Dropbox\TONY\FYP\Working\Q_combine - update\CoProcessor-QueryScheduler\CoProcessor\Debug\link.44076-cvtres.write.1.tlog
C:\Users\f11301bs\Dropbox\TONY\FYP\Working\Q_combine - update\CoProcessor-QueryScheduler\CoProcessor\Debug\link.command.1.tlog
C:\Users\f11301bs\Dropbox\TONY\FYP\Working\Q_combine - update\CoProcessor-QueryScheduler\CoProcessor\Debug\link.read.1.tlog
C:\Users\f11301bs\Dropbox\TONY\FYP\Working\Q_combine - update\CoProcessor-QueryScheduler\CoProcessor\Debug\link.write.1.tlog
C:\Users\f11301bs\Dropbox\TONY\FYP\Working\Q_combine - update\CoProcessor-QueryScheduler\CoProcessor\Debug\link-cvtres.read.1.tlog
C:\Users\f11301bs\Dropbox\TONY\FYP\Working\Q_combine - update\CoProcessor-QueryScheduler\CoProcessor\Debug\link-cvtres.write.1.tlog
C:\Users\f11301bs\Dropbox\TONY\FYP\Working\Q_combine - update\CoProcessor-QueryScheduler\CoProcessor\Debug\mt.command.1.tlog
C:\Users\f11301bs\Dropbox\TONY\FYP\Working\Q_combine - update\CoProcessor-QueryScheduler\CoProcessor\Debug\mt.read.1.tlog
C:\Users\f11301bs\Dropbox\TONY\FYP\Working\Q_combine - update\CoProcessor-QueryScheduler\CoProcessor\Debug\mt.write.1.tlog
C:\USERS\F11301BS\DROPBOX\TONY\FYP\WORKING\Q_COMBINE - UPDATE\COPROCESSOR-QUERYSCHEDULER\COPROCESSOR\DEBUG\PREDICATETREE.OBJ
C:\USERS\F11301BS\DROPBOX\TONY\FYP\WORKING\Q_COMBINE - UPDATE\COPROCESSOR-QUERYSCHEDULER\COPROCESSOR\DEBUG\QP_UTILITY.OBJ
C:\USERS\F11301BS\DROPBOX\TONY\FYP\WORKING\Q_COMBINE - UPDATE\COPROCESSOR-QUERYSCHEDULER\COPROCESSOR\DEBUG\QUERYPLANNODE.OBJ
C:\USERS\F11301BS\DROPBOX\TONY\FYP\WORKING\Q_COMBINE - UPDATE\COPROCESSOR-QUERYSCHEDULER\COPROCESSOR\DEBUG\QUERYPLANTREE.OBJ
C:\Users\f11301bs\Dropbox\TONY\FYP\Working\Q_combine - update\CoProcessor-QueryScheduler\CoProcessor\Debug\rc.command.1.tlog
C:\Users\f11301bs\Dropbox\TONY\FYP\Working\Q_combine - update\CoProcessor-QueryScheduler\CoProcessor\Debug\rc.read.1.tlog
C:\Users\f11301bs\Dropbox\TONY\FYP\Working\Q_combine - update\CoProcessor-QueryScheduler\CoProcessor\Debug\rc.write.1.tlog
C:\USERS\F11301BS\DROPBOX\TONY\FYP\WORKING\Q_COMBINE - UPDATE\COPROCESSOR-QUERYSCHEDULER\COPROCESSOR\DEBUG\SDKCOMMMON.OBJ
C:\USERS\F11301BS\DROPBOX\TONY\FYP\WORKING\Q_COMBINE - UPDATE\COPROCESSOR-QUERYSCHEDULER\COPROCESSOR\DEBUG\SINGULARTHREADOP.OBJ
C:\USERS\F11301BS\DROPBOX\TONY\FYP\WORKING\Q_COMBINE - UPDATE\COPROCESSOR-QUERYSCHEDULER\COPROCESSOR\DEBUG\SORTTHREADOP.OBJ
C:\USERS\F11301BS\DROPBOX\TONY\FYP\WORKING\Q_COMBINE - UPDATE\COPROCESSOR-QUERYSCHEDULER\COPROCESSOR\DEBUG\THREADOP.OBJ
C:\USERS\F11301BS\DROPBOX\TONY\FYP\WORKING\Q_COMBINE - UPDATE\COPROCESSOR-QUERYSCHEDULER\COPROCESSOR\DEBUG\UINTERFACE.OBJ
C:\Users\f11301bs\Dropbox\TONY\FYP\Working\Q_combine - update\CoProcessor-QueryScheduler\CoProcessor\Debug\vc100.idb
C:\USERS\F11301BS\DROPBOX\TONY\FYP\WORKING\Q_COMBINE - UPDATE\COPROCESSOR-QUERYSCHEDULER\COPROCESSOR\DEBUG\VC100.PDB
C:\USERS\F11301BS\DROPBOX\TONY\FYP\WORKING\Q_COMBINE - UPDATE\COPROCESSOR-QUERYSCHEDULER\DEBUG\COPROCESSOR.EXE
C:\USERS\F11301BS\DROPBOX\TONY\FYP\WORKING\Q_COMBINE - UPDATE\COPROCESSOR-QUERYSCHEDULER\DEBUG\COPROCESSOR.ILK
C:\USERS\F11301BS\DROPBOX\TONY\FYP\WORKING\Q_COMBINE - UPDATE\COPROCESSOR-QUERYSCHEDULER\DEBUG\COPROCESSOR.PDB
C:\USERS\F11301BS\DROPBOX\TONY\FYP\WORKING\Q_COMBINE\COPROCESSOR-QUERYSCHEDULER\COPROCESSOR\DEBUG\BINARYTHREADOP.OBJ
C:\USERS\F11301BS\DROPBOX\TONY\FYP\WORKING\Q_COMBINE\COPROCESSOR-QUERYSCHEDULER\COPROCESSOR\DEBUG\COPROCESSOR.EXE.EMBED.MANIFEST
C:\USERS\F11301BS\DROPBOX\TONY\FYP\WORKING\Q_COMBINE\COPROCESSOR-QUERYSCHEDULER\COPROCESSOR\DEBUG\COPROCESSOR.EXE.EMBED.MANIFEST.RES
C:\USERS\F11301BS\DROPBOX\TONY\FYP\WORKING\Q_COMBINE\COPROCESSOR-QUERYSCHEDULER\COPROCESSOR\DEBUG\COPROCESSOR.EXE.INTERMEDIATE.MANIFEST
C:\USERS\F11301BS\DROPBOX\TONY\FYP\WORKING\Q_COMBINE\COPROCESSOR-QUERYSCHEDULER\COPROCESSOR\DEBUG\COPROCESSORAPP.OBJ
C:\USERS\F11301BS\DROPBOX\TONY\FYP\WORKING\Q_COMBINE\COPROCESSOR-QUERYSCHEDULER\COPROCESSOR\DEBUG\COPROCESSORTEST.OBJ
C:\USERS\F11301BS\DROPBOX\TONY\FYP\WORKING\Q_COMBINE\COPROCESSOR-QUERYSCHEDULER\COPROCESSOR\DEBUG\DATABASE.OBJ
C:\USERS\F11301BS\DROPBOX\TONY\FYP\WORKING\Q_COMBINE\COPROCESSOR-QUERYSCHEDULER\COPROCESSOR\DEBUG\DB.OBJ
C:\USERS\F11301BS\DROPBOX\TONY\FYP\WORKING\Q_COMBINE\COPROCESSOR-QUERYSCHEDULER\COPROCESSOR\DEBUG\DYNAMICQUERYPROCESSOR.OBJ
C:\USERS\F11301BS\DROPBOX\TONY\FYP\WORKING\Q_COMBINE\COPROCESSOR-QUERYSCHEDULER\COPROCESSOR\DEBUG\GROUPBYTHREADOP.OBJ
C:\USERS\F11301BS\DROPBOX\TONY\FYP\WORKING\Q_COMBINE\COPROCESSOR-QUERYSCHEDULER\COPROCESSOR\DEBUG\HANDSHAKING.OBJ
C:\USERS\F11301BS\DROPBOX\TONY\FYP\WORKING\Q_COMBINE\COPROCESSOR-QUERYSCHEDULER\COPROCESSOR\DEBUG\HELPER.OBJ
C:\USERS\F11301BS\DROPBOX\TONY\FYP\WORKING\Q_COMBINE\COPROCESSOR-QUERYSCHEDULER\COPROCESSOR\DEBUG\PREDICATETREE.OBJ
C:\USERS\F11301BS\DROPBOX\TONY\FYP\WORKING\Q_COMBINE\COPROCESSOR-QUERYSCHEDULER\COPROCESSOR\DEBUG\QP_UTILITY.OBJ
C:\USERS\F11301BS\DROPBOX\TONY\FYP\WORKING\Q_COMBINE\COPROCESSOR-QUERYSCHEDULER\COPROCESSOR\DEBUG\QUERYPLANNODE.OBJ
C:\USERS\F11301BS\DROPBOX\TONY\FYP\WORKING\Q_COMBINE\COPROCESSOR-QUERYSCHEDULER\COPROCESSOR\DEBUG\QUERYPLANTREE.OBJ
C:\USERS\F11301BS\DROPBOX\TONY\FYP\WORKING\Q_COMBINE\COPROCESSOR-QUERYSCHEDULER\COPROCESSOR\DEBUG\SDKCOMMMON.OBJ
C:\USERS\F11301BS\DROPBOX\TONY\FYP\WORKING\Q_COMBINE\COPROCESSOR-QUERYSCHEDULER\COPROCESSOR\DEBUG\SINGULARTHREADOP.OBJ
C:\USERS\F11301BS\DROPBOX\TONY\FYP\WORKING\Q_COMBINE\COPROCESSOR-QUERYSCHEDULER\COPROCESSOR\DEBUG\SORTTHREADOP.OBJ
C:\USERS\F11301BS\DROPBOX\TONY\FYP\WORKING\Q_COMBINE\COPROCESSOR-QUERYSCHEDULER\COPROCESSOR\DEBUG\THREADOP.OBJ
C:\USERS\F11301BS\DROPBOX\TONY\FYP\WORKING\Q_COMBINE\COPROCESSOR-QUERYSCHEDULER\COPROCESSOR\DEBUG\UINTERFACE.OBJ
C:\USERS\F11301BS\DROPBOX\TONY\FYP\WORKING\Q_COMBINE\COPROCESSOR-QUERYSCHEDULER\COPROCESSOR\DEBUG\VC100.PDB
C:\USERS\F11301BS\DROPBOX\TONY\FYP\WORKING\Q_COMBINE\COPROCESSOR-QUERYSCHEDULER\DEBUG\COPROCESSOR.EXE
C:\USERS\F11301BS\DROPBOX\TONY\FYP\WORKING\Q_COMBINE\COPROCESSOR-QUERYSCHEDULER\DEBUG\COPROCESSOR.ILK
C:\USERS\F11301BS\DROPBOX\TONY\FYP\WORKING\Q_COMBINE\COPROCESSOR-QUERYSCHEDULER\DEBUG\COPROCESSOR.PDB
