Build started 6/23/2013 10:37:02 PM.
     1>Project "C:\Users\f11301bs\Dropbox\TONY\FYP\Working\Pro1-FinalTest\FinalTest\Operator\CoProcessor-OperatorScheduler\CoProcessor\CoProcessor.vcxproj" on node 2 (build target(s)).
     1>InitializeBuildStatus:
         Creating "Debug\CoProcessor.unsuccessfulbuild" because "AlwaysCreate" was specified.
       ClCompile:
         c:\Program Files (x86)\Microsoft Visual Studio 10.0\VC\bin\CL.exe /c /I..\TonyLib /I..\MyLib /I"C:\Program Files (x86)\AMD APP\\include" /I"C:\Users\f11301bs\Documents\AMD APP\\samples\opencl\SDKUtil\include" /I"C:\Users\f11301bs\Documents\AMD APP\\include" /ZI /nologo /W3 /WX- /Od /Oy- /D WIN32 /D _DEBUG /D _CONSOLE /D _UNICODE /D UNICODE /Gm /EHsc /RTC1 /MDd /GS /fp:precise /Zc:wchar_t /Zc:forScope /Fo"Debug\\" /Fd"Debug\vc100.pdb" /Gd /TP /analyze- /errorReport:prompt BinaryThreadOp.cpp CoProcessorApp.cpp CoProcessorTest.cpp Database.cpp DynamicQueryProcessor.cpp GroupByThreadOp.cpp HandShaking.cpp QP_Utility.cpp QueryPlanNode.cpp QueryPlanTree.cpp Scheduler.cpp SingularThreadOp.cpp SortThreadOp.cpp ThreadOp.cpp UInterface.cpp
         CoProcessorApp.cpp
     1>c:\users\f11301bs\dropbox\tony\fyp\working\pro1-finaltest\finaltest\operator\coprocessor-operatorscheduler\coprocessor\db.h(42): warning C4005: 'NUM_ENTRY' : macro redefinition
                 c:\users\f11301bs\dropbox\tony\fyp\working\pro1-finaltest\finaltest\operator\coprocessor-operatorscheduler\mylib\linkedlist.h(8) : see previous definition of 'NUM_ENTRY'
     1>c:\users\f11301bs\dropbox\tony\fyp\working\pro1-finaltest\finaltest\operator\coprocessor-operatorscheduler\coprocessor\db.h(52): warning C4005: 'TEST_MAX' : macro redefinition
                 c:\users\f11301bs\dropbox\tony\fyp\working\pro1-finaltest\finaltest\operator\coprocessor-operatorscheduler\mylib\qp_utility.h(20) : see previous definition of 'TEST_MAX'
     1>c:\users\f11301bs\dropbox\tony\fyp\working\pro1-finaltest\finaltest\operator\coprocessor-operatorscheduler\coprocessor\coprocessorapp.cpp(45): warning C4996: 'sprintf': This function or variable may be unsafe. Consider using sprintf_s instead. To disable deprecation, use _CRT_SECURE_NO_WARNINGS. See online help for details.
                 c:\program files (x86)\microsoft visual studio 10.0\vc\include\stdio.h(371) : see declaration of 'sprintf'
     1>c:\users\f11301bs\dropbox\tony\fyp\working\pro1-finaltest\finaltest\operator\coprocessor-operatorscheduler\coprocessor\coprocessorapp.cpp(46): warning C4996: 'fopen': This function or variable may be unsafe. Consider using fopen_s instead. To disable deprecation, use _CRT_SECURE_NO_WARNINGS. See online help for details.
                 c:\program files (x86)\microsoft visual studio 10.0\vc\include\stdio.h(234) : see declaration of 'fopen'
     1>c:\users\f11301bs\dropbox\tony\fyp\working\pro1-finaltest\finaltest\operator\coprocessor-operatorscheduler\coprocessor\coprocessorapp.cpp(40): warning C4101: 'qt' : unreferenced local variable
     1>c:\users\f11301bs\dropbox\tony\fyp\working\pro1-finaltest\finaltest\operator\coprocessor-operatorscheduler\coprocessor\coprocessorapp.cpp(39): warning C4101: 'choice' : unreferenced local variable
         Generating Code...
         Compiling...
         UInterface.cpp
     1>c:\users\f11301bs\dropbox\tony\fyp\working\pro1-finaltest\finaltest\operator\coprocessor-operatorscheduler\mylib\qp_utility.h(20): warning C4005: 'TEST_MAX' : macro redefinition
                 c:\users\f11301bs\dropbox\tony\fyp\working\pro1-finaltest\finaltest\operator\coprocessor-operatorscheduler\coprocessor\db.h(52) : see previous definition of 'TEST_MAX'
     1>c:\users\f11301bs\dropbox\tony\fyp\working\pro1-finaltest\finaltest\operator\coprocessor-operatorscheduler\coprocessor\hash.h(43): warning C4996: 'strcpy': This function or variable may be unsafe. Consider using strcpy_s instead. To disable deprecation, use _CRT_SECURE_NO_WARNINGS. See online help for details.
                 c:\program files (x86)\microsoft visual studio 10.0\vc\include\string.h(105) : see declaration of 'strcpy'
     1>c:\users\f11301bs\dropbox\tony\fyp\working\pro1-finaltest\finaltest\operator\coprocessor-operatorscheduler\mylib\linkedlist.h(8): warning C4005: 'NUM_ENTRY' : macro redefinition
                 c:\users\f11301bs\dropbox\tony\fyp\working\pro1-finaltest\finaltest\operator\coprocessor-operatorscheduler\coprocessor\db.h(42) : see previous definition of 'NUM_ENTRY'
     1>c:\users\f11301bs\dropbox\tony\fyp\working\pro1-finaltest\finaltest\operator\coprocessor-operatorscheduler\coprocessor\execstatus.h(58): warning C4996: 'strcpy': This function or variable may be unsafe. Consider using strcpy_s instead. To disable deprecation, use _CRT_SECURE_NO_WARNINGS. See online help for details.
                 c:\program files (x86)\microsoft visual studio 10.0\vc\include\string.h(105) : see declaration of 'strcpy'
     1>c:\users\f11301bs\dropbox\tony\fyp\working\pro1-finaltest\finaltest\operator\coprocessor-operatorscheduler\coprocessor\execstatus.h(231): warning C4101: 'refCount' : unreferenced local variable
     1>c:\users\f11301bs\dropbox\tony\fyp\working\pro1-finaltest\finaltest\operator\coprocessor-operatorscheduler\coprocessor\execstatus.h(230): warning C4101: 'status' : unreferenced local variable
         ThreadOp.cpp
     1>c:\users\f11301bs\dropbox\tony\fyp\working\pro1-finaltest\finaltest\operator\coprocessor-operatorscheduler\coprocessor\db.h(42): warning C4005: 'NUM_ENTRY' : macro redefinition
                 c:\users\f11301bs\dropbox\tony\fyp\working\pro1-finaltest\finaltest\operator\coprocessor-operatorscheduler\mylib\linkedlist.h(8) : see previous definition of 'NUM_ENTRY'
     1>c:\users\f11301bs\dropbox\tony\fyp\working\pro1-finaltest\finaltest\operator\coprocessor-operatorscheduler\coprocessor\db.h(52): warning C4005: 'TEST_MAX' : macro redefinition
                 c:\users\f11301bs\dropbox\tony\fyp\working\pro1-finaltest\finaltest\operator\coprocessor-operatorscheduler\mylib\qp_utility.h(20) : see previous definition of 'TEST_MAX'
         SortThreadOp.cpp
     1>c:\users\f11301bs\dropbox\tony\fyp\working\pro1-finaltest\finaltest\operator\coprocessor-operatorscheduler\coprocessor\db.h(42): warning C4005: 'NUM_ENTRY' : macro redefinition
                 c:\users\f11301bs\dropbox\tony\fyp\working\pro1-finaltest\finaltest\operator\coprocessor-operatorscheduler\mylib\linkedlist.h(8) : see previous definition of 'NUM_ENTRY'
     1>c:\users\f11301bs\dropbox\tony\fyp\working\pro1-finaltest\finaltest\operator\coprocessor-operatorscheduler\coprocessor\db.h(52): warning C4005: 'TEST_MAX' : macro redefinition
                 c:\users\f11301bs\dropbox\tony\fyp\working\pro1-finaltest\finaltest\operator\coprocessor-operatorscheduler\mylib\qp_utility.h(20) : see previous definition of 'TEST_MAX'
         SingularThreadOp.cpp
     1>c:\users\f11301bs\dropbox\tony\fyp\working\pro1-finaltest\finaltest\operator\coprocessor-operatorscheduler\coprocessor\db.h(42): warning C4005: 'NUM_ENTRY' : macro redefinition
                 c:\users\f11301bs\dropbox\tony\fyp\working\pro1-finaltest\finaltest\operator\coprocessor-operatorscheduler\mylib\linkedlist.h(8) : see previous definition of 'NUM_ENTRY'
     1>c:\users\f11301bs\dropbox\tony\fyp\working\pro1-finaltest\finaltest\operator\coprocessor-operatorscheduler\coprocessor\db.h(52): warning C4005: 'TEST_MAX' : macro redefinition
                 c:\users\f11301bs\dropbox\tony\fyp\working\pro1-finaltest\finaltest\operator\coprocessor-operatorscheduler\mylib\qp_utility.h(20) : see previous definition of 'TEST_MAX'
         Scheduler.cpp
     1>c:\users\f11301bs\dropbox\tony\fyp\working\pro1-finaltest\finaltest\operator\coprocessor-operatorscheduler\mylib\qp_utility.h(20): warning C4005: 'TEST_MAX' : macro redefinition
                 c:\users\f11301bs\dropbox\tony\fyp\working\pro1-finaltest\finaltest\operator\coprocessor-operatorscheduler\coprocessor\db.h(52) : see previous definition of 'TEST_MAX'
     1>c:\users\f11301bs\dropbox\tony\fyp\working\pro1-finaltest\finaltest\operator\coprocessor-operatorscheduler\coprocessor\hash.h(43): warning C4996: 'strcpy': This function or variable may be unsafe. Consider using strcpy_s instead. To disable deprecation, use _CRT_SECURE_NO_WARNINGS. See online help for details.
                 c:\program files (x86)\microsoft visual studio 10.0\vc\include\string.h(105) : see declaration of 'strcpy'
     1>c:\users\f11301bs\dropbox\tony\fyp\working\pro1-finaltest\finaltest\operator\coprocessor-operatorscheduler\mylib\linkedlist.h(8): warning C4005: 'NUM_ENTRY' : macro redefinition
                 c:\users\f11301bs\dropbox\tony\fyp\working\pro1-finaltest\finaltest\operator\coprocessor-operatorscheduler\coprocessor\db.h(42) : see previous definition of 'NUM_ENTRY'
     1>c:\users\f11301bs\dropbox\tony\fyp\working\pro1-finaltest\finaltest\operator\coprocessor-operatorscheduler\coprocessor\execstatus.h(58): warning C4996: 'strcpy': This function or variable may be unsafe. Consider using strcpy_s instead. To disable deprecation, use _CRT_SECURE_NO_WARNINGS. See online help for details.
                 c:\program files (x86)\microsoft visual studio 10.0\vc\include\string.h(105) : see declaration of 'strcpy'
     1>c:\users\f11301bs\dropbox\tony\fyp\working\pro1-finaltest\finaltest\operator\coprocessor-operatorscheduler\coprocessor\execstatus.h(231): warning C4101: 'refCount' : unreferenced local variable
     1>c:\users\f11301bs\dropbox\tony\fyp\working\pro1-finaltest\finaltest\operator\coprocessor-operatorscheduler\coprocessor\execstatus.h(230): warning C4101: 'status' : unreferenced local variable
         QueryPlanTree.cpp
     1>c:\users\f11301bs\dropbox\tony\fyp\working\pro1-finaltest\finaltest\operator\coprocessor-operatorscheduler\mylib\qp_utility.h(20): warning C4005: 'TEST_MAX' : macro redefinition
                 c:\users\f11301bs\dropbox\tony\fyp\working\pro1-finaltest\finaltest\operator\coprocessor-operatorscheduler\coprocessor\db.h(52) : see previous definition of 'TEST_MAX'
     1>c:\users\f11301bs\dropbox\tony\fyp\working\pro1-finaltest\finaltest\operator\coprocessor-operatorscheduler\coprocessor\hash.h(43): warning C4996: 'strcpy': This function or variable may be unsafe. Consider using strcpy_s instead. To disable deprecation, use _CRT_SECURE_NO_WARNINGS. See online help for details.
                 c:\program files (x86)\microsoft visual studio 10.0\vc\include\string.h(105) : see declaration of 'strcpy'
     1>c:\users\f11301bs\dropbox\tony\fyp\working\pro1-finaltest\finaltest\operator\coprocessor-operatorscheduler\mylib\linkedlist.h(8): warning C4005: 'NUM_ENTRY' : macro redefinition
                 c:\users\f11301bs\dropbox\tony\fyp\working\pro1-finaltest\finaltest\operator\coprocessor-operatorscheduler\coprocessor\db.h(42) : see previous definition of 'NUM_ENTRY'
     1>c:\users\f11301bs\dropbox\tony\fyp\working\pro1-finaltest\finaltest\operator\coprocessor-operatorscheduler\coprocessor\execstatus.h(58): warning C4996: 'strcpy': This function or variable may be unsafe. Consider using strcpy_s instead. To disable deprecation, use _CRT_SECURE_NO_WARNINGS. See online help for details.
                 c:\program files (x86)\microsoft visual studio 10.0\vc\include\string.h(105) : see declaration of 'strcpy'
     1>c:\users\f11301bs\dropbox\tony\fyp\working\pro1-finaltest\finaltest\operator\coprocessor-operatorscheduler\coprocessor\execstatus.h(231): warning C4101: 'refCount' : unreferenced local variable
     1>c:\users\f11301bs\dropbox\tony\fyp\working\pro1-finaltest\finaltest\operator\coprocessor-operatorscheduler\coprocessor\execstatus.h(230): warning C4101: 'status' : unreferenced local variable
     1>c:\users\f11301bs\dropbox\tony\fyp\working\pro1-finaltest\finaltest\operator\coprocessor-operatorscheduler\coprocessor\queryplantree.cpp(110): warning C4102: 'deschedule' : unreferenced label
         QueryPlanNode.cpp
     1>c:\users\f11301bs\dropbox\tony\fyp\working\pro1-finaltest\finaltest\operator\coprocessor-operatorscheduler\mylib\qp_utility.h(20): warning C4005: 'TEST_MAX' : macro redefinition
                 c:\users\f11301bs\dropbox\tony\fyp\working\pro1-finaltest\finaltest\operator\coprocessor-operatorscheduler\coprocessor\db.h(52) : see previous definition of 'TEST_MAX'
     1>c:\users\f11301bs\dropbox\tony\fyp\working\pro1-finaltest\finaltest\operator\coprocessor-operatorscheduler\coprocessor\hash.h(43): warning C4996: 'strcpy': This function or variable may be unsafe. Consider using strcpy_s instead. To disable deprecation, use _CRT_SECURE_NO_WARNINGS. See online help for details.
                 c:\program files (x86)\microsoft visual studio 10.0\vc\include\string.h(105) : see declaration of 'strcpy'
     1>c:\users\f11301bs\dropbox\tony\fyp\working\pro1-finaltest\finaltest\operator\coprocessor-operatorscheduler\mylib\linkedlist.h(8): warning C4005: 'NUM_ENTRY' : macro redefinition
                 c:\users\f11301bs\dropbox\tony\fyp\working\pro1-finaltest\finaltest\operator\coprocessor-operatorscheduler\coprocessor\db.h(42) : see previous definition of 'NUM_ENTRY'
     1>c:\users\f11301bs\dropbox\tony\fyp\working\pro1-finaltest\finaltest\operator\coprocessor-operatorscheduler\coprocessor\execstatus.h(58): warning C4996: 'strcpy': This function or variable may be unsafe. Consider using strcpy_s instead. To disable deprecation, use _CRT_SECURE_NO_WARNINGS. See online help for details.
                 c:\program files (x86)\microsoft visual studio 10.0\vc\include\string.h(105) : see declaration of 'strcpy'
     1>c:\users\f11301bs\dropbox\tony\fyp\working\pro1-finaltest\finaltest\operator\coprocessor-operatorscheduler\coprocessor\execstatus.h(231): warning C4101: 'refCount' : unreferenced local variable
     1>c:\users\f11301bs\dropbox\tony\fyp\working\pro1-finaltest\finaltest\operator\coprocessor-operatorscheduler\coprocessor\execstatus.h(230): warning C4101: 'status' : unreferenced local variable
     1>c:\users\f11301bs\dropbox\tony\fyp\working\pro1-finaltest\finaltest\operator\coprocessor-operatorscheduler\coprocessor\queryplannode.cpp(50): warning C4996: 'strcpy': This function or variable may be unsafe. Consider using strcpy_s instead. To disable deprecation, use _CRT_SECURE_NO_WARNINGS. See online help for details.
                 c:\program files (x86)\microsoft visual studio 10.0\vc\include\string.h(105) : see declaration of 'strcpy'
     1>c:\users\f11301bs\dropbox\tony\fyp\working\pro1-finaltest\finaltest\operator\coprocessor-operatorscheduler\coprocessor\queryplannode.cpp(57): warning C4996: 'strcpy': This function or variable may be unsafe. Consider using strcpy_s instead. To disable deprecation, use _CRT_SECURE_NO_WARNINGS. See online help for details.
                 c:\program files (x86)\microsoft visual studio 10.0\vc\include\string.h(105) : see declaration of 'strcpy'
     1>c:\users\f11301bs\dropbox\tony\fyp\working\pro1-finaltest\finaltest\operator\coprocessor-operatorscheduler\coprocessor\queryplannode.cpp(73): warning C4996: 'strcpy': This function or variable may be unsafe. Consider using strcpy_s instead. To disable deprecation, use _CRT_SECURE_NO_WARNINGS. See online help for details.
                 c:\program files (x86)\microsoft visual studio 10.0\vc\include\string.h(105) : see declaration of 'strcpy'
     1>c:\users\f11301bs\dropbox\tony\fyp\working\pro1-finaltest\finaltest\operator\coprocessor-operatorscheduler\coprocessor\queryplannode.cpp(355): warning C4101: 'leftopt' : unreferenced local variable
     1>c:\users\f11301bs\dropbox\tony\fyp\working\pro1-finaltest\finaltest\operator\coprocessor-operatorscheduler\coprocessor\queryplannode.cpp(356): warning C4101: 'rightopt' : unreferenced local variable
         QP_Utility.cpp
         HandShaking.cpp
     1>c:\users\f11301bs\dropbox\tony\fyp\working\pro1-finaltest\finaltest\operator\coprocessor-operatorscheduler\coprocessor\db.h(42): warning C4005: 'NUM_ENTRY' : macro redefinition
                 c:\users\f11301bs\dropbox\tony\fyp\working\pro1-finaltest\finaltest\operator\coprocessor-operatorscheduler\mylib\linkedlist.h(8) : see previous definition of 'NUM_ENTRY'
     1>c:\users\f11301bs\dropbox\tony\fyp\working\pro1-finaltest\finaltest\operator\coprocessor-operatorscheduler\coprocessor\db.h(52): warning C4005: 'TEST_MAX' : macro redefinition
                 c:\users\f11301bs\dropbox\tony\fyp\working\pro1-finaltest\finaltest\operator\coprocessor-operatorscheduler\mylib\qp_utility.h(20) : see previous definition of 'TEST_MAX'
     1>c:\users\f11301bs\dropbox\tony\fyp\working\pro1-finaltest\finaltest\operator\coprocessor-operatorscheduler\coprocessor\hash.h(43): warning C4996: 'strcpy': This function or variable may be unsafe. Consider using strcpy_s instead. To disable deprecation, use _CRT_SECURE_NO_WARNINGS. See online help for details.
                 c:\program files (x86)\microsoft visual studio 10.0\vc\include\string.h(105) : see declaration of 'strcpy'
     1>c:\users\f11301bs\dropbox\tony\fyp\working\pro1-finaltest\finaltest\operator\coprocessor-operatorscheduler\coprocessor\execstatus.h(58): warning C4996: 'strcpy': This function or variable may be unsafe. Consider using strcpy_s instead. To disable deprecation, use _CRT_SECURE_NO_WARNINGS. See online help for details.
                 c:\program files (x86)\microsoft visual studio 10.0\vc\include\string.h(105) : see declaration of 'strcpy'
     1>c:\users\f11301bs\dropbox\tony\fyp\working\pro1-finaltest\finaltest\operator\coprocessor-operatorscheduler\coprocessor\execstatus.h(231): warning C4101: 'refCount' : unreferenced local variable
     1>c:\users\f11301bs\dropbox\tony\fyp\working\pro1-finaltest\finaltest\operator\coprocessor-operatorscheduler\coprocessor\execstatus.h(230): warning C4101: 'status' : unreferenced local variable
     1>c:\users\f11301bs\dropbox\tony\fyp\working\pro1-finaltest\finaltest\operator\coprocessor-operatorscheduler\coprocessor\handshaking.cpp(494): warning C4996: 'sprintf': This function or variable may be unsafe. Consider using sprintf_s instead. To disable deprecation, use _CRT_SECURE_NO_WARNINGS. See online help for details.
                 c:\program files (x86)\microsoft visual studio 10.0\vc\include\stdio.h(371) : see declaration of 'sprintf'
     1>c:\users\f11301bs\dropbox\tony\fyp\working\pro1-finaltest\finaltest\operator\coprocessor-operatorscheduler\coprocessor\handshaking.cpp(495): warning C4996: 'fopen': This function or variable may be unsafe. Consider using fopen_s instead. To disable deprecation, use _CRT_SECURE_NO_WARNINGS. See online help for details.
                 c:\program files (x86)\microsoft visual studio 10.0\vc\include\stdio.h(234) : see declaration of 'fopen'
         GroupByThreadOp.cpp
     1>c:\users\f11301bs\dropbox\tony\fyp\working\pro1-finaltest\finaltest\operator\coprocessor-operatorscheduler\coprocessor\db.h(42): warning C4005: 'NUM_ENTRY' : macro redefinition
                 c:\users\f11301bs\dropbox\tony\fyp\working\pro1-finaltest\finaltest\operator\coprocessor-operatorscheduler\mylib\linkedlist.h(8) : see previous definition of 'NUM_ENTRY'
     1>c:\users\f11301bs\dropbox\tony\fyp\working\pro1-finaltest\finaltest\operator\coprocessor-operatorscheduler\coprocessor\db.h(52): warning C4005: 'TEST_MAX' : macro redefinition
                 c:\users\f11301bs\dropbox\tony\fyp\working\pro1-finaltest\finaltest\operator\coprocessor-operatorscheduler\mylib\qp_utility.h(20) : see previous definition of 'TEST_MAX'
         DynamicQueryProcessor.cpp
     1>c:\users\f11301bs\dropbox\tony\fyp\working\pro1-finaltest\finaltest\operator\coprocessor-operatorscheduler\coprocessor\db.h(42): warning C4005: 'NUM_ENTRY' : macro redefinition
                 c:\users\f11301bs\dropbox\tony\fyp\working\pro1-finaltest\finaltest\operator\coprocessor-operatorscheduler\mylib\linkedlist.h(8) : see previous definition of 'NUM_ENTRY'
     1>c:\users\f11301bs\dropbox\tony\fyp\working\pro1-finaltest\finaltest\operator\coprocessor-operatorscheduler\coprocessor\db.h(52): warning C4005: 'TEST_MAX' : macro redefinition
                 c:\users\f11301bs\dropbox\tony\fyp\working\pro1-finaltest\finaltest\operator\coprocessor-operatorscheduler\mylib\qp_utility.h(20) : see previous definition of 'TEST_MAX'
     1>c:\users\f11301bs\dropbox\tony\fyp\working\pro1-finaltest\finaltest\operator\coprocessor-operatorscheduler\coprocessor\mythreadpoolcop.h(9): warning C4005: 'MAX_RUN' : macro redefinition
                 c:\users\f11301bs\dropbox\tony\fyp\working\pro1-finaltest\finaltest\operator\coprocessor-operatorscheduler\mylib\mythreadpool.h(8) : see previous definition of 'MAX_RUN'
     1>c:\users\f11301bs\dropbox\tony\fyp\working\pro1-finaltest\finaltest\operator\coprocessor-operatorscheduler\coprocessor\hash.h(43): warning C4996: 'strcpy': This function or variable may be unsafe. Consider using strcpy_s instead. To disable deprecation, use _CRT_SECURE_NO_WARNINGS. See online help for details.
                 c:\program files (x86)\microsoft visual studio 10.0\vc\include\string.h(105) : see declaration of 'strcpy'
     1>c:\users\f11301bs\dropbox\tony\fyp\working\pro1-finaltest\finaltest\operator\coprocessor-operatorscheduler\coprocessor\execstatus.h(58): warning C4996: 'strcpy': This function or variable may be unsafe. Consider using strcpy_s instead. To disable deprecation, use _CRT_SECURE_NO_WARNINGS. See online help for details.
                 c:\program files (x86)\microsoft visual studio 10.0\vc\include\string.h(105) : see declaration of 'strcpy'
     1>c:\users\f11301bs\dropbox\tony\fyp\working\pro1-finaltest\finaltest\operator\coprocessor-operatorscheduler\coprocessor\execstatus.h(231): warning C4101: 'refCount' : unreferenced local variable
     1>c:\users\f11301bs\dropbox\tony\fyp\working\pro1-finaltest\finaltest\operator\coprocessor-operatorscheduler\coprocessor\execstatus.h(230): warning C4101: 'status' : unreferenced local variable
     1>c:\users\f11301bs\dropbox\tony\fyp\working\pro1-finaltest\finaltest\operator\coprocessor-operatorscheduler\coprocessor\dynamicqueryprocessor.cpp(68): warning C4101: 'eM' : unreferenced local variable
         Database.cpp
     1>c:\users\f11301bs\dropbox\tony\fyp\working\pro1-finaltest\finaltest\operator\coprocessor-operatorscheduler\coprocessor\hash.h(43): warning C4996: 'strcpy': This function or variable may be unsafe. Consider using strcpy_s instead. To disable deprecation, use _CRT_SECURE_NO_WARNINGS. See online help for details.
                 c:\program files (x86)\microsoft visual studio 10.0\vc\include\string.h(105) : see declaration of 'strcpy'
     1>c:\users\f11301bs\dropbox\tony\fyp\working\pro1-finaltest\finaltest\operator\coprocessor-operatorscheduler\mylib\qp_utility.h(20): warning C4005: 'TEST_MAX' : macro redefinition
                 c:\users\f11301bs\dropbox\tony\fyp\working\pro1-finaltest\finaltest\operator\coprocessor-operatorscheduler\coprocessor\db.h(52) : see previous definition of 'TEST_MAX'
     1>c:\users\f11301bs\dropbox\tony\fyp\working\pro1-finaltest\finaltest\operator\coprocessor-operatorscheduler\mylib\linkedlist.h(8): warning C4005: 'NUM_ENTRY' : macro redefinition
                 c:\users\f11301bs\dropbox\tony\fyp\working\pro1-finaltest\finaltest\operator\coprocessor-operatorscheduler\coprocessor\db.h(42) : see previous definition of 'NUM_ENTRY'
     1>c:\users\f11301bs\dropbox\tony\fyp\working\pro1-finaltest\finaltest\operator\coprocessor-operatorscheduler\coprocessor\database.cpp(263): warning C4996: 'fopen': This function or variable may be unsafe. Consider using fopen_s instead. To disable deprecation, use _CRT_SECURE_NO_WARNINGS. See online help for details.
                 c:\program files (x86)\microsoft visual studio 10.0\vc\include\stdio.h(234) : see declaration of 'fopen'
     1>c:\users\f11301bs\dropbox\tony\fyp\working\pro1-finaltest\finaltest\operator\coprocessor-operatorscheduler\coprocessor\database.cpp(272): warning C4101: 'value' : unreferenced local variable
     1>c:\users\f11301bs\dropbox\tony\fyp\working\pro1-finaltest\finaltest\operator\coprocessor-operatorscheduler\coprocessor\database.cpp(271): warning C4101: 'rid' : unreferenced local variable
     1>c:\users\f11301bs\dropbox\tony\fyp\working\pro1-finaltest\finaltest\operator\coprocessor-operatorscheduler\coprocessor\database.cpp(422): warning C4996: 'strncpy': This function or variable may be unsafe. Consider using strncpy_s instead. To disable deprecation, use _CRT_SECURE_NO_WARNINGS. See online help for details.
                 c:\program files (x86)\microsoft visual studio 10.0\vc\include\string.h(188) : see declaration of 'strncpy'
     1>c:\users\f11301bs\dropbox\tony\fyp\working\pro1-finaltest\finaltest\operator\coprocessor-operatorscheduler\coprocessor\database.cpp(424): warning C4996: 'strncpy': This function or variable may be unsafe. Consider using strncpy_s instead. To disable deprecation, use _CRT_SECURE_NO_WARNINGS. See online help for details.
                 c:\program files (x86)\microsoft visual studio 10.0\vc\include\string.h(188) : see declaration of 'strncpy'
     1>c:\users\f11301bs\dropbox\tony\fyp\working\pro1-finaltest\finaltest\operator\coprocessor-operatorscheduler\coprocessor\database.cpp(435): warning C4996: 'strncpy': This function or variable may be unsafe. Consider using strncpy_s instead. To disable deprecation, use _CRT_SECURE_NO_WARNINGS. See online help for details.
                 c:\program files (x86)\microsoft visual studio 10.0\vc\include\string.h(188) : see declaration of 'strncpy'
     1>c:\users\f11301bs\dropbox\tony\fyp\working\pro1-finaltest\finaltest\operator\coprocessor-operatorscheduler\coprocessor\database.cpp(444): warning C4996: 'strcpy': This function or variable may be unsafe. Consider using strcpy_s instead. To disable deprecation, use _CRT_SECURE_NO_WARNINGS. See online help for details.
                 c:\program files (x86)\microsoft visual studio 10.0\vc\include\string.h(105) : see declaration of 'strcpy'
     1>c:\users\f11301bs\dropbox\tony\fyp\working\pro1-finaltest\finaltest\operator\coprocessor-operatorscheduler\coprocessor\database.cpp(446): warning C4996: 'strcpy': This function or variable may be unsafe. Consider using strcpy_s instead. To disable deprecation, use _CRT_SECURE_NO_WARNINGS. See online help for details.
                 c:\program files (x86)\microsoft visual studio 10.0\vc\include\string.h(105) : see declaration of 'strcpy'
     1>c:\users\f11301bs\dropbox\tony\fyp\working\pro1-finaltest\finaltest\operator\coprocessor-operatorscheduler\coprocessor\database.cpp(463): warning C4996: 'sprintf': This function or variable may be unsafe. Consider using sprintf_s instead. To disable deprecation, use _CRT_SECURE_NO_WARNINGS. See online help for details.
                 c:\program files (x86)\microsoft visual studio 10.0\vc\include\stdio.h(371) : see declaration of 'sprintf'
     1>c:\users\f11301bs\dropbox\tony\fyp\working\pro1-finaltest\finaltest\operator\coprocessor-operatorscheduler\coprocessor\database.cpp(465): warning C4996: 'fopen': This function or variable may be unsafe. Consider using fopen_s instead. To disable deprecation, use _CRT_SECURE_NO_WARNINGS. See online help for details.
                 c:\program files (x86)\microsoft visual studio 10.0\vc\include\stdio.h(234) : see declaration of 'fopen'
     1>c:\users\f11301bs\dropbox\tony\fyp\working\pro1-finaltest\finaltest\operator\coprocessor-operatorscheduler\coprocessor\database.cpp(510): warning C4996: 'sprintf': This function or variable may be unsafe. Consider using sprintf_s instead. To disable deprecation, use _CRT_SECURE_NO_WARNINGS. See online help for details.
                 c:\program files (x86)\microsoft visual studio 10.0\vc\include\stdio.h(371) : see declaration of 'sprintf'
     1>c:\users\f11301bs\dropbox\tony\fyp\working\pro1-finaltest\finaltest\operator\coprocessor-operatorscheduler\coprocessor\database.cpp(512): warning C4996: 'fopen': This function or variable may be unsafe. Consider using fopen_s instead. To disable deprecation, use _CRT_SECURE_NO_WARNINGS. See online help for details.
                 c:\program files (x86)\microsoft visual studio 10.0\vc\include\stdio.h(234) : see declaration of 'fopen'
     1>c:\users\f11301bs\dropbox\tony\fyp\working\pro1-finaltest\finaltest\operator\coprocessor-operatorscheduler\coprocessor\database.cpp(553): warning C4996: 'sprintf': This function or variable may be unsafe. Consider using sprintf_s instead. To disable deprecation, use _CRT_SECURE_NO_WARNINGS. See online help for details.
                 c:\program files (x86)\microsoft visual studio 10.0\vc\include\stdio.h(371) : see declaration of 'sprintf'
     1>c:\users\f11301bs\dropbox\tony\fyp\working\pro1-finaltest\finaltest\operator\coprocessor-operatorscheduler\coprocessor\database.cpp(555): warning C4996: 'fopen': This function or variable may be unsafe. Consider using fopen_s instead. To disable deprecation, use _CRT_SECURE_NO_WARNINGS. See online help for details.
                 c:\program files (x86)\microsoft visual studio 10.0\vc\include\stdio.h(234) : see declaration of 'fopen'
     1>c:\users\f11301bs\dropbox\tony\fyp\working\pro1-finaltest\finaltest\operator\coprocessor-operatorscheduler\coprocessor\database.cpp(563): warning C4996: 'fscanf': This function or variable may be unsafe. Consider using fscanf_s instead. To disable deprecation, use _CRT_SECURE_NO_WARNINGS. See online help for details.
                 c:\program files (x86)\microsoft visual studio 10.0\vc\include\stdio.h(253) : see declaration of 'fscanf'
     1>c:\users\f11301bs\dropbox\tony\fyp\working\pro1-finaltest\finaltest\operator\coprocessor-operatorscheduler\coprocessor\database.cpp(564): warning C4996: 'fscanf': This function or variable may be unsafe. Consider using fscanf_s instead. To disable deprecation, use _CRT_SECURE_NO_WARNINGS. See online help for details.
                 c:\program files (x86)\microsoft visual studio 10.0\vc\include\stdio.h(253) : see declaration of 'fscanf'
     1>c:\users\f11301bs\dropbox\tony\fyp\working\pro1-finaltest\finaltest\operator\coprocessor-operatorscheduler\coprocessor\database.cpp(565): warning C4996: 'fscanf': This function or variable may be unsafe. Consider using fscanf_s instead. To disable deprecation, use _CRT_SECURE_NO_WARNINGS. See online help for details.
                 c:\program files (x86)\microsoft visual studio 10.0\vc\include\stdio.h(253) : see declaration of 'fscanf'
     1>c:\users\f11301bs\dropbox\tony\fyp\working\pro1-finaltest\finaltest\operator\coprocessor-operatorscheduler\coprocessor\database.cpp(586): warning C4996: 'sprintf': This function or variable may be unsafe. Consider using sprintf_s instead. To disable deprecation, use _CRT_SECURE_NO_WARNINGS. See online help for details.
                 c:\program files (x86)\microsoft visual studio 10.0\vc\include\stdio.h(371) : see declaration of 'sprintf'
     1>c:\users\f11301bs\dropbox\tony\fyp\working\pro1-finaltest\finaltest\operator\coprocessor-operatorscheduler\coprocessor\database.cpp(588): warning C4996: 'fopen': This function or variable may be unsafe. Consider using fopen_s instead. To disable deprecation, use _CRT_SECURE_NO_WARNINGS. See online help for details.
                 c:\program files (x86)\microsoft visual studio 10.0\vc\include\stdio.h(234) : see declaration of 'fopen'
     1>c:\users\f11301bs\dropbox\tony\fyp\working\pro1-finaltest\finaltest\operator\coprocessor-operatorscheduler\coprocessor\database.cpp(596): warning C4996: 'fscanf': This function or variable may be unsafe. Consider using fscanf_s instead. To disable deprecation, use _CRT_SECURE_NO_WARNINGS. See online help for details.
                 c:\program files (x86)\microsoft visual studio 10.0\vc\include\stdio.h(253) : see declaration of 'fscanf'
     1>c:\users\f11301bs\dropbox\tony\fyp\working\pro1-finaltest\finaltest\operator\coprocessor-operatorscheduler\coprocessor\database.cpp(597): warning C4996: 'fscanf': This function or variable may be unsafe. Consider using fscanf_s instead. To disable deprecation, use _CRT_SECURE_NO_WARNINGS. See online help for details.
                 c:\program files (x86)\microsoft visual studio 10.0\vc\include\stdio.h(253) : see declaration of 'fscanf'
     1>c:\users\f11301bs\dropbox\tony\fyp\working\pro1-finaltest\finaltest\operator\coprocessor-operatorscheduler\coprocessor\database.cpp(598): warning C4996: 'fscanf': This function or variable may be unsafe. Consider using fscanf_s instead. To disable deprecation, use _CRT_SECURE_NO_WARNINGS. See online help for details.
                 c:\program files (x86)\microsoft visual studio 10.0\vc\include\stdio.h(253) : see declaration of 'fscanf'
     1>c:\users\f11301bs\dropbox\tony\fyp\working\pro1-finaltest\finaltest\operator\coprocessor-operatorscheduler\coprocessor\database.cpp(549): warning C4101: 't2' : unreferenced local variable
     1>c:\users\f11301bs\dropbox\tony\fyp\working\pro1-finaltest\finaltest\operator\coprocessor-operatorscheduler\coprocessor\database.cpp(549): warning C4101: 't1' : unreferenced local variable
         CoProcessorTest.cpp
     1>c:\users\f11301bs\dropbox\tony\fyp\working\pro1-finaltest\finaltest\operator\coprocessor-operatorscheduler\coprocessor\db.h(42): warning C4005: 'NUM_ENTRY' : macro redefinition
                 c:\users\f11301bs\dropbox\tony\fyp\working\pro1-finaltest\finaltest\operator\coprocessor-operatorscheduler\mylib\linkedlist.h(8) : see previous definition of 'NUM_ENTRY'
     1>c:\users\f11301bs\dropbox\tony\fyp\working\pro1-finaltest\finaltest\operator\coprocessor-operatorscheduler\coprocessor\db.h(52): warning C4005: 'TEST_MAX' : macro redefinition
                 c:\users\f11301bs\dropbox\tony\fyp\working\pro1-finaltest\finaltest\operator\coprocessor-operatorscheduler\mylib\qp_utility.h(20) : see previous definition of 'TEST_MAX'
     1>c:\users\f11301bs\dropbox\tony\fyp\working\pro1-finaltest\finaltest\operator\coprocessor-operatorscheduler\coprocessor\hash.h(43): warning C4996: 'strcpy': This function or variable may be unsafe. Consider using strcpy_s instead. To disable deprecation, use _CRT_SECURE_NO_WARNINGS. See online help for details.
                 c:\program files (x86)\microsoft visual studio 10.0\vc\include\string.h(105) : see declaration of 'strcpy'
     1>c:\users\f11301bs\dropbox\tony\fyp\working\pro1-finaltest\finaltest\operator\coprocessor-operatorscheduler\coprocessor\execstatus.h(58): warning C4996: 'strcpy': This function or variable may be unsafe. Consider using strcpy_s instead. To disable deprecation, use _CRT_SECURE_NO_WARNINGS. See online help for details.
                 c:\program files (x86)\microsoft visual studio 10.0\vc\include\string.h(105) : see declaration of 'strcpy'
     1>c:\users\f11301bs\dropbox\tony\fyp\working\pro1-finaltest\finaltest\operator\coprocessor-operatorscheduler\coprocessor\execstatus.h(231): warning C4101: 'refCount' : unreferenced local variable
     1>c:\users\f11301bs\dropbox\tony\fyp\working\pro1-finaltest\finaltest\operator\coprocessor-operatorscheduler\coprocessor\execstatus.h(230): warning C4101: 'status' : unreferenced local variable
     1>c:\users\f11301bs\dropbox\tony\fyp\working\pro1-finaltest\finaltest\operator\coprocessor-operatorscheduler\coprocessor\coprocessortest.cpp(71): warning C4996: 'sprintf': This function or variable may be unsafe. Consider using sprintf_s instead. To disable deprecation, use _CRT_SECURE_NO_WARNINGS. See online help for details.
                 c:\program files (x86)\microsoft visual studio 10.0\vc\include\stdio.h(371) : see declaration of 'sprintf'
     1>c:\users\f11301bs\dropbox\tony\fyp\working\pro1-finaltest\finaltest\operator\coprocessor-operatorscheduler\coprocessor\coprocessortest.cpp(82): warning C4996: 'sprintf': This function or variable may be unsafe. Consider using sprintf_s instead. To disable deprecation, use _CRT_SECURE_NO_WARNINGS. See online help for details.
                 c:\program files (x86)\microsoft visual studio 10.0\vc\include\stdio.h(371) : see declaration of 'sprintf'
     1>c:\users\f11301bs\dropbox\tony\fyp\working\pro1-finaltest\finaltest\operator\coprocessor-operatorscheduler\coprocessor\coprocessortest.cpp(86): warning C4996: 'sprintf': This function or variable may be unsafe. Consider using sprintf_s instead. To disable deprecation, use _CRT_SECURE_NO_WARNINGS. See online help for details.
                 c:\program files (x86)\microsoft visual studio 10.0\vc\include\stdio.h(371) : see declaration of 'sprintf'
     1>c:\users\f11301bs\dropbox\tony\fyp\working\pro1-finaltest\finaltest\operator\coprocessor-operatorscheduler\coprocessor\coprocessortest.cpp(90): warning C4996: 'sprintf': This function or variable may be unsafe. Consider using sprintf_s instead. To disable deprecation, use _CRT_SECURE_NO_WARNINGS. See online help for details.
                 c:\program files (x86)\microsoft visual studio 10.0\vc\include\stdio.h(371) : see declaration of 'sprintf'
     1>c:\users\f11301bs\dropbox\tony\fyp\working\pro1-finaltest\finaltest\operator\coprocessor-operatorscheduler\coprocessor\coprocessortest.cpp(96): warning C4996: 'sprintf': This function or variable may be unsafe. Consider using sprintf_s instead. To disable deprecation, use _CRT_SECURE_NO_WARNINGS. See online help for details.
                 c:\program files (x86)\microsoft visual studio 10.0\vc\include\stdio.h(371) : see declaration of 'sprintf'
     1>c:\users\f11301bs\dropbox\tony\fyp\working\pro1-finaltest\finaltest\operator\coprocessor-operatorscheduler\coprocessor\coprocessortest.cpp(116): warning C4996: 'sprintf': This function or variable may be unsafe. Consider using sprintf_s instead. To disable deprecation, use _CRT_SECURE_NO_WARNINGS. See online help for details.
                 c:\program files (x86)\microsoft visual studio 10.0\vc\include\stdio.h(371) : see declaration of 'sprintf'
     1>c:\users\f11301bs\dropbox\tony\fyp\working\pro1-finaltest\finaltest\operator\coprocessor-operatorscheduler\coprocessor\coprocessortest.cpp(121): warning C4996: 'sprintf': This function or variable may be unsafe. Consider using sprintf_s instead. To disable deprecation, use _CRT_SECURE_NO_WARNINGS. See online help for details.
                 c:\program files (x86)\microsoft visual studio 10.0\vc\include\stdio.h(371) : see declaration of 'sprintf'
     1>c:\users\f11301bs\dropbox\tony\fyp\working\pro1-finaltest\finaltest\operator\coprocessor-operatorscheduler\coprocessor\coprocessortest.cpp(125): warning C4996: 'sprintf': This function or variable may be unsafe. Consider using sprintf_s instead. To disable deprecation, use _CRT_SECURE_NO_WARNINGS. See online help for details.
                 c:\program files (x86)\microsoft visual studio 10.0\vc\include\stdio.h(371) : see declaration of 'sprintf'
     1>c:\users\f11301bs\dropbox\tony\fyp\working\pro1-finaltest\finaltest\operator\coprocessor-operatorscheduler\coprocessor\coprocessortest.cpp(129): warning C4996: 'sprintf': This function or variable may be unsafe. Consider using sprintf_s instead. To disable deprecation, use _CRT_SECURE_NO_WARNINGS. See online help for details.
                 c:\program files (x86)\microsoft visual studio 10.0\vc\include\stdio.h(371) : see declaration of 'sprintf'
     1>c:\users\f11301bs\dropbox\tony\fyp\working\pro1-finaltest\finaltest\operator\coprocessor-operatorscheduler\coprocessor\coprocessortest.cpp(138): warning C4996: 'sprintf': This function or variable may be unsafe. Consider using sprintf_s instead. To disable deprecation, use _CRT_SECURE_NO_WARNINGS. See online help for details.
                 c:\program files (x86)\microsoft visual studio 10.0\vc\include\stdio.h(371) : see declaration of 'sprintf'
     1>c:\users\f11301bs\dropbox\tony\fyp\working\pro1-finaltest\finaltest\operator\coprocessor-operatorscheduler\coprocessor\coprocessortest.cpp(147): warning C4996: 'sprintf': This function or variable may be unsafe. Consider using sprintf_s instead. To disable deprecation, use _CRT_SECURE_NO_WARNINGS. See online help for details.
                 c:\program files (x86)\microsoft visual studio 10.0\vc\include\stdio.h(371) : see declaration of 'sprintf'
     1>c:\users\f11301bs\dropbox\tony\fyp\working\pro1-finaltest\finaltest\operator\coprocessor-operatorscheduler\coprocessor\coprocessortest.cpp(157): warning C4996: 'sprintf': This function or variable may be unsafe. Consider using sprintf_s instead. To disable deprecation, use _CRT_SECURE_NO_WARNINGS. See online help for details.
                 c:\program files (x86)\microsoft visual studio 10.0\vc\include\stdio.h(371) : see declaration of 'sprintf'
         BinaryThreadOp.cpp
     1>c:\users\f11301bs\dropbox\tony\fyp\working\pro1-finaltest\finaltest\operator\coprocessor-operatorscheduler\coprocessor\db.h(42): warning C4005: 'NUM_ENTRY' : macro redefinition
                 c:\users\f11301bs\dropbox\tony\fyp\working\pro1-finaltest\finaltest\operator\coprocessor-operatorscheduler\mylib\linkedlist.h(8) : see previous definition of 'NUM_ENTRY'
     1>c:\users\f11301bs\dropbox\tony\fyp\working\pro1-finaltest\finaltest\operator\coprocessor-operatorscheduler\coprocessor\db.h(52): warning C4005: 'TEST_MAX' : macro redefinition
                 c:\users\f11301bs\dropbox\tony\fyp\working\pro1-finaltest\finaltest\operator\coprocessor-operatorscheduler\mylib\qp_utility.h(20) : see previous definition of 'TEST_MAX'
         Generating Code...
     1>c:\users\f11301bs\dropbox\tony\fyp\working\pro1-finaltest\finaltest\operator\coprocessor-operatorscheduler\coprocessor\coprocessortest.cpp(324): warning C4715: 'OpToString' : not all control paths return a value
     1>c:\users\f11301bs\dropbox\tony\fyp\working\pro1-finaltest\finaltest\operator\coprocessor-operatorscheduler\coprocessor\execstatus.h(111): warning C4700: uninitialized local variable 'Rout' used
       ManifestResourceCompile:
         All outputs are up-to-date.
       Link:
         c:\Program Files (x86)\Microsoft Visual Studio 10.0\VC\bin\link.exe /ERRORREPORT:PROMPT /OUT:"C:\Users\f11301bs\Dropbox\TONY\FYP\Working\Pro1-FinalTest\FinalTest\Operator\CoProcessor-OperatorScheduler\Debug\CoProcessor.exe" /INCREMENTAL /NOLOGO /LIBPATH:..\TonyLib /LIBPATH:..\MyLib /LIBPATH:"C:\Program Files (x86)\AMD APP\\lib\x86" /LIBPATH:"C:\Users\f11301bs\Documents\AMD APP\\lib\x86" /LIBPATH:"C:\Users\f11301bs\Documents\AMD APP\\TempSDKUtil\lib\debug\x86" /LIBPATH:"C:\Program Files (x86)\AMD APP\\lib\x86" /LIBPATH:"C:\Users\f11301bs\Documents\AMD APP\\lib\x86" /LIBPATH:"C:\Users\f11301bs\Documents\AMD APP\\TempSDKUtil\lib\debug\x86" DLL_OpenCL.lib OpenCL.lib kernel32.lib user32.lib gdi32.lib winspool.lib comdlg32.lib advapi32.lib shell32.lib ole32.lib oleaut32.lib uuid.lib odbc32.lib odbccp32.lib /MANIFEST /ManifestFile:"Debug\CoProcessor.exe.intermediate.manifest" /MANIFESTUAC:"level='asInvoker' uiAccess='false'" /DEBUG /PDB:"C:\Users\f11301bs\Dropbox\TONY\FYP\Working\Pro1-FinalTest\FinalTest\Operator\CoProcessor-OperatorScheduler\Debug\CoProcessor.pdb" /SUBSYSTEM:CONSOLE /TLBID:1 /DYNAMICBASE /NXCOMPAT /IMPLIB:"C:\Users\f11301bs\Dropbox\TONY\FYP\Working\Pro1-FinalTest\FinalTest\Operator\CoProcessor-OperatorScheduler\Debug\CoProcessor.lib" /MACHINE:X86 Debug\CoProcessor.exe.embed.manifest.res
         Debug\BinaryThreadOp.obj
         Debug\CoProcessorApp.obj
         Debug\CoProcessorTest.obj
         Debug\Database.obj
         Debug\db.obj
         Debug\DynamicQueryProcessor.obj
         Debug\GroupByThreadOp.obj
         Debug\HandShaking.obj
         Debug\PredicateTree.obj
         Debug\QP_Utility.obj
         Debug\QueryPlanNode.obj
         Debug\QueryPlanTree.obj
         Debug\Scheduler.obj
         Debug\SDKCommmon.obj
         Debug\SingularThreadOp.obj
         Debug\SortThreadOp.obj
         Debug\ThreadOp.obj
         Debug\UInterface.obj
            Creating library C:\Users\f11301bs\Dropbox\TONY\FYP\Working\Pro1-FinalTest\FinalTest\Operator\CoProcessor-OperatorScheduler\Debug\CoProcessor.lib and object C:\Users\f11301bs\Dropbox\TONY\FYP\Working\Pro1-FinalTest\FinalTest\Operator\CoProcessor-OperatorScheduler\Debug\CoProcessor.exp
       Manifest:
         C:\Program Files (x86)\Microsoft SDKs\Windows\v7.0A\bin\mt.exe /nologo /verbose /out:"Debug\CoProcessor.exe.embed.manifest" /manifest Debug\CoProcessor.exe.intermediate.manifest
         All outputs are up-to-date.
       LinkEmbedManifest:
         All outputs are up-to-date.
         CoProcessor.vcxproj -> C:\Users\f11301bs\Dropbox\TONY\FYP\Working\Pro1-FinalTest\FinalTest\Operator\CoProcessor-OperatorScheduler\Debug\CoProcessor.exe
       FinalizeBuildStatus:
         Deleting file "Debug\CoProcessor.unsuccessfulbuild".
         Touching "Debug\CoProcessor.lastbuildstate".
     1>Done Building Project "C:\Users\f11301bs\Dropbox\TONY\FYP\Working\Pro1-FinalTest\FinalTest\Operator\CoProcessor-OperatorScheduler\CoProcessor\CoProcessor.vcxproj" (build target(s)).

Build succeeded.

Time Elapsed 00:00:10.82
